21:22:22 INFO  : Registering command handlers for Vitis TCF services
21:22:22 INFO  : Launching XSCT server: xsct.bat -n  -interactive C:\Users\david_davis1\Box\SoC\ClassReports\SoC\Final_Project\FPWorkspace\temp_xsdb_launch_script.tcl
21:22:22 INFO  : Platform repository initialization has completed.
21:22:25 INFO  : XSCT server has started successfully.
21:22:27 INFO  : Successfully done setting XSCT server connection channel  
21:22:27 INFO  : plnx-install-location is set to ''
21:22:27 INFO  : Successfully done query RDI_DATADIR 
21:22:27 INFO  : Successfully done setting workspace for the tool. 
21:23:03 INFO  : Result from executing command 'getProjects': Final_Project
21:23:03 INFO  : Result from executing command 'getPlatforms': 
21:26:57 INFO  : Result from executing command 'getProjects': Final_Project
21:26:57 INFO  : Result from executing command 'getPlatforms': Final_Project|C:/Users/david_davis1/Box/SoC/ClassReports/SoC/Final_Project/FPWorkspace/Final_Project/export/Final_Project/Final_Project.xpfm
21:26:58 INFO  : Checking for BSP changes to sync application flags for project 'Final_Projectapp'...
21:27:25 INFO  : Checking for BSP changes to sync application flags for project 'Final_Projectapp'...
21:27:49 INFO  : Checking for BSP changes to sync application flags for project 'Final_Projectapp'...
21:28:15 INFO  : Bit file 'C:/Users/david_davis1/Box/SoC/ClassReports/SoC/Final_Project/FPWorkspace/Final_Projectapp/_ide/bitstream/download.bit' is generated.
21:28:18 INFO  : Connected to target on host '127.0.0.1' and port '3121'.
21:28:20 INFO  : 'targets -set -filter {jtag_cable_name =~ "Digilent Nexys4DDR 210292A4BA3EA" && level==0 && jtag_device_ctx=="jsn-Nexys4DDR-210292A4BA3EA-13631093-0"}' command is executed.
21:28:21 INFO  : Device configured successfully with "C:/Users/david_davis1/Box/SoC/ClassReports/SoC/Final_Project/FPWorkspace/Final_Projectapp/_ide/bitstream/download.bit"
21:30:16 INFO  : Checking for BSP changes to sync application flags for project 'Final_Projectapp'...
21:30:36 INFO  : Bit file 'C:/Users/david_davis1/Box/SoC/ClassReports/SoC/Final_Project/FPWorkspace/Final_Projectapp/_ide/bitstream/download.bit' is generated.
21:30:36 INFO  : Connected to target on host '127.0.0.1' and port '3121'.
21:30:36 INFO  : 'targets -set -filter {jtag_cable_name =~ "Digilent Nexys4DDR 210292A4BA3EA" && level==0 && jtag_device_ctx=="jsn-Nexys4DDR-210292A4BA3EA-13631093-0"}' command is executed.
21:30:37 INFO  : Device configured successfully with "C:/Users/david_davis1/Box/SoC/ClassReports/SoC/Final_Project/FPWorkspace/Final_Projectapp/_ide/bitstream/download.bit"
21:35:37 INFO  : Checking for BSP changes to sync application flags for project 'Final_Projectapp'...
21:35:58 INFO  : Bit file 'C:/Users/david_davis1/Box/SoC/ClassReports/SoC/Final_Project/FPWorkspace/Final_Projectapp/_ide/bitstream/download.bit' is generated.
21:35:58 INFO  : Connected to target on host '127.0.0.1' and port '3121'.
21:35:58 INFO  : 'targets -set -filter {jtag_cable_name =~ "Digilent Nexys4DDR 210292A4BA3EA" && level==0 && jtag_device_ctx=="jsn-Nexys4DDR-210292A4BA3EA-13631093-0"}' command is executed.
21:35:59 INFO  : Device configured successfully with "C:/Users/david_davis1/Box/SoC/ClassReports/SoC/Final_Project/FPWorkspace/Final_Projectapp/_ide/bitstream/download.bit"
21:37:16 INFO  : Checking for BSP changes to sync application flags for project 'Final_Projectapp'...
21:37:37 INFO  : Bit file 'C:/Users/david_davis1/Box/SoC/ClassReports/SoC/Final_Project/FPWorkspace/Final_Projectapp/_ide/bitstream/download.bit' is generated.
21:37:37 INFO  : Connected to target on host '127.0.0.1' and port '3121'.
21:37:37 INFO  : 'targets -set -filter {jtag_cable_name =~ "Digilent Nexys4DDR 210292A4BA3EA" && level==0 && jtag_device_ctx=="jsn-Nexys4DDR-210292A4BA3EA-13631093-0"}' command is executed.
21:37:37 INFO  : Device configured successfully with "C:/Users/david_davis1/Box/SoC/ClassReports/SoC/Final_Project/FPWorkspace/Final_Projectapp/_ide/bitstream/download.bit"
21:38:46 INFO  : Checking for BSP changes to sync application flags for project 'Final_Projectapp'...
21:39:06 INFO  : Bit file 'C:/Users/david_davis1/Box/SoC/ClassReports/SoC/Final_Project/FPWorkspace/Final_Projectapp/_ide/bitstream/download.bit' is generated.
21:39:06 INFO  : Connected to target on host '127.0.0.1' and port '3121'.
21:39:06 INFO  : 'targets -set -filter {jtag_cable_name =~ "Digilent Nexys4DDR 210292A4BA3EA" && level==0 && jtag_device_ctx=="jsn-Nexys4DDR-210292A4BA3EA-13631093-0"}' command is executed.
21:39:07 INFO  : Device configured successfully with "C:/Users/david_davis1/Box/SoC/ClassReports/SoC/Final_Project/FPWorkspace/Final_Projectapp/_ide/bitstream/download.bit"
21:43:29 INFO  : Checking for BSP changes to sync application flags for project 'Final_Projectapp'...
21:43:49 INFO  : Bit file 'C:/Users/david_davis1/Box/SoC/ClassReports/SoC/Final_Project/FPWorkspace/Final_Projectapp/_ide/bitstream/download.bit' is generated.
21:43:49 INFO  : Connected to target on host '127.0.0.1' and port '3121'.
21:43:49 INFO  : 'targets -set -filter {jtag_cable_name =~ "Digilent Nexys4DDR 210292A4BA3EA" && level==0 && jtag_device_ctx=="jsn-Nexys4DDR-210292A4BA3EA-13631093-0"}' command is executed.
21:43:50 INFO  : Device configured successfully with "C:/Users/david_davis1/Box/SoC/ClassReports/SoC/Final_Project/FPWorkspace/Final_Projectapp/_ide/bitstream/download.bit"
21:49:16 INFO  : Checking for BSP changes to sync application flags for project 'Final_Projectapp'...
21:49:27 INFO  : Checking for BSP changes to sync application flags for project 'Final_Projectapp'...
21:49:47 INFO  : Bit file 'C:/Users/david_davis1/Box/SoC/ClassReports/SoC/Final_Project/FPWorkspace/Final_Projectapp/_ide/bitstream/download.bit' is generated.
21:49:47 INFO  : Connected to target on host '127.0.0.1' and port '3121'.
21:49:47 INFO  : 'targets -set -filter {jtag_cable_name =~ "Digilent Nexys4DDR 210292A4BA3EA" && level==0 && jtag_device_ctx=="jsn-Nexys4DDR-210292A4BA3EA-13631093-0"}' command is executed.
21:49:48 INFO  : Device configured successfully with "C:/Users/david_davis1/Box/SoC/ClassReports/SoC/Final_Project/FPWorkspace/Final_Projectapp/_ide/bitstream/download.bit"
21:55:12 INFO  : Checking for BSP changes to sync application flags for project 'Final_Projectapp'...
21:55:31 INFO  : Bit file 'C:/Users/david_davis1/Box/SoC/ClassReports/SoC/Final_Project/FPWorkspace/Final_Projectapp/_ide/bitstream/download.bit' is generated.
21:55:31 INFO  : Connected to target on host '127.0.0.1' and port '3121'.
21:55:31 INFO  : 'targets -set -filter {jtag_cable_name =~ "Digilent Nexys4DDR 210292A4BA3EA" && level==0 && jtag_device_ctx=="jsn-Nexys4DDR-210292A4BA3EA-13631093-0"}' command is executed.
21:55:32 INFO  : Device configured successfully with "C:/Users/david_davis1/Box/SoC/ClassReports/SoC/Final_Project/FPWorkspace/Final_Projectapp/_ide/bitstream/download.bit"
21:56:56 INFO  : Checking for BSP changes to sync application flags for project 'Final_Projectapp'...
21:57:16 INFO  : Bit file 'C:/Users/david_davis1/Box/SoC/ClassReports/SoC/Final_Project/FPWorkspace/Final_Projectapp/_ide/bitstream/download.bit' is generated.
21:57:16 INFO  : Connected to target on host '127.0.0.1' and port '3121'.
21:57:16 INFO  : 'targets -set -filter {jtag_cable_name =~ "Digilent Nexys4DDR 210292A4BA3EA" && level==0 && jtag_device_ctx=="jsn-Nexys4DDR-210292A4BA3EA-13631093-0"}' command is executed.
21:57:16 INFO  : Device configured successfully with "C:/Users/david_davis1/Box/SoC/ClassReports/SoC/Final_Project/FPWorkspace/Final_Projectapp/_ide/bitstream/download.bit"
21:58:53 INFO  : Checking for BSP changes to sync application flags for project 'Final_Projectapp'...
21:59:14 INFO  : Bit file 'C:/Users/david_davis1/Box/SoC/ClassReports/SoC/Final_Project/FPWorkspace/Final_Projectapp/_ide/bitstream/download.bit' is generated.
21:59:14 INFO  : Connected to target on host '127.0.0.1' and port '3121'.
21:59:14 INFO  : 'targets -set -filter {jtag_cable_name =~ "Digilent Nexys4DDR 210292A4BA3EA" && level==0 && jtag_device_ctx=="jsn-Nexys4DDR-210292A4BA3EA-13631093-0"}' command is executed.
21:59:15 INFO  : Device configured successfully with "C:/Users/david_davis1/Box/SoC/ClassReports/SoC/Final_Project/FPWorkspace/Final_Projectapp/_ide/bitstream/download.bit"
22:20:11 INFO  : Checking for BSP changes to sync application flags for project 'Final_Projectapp'...
22:21:41 INFO  : Checking for BSP changes to sync application flags for project 'Final_Projectapp'...
22:21:54 INFO  : Checking for BSP changes to sync application flags for project 'Final_Projectapp'...
22:22:16 INFO  : Bit file 'C:/Users/david_davis1/Box/SoC/ClassReports/SoC/Final_Project/FPWorkspace/Final_Projectapp/_ide/bitstream/download.bit' is generated.
22:22:16 INFO  : Connected to target on host '127.0.0.1' and port '3121'.
22:22:16 INFO  : 'targets -set -filter {jtag_cable_name =~ "Digilent Nexys4DDR 210292A4BA3EA" && level==0 && jtag_device_ctx=="jsn-Nexys4DDR-210292A4BA3EA-13631093-0"}' command is executed.
22:22:16 INFO  : Device configured successfully with "C:/Users/david_davis1/Box/SoC/ClassReports/SoC/Final_Project/FPWorkspace/Final_Projectapp/_ide/bitstream/download.bit"
22:22:31 INFO  : Checking for BSP changes to sync application flags for project 'Final_Projectapp'...
22:22:53 INFO  : Bit file 'C:/Users/david_davis1/Box/SoC/ClassReports/SoC/Final_Project/FPWorkspace/Final_Projectapp/_ide/bitstream/download.bit' is generated.
22:22:53 INFO  : Connected to target on host '127.0.0.1' and port '3121'.
22:22:54 INFO  : 'targets -set -filter {jtag_cable_name =~ "Digilent Nexys4DDR 210292A4BA3EA" && level==0 && jtag_device_ctx=="jsn-Nexys4DDR-210292A4BA3EA-13631093-0"}' command is executed.
22:22:54 INFO  : Device configured successfully with "C:/Users/david_davis1/Box/SoC/ClassReports/SoC/Final_Project/FPWorkspace/Final_Projectapp/_ide/bitstream/download.bit"
22:33:23 INFO  : Checking for BSP changes to sync application flags for project 'Final_Projectapp'...
22:33:45 INFO  : Bit file 'C:/Users/david_davis1/Box/SoC/ClassReports/SoC/Final_Project/FPWorkspace/Final_Projectapp/_ide/bitstream/download.bit' is generated.
22:33:45 INFO  : Connected to target on host '127.0.0.1' and port '3121'.
22:33:45 INFO  : 'targets -set -filter {jtag_cable_name =~ "Digilent Nexys4DDR 210292A4BA3EA" && level==0 && jtag_device_ctx=="jsn-Nexys4DDR-210292A4BA3EA-13631093-0"}' command is executed.
22:33:46 INFO  : Device configured successfully with "C:/Users/david_davis1/Box/SoC/ClassReports/SoC/Final_Project/FPWorkspace/Final_Projectapp/_ide/bitstream/download.bit"
22:35:11 INFO  : Checking for BSP changes to sync application flags for project 'Final_Projectapp'...
22:36:32 INFO  : Checking for BSP changes to sync application flags for project 'Final_Projectapp'...
22:37:22 INFO  : Checking for BSP changes to sync application flags for project 'Final_Projectapp'...
22:37:42 INFO  : Bit file 'C:/Users/david_davis1/Box/SoC/ClassReports/SoC/Final_Project/FPWorkspace/Final_Projectapp/_ide/bitstream/download.bit' is generated.
22:37:42 INFO  : Connected to target on host '127.0.0.1' and port '3121'.
22:37:42 INFO  : 'targets -set -filter {jtag_cable_name =~ "Digilent Nexys4DDR 210292A4BA3EA" && level==0 && jtag_device_ctx=="jsn-Nexys4DDR-210292A4BA3EA-13631093-0"}' command is executed.
22:37:42 INFO  : Device configured successfully with "C:/Users/david_davis1/Box/SoC/ClassReports/SoC/Final_Project/FPWorkspace/Final_Projectapp/_ide/bitstream/download.bit"
22:38:49 INFO  : Checking for BSP changes to sync application flags for project 'Final_Projectapp'...
22:42:47 INFO  : Checking for BSP changes to sync application flags for project 'Final_Projectapp'...
22:43:06 INFO  : Bit file 'C:/Users/david_davis1/Box/SoC/ClassReports/SoC/Final_Project/FPWorkspace/Final_Projectapp/_ide/bitstream/download.bit' is generated.
22:43:06 INFO  : Connected to target on host '127.0.0.1' and port '3121'.
22:43:06 INFO  : 'targets -set -filter {jtag_cable_name =~ "Digilent Nexys4DDR 210292A4BA3EA" && level==0 && jtag_device_ctx=="jsn-Nexys4DDR-210292A4BA3EA-13631093-0"}' command is executed.
22:43:06 INFO  : Device configured successfully with "C:/Users/david_davis1/Box/SoC/ClassReports/SoC/Final_Project/FPWorkspace/Final_Projectapp/_ide/bitstream/download.bit"
22:44:55 INFO  : Checking for BSP changes to sync application flags for project 'Final_Projectapp'...
22:45:13 INFO  : Bit file 'C:/Users/david_davis1/Box/SoC/ClassReports/SoC/Final_Project/FPWorkspace/Final_Projectapp/_ide/bitstream/download.bit' is generated.
22:45:13 INFO  : Connected to target on host '127.0.0.1' and port '3121'.
22:45:14 INFO  : 'targets -set -filter {jtag_cable_name =~ "Digilent Nexys4DDR 210292A4BA3EA" && level==0 && jtag_device_ctx=="jsn-Nexys4DDR-210292A4BA3EA-13631093-0"}' command is executed.
22:45:14 INFO  : Device configured successfully with "C:/Users/david_davis1/Box/SoC/ClassReports/SoC/Final_Project/FPWorkspace/Final_Projectapp/_ide/bitstream/download.bit"
22:48:37 INFO  : Checking for BSP changes to sync application flags for project 'Final_Projectapp'...
22:49:01 INFO  : Bit file 'C:/Users/david_davis1/Box/SoC/ClassReports/SoC/Final_Project/FPWorkspace/Final_Projectapp/_ide/bitstream/download.bit' is generated.
22:49:01 INFO  : Connected to target on host '127.0.0.1' and port '3121'.
22:49:01 INFO  : 'targets -set -filter {jtag_cable_name =~ "Digilent Nexys4DDR 210292A4BA3EA" && level==0 && jtag_device_ctx=="jsn-Nexys4DDR-210292A4BA3EA-13631093-0"}' command is executed.
22:49:01 INFO  : Device configured successfully with "C:/Users/david_davis1/Box/SoC/ClassReports/SoC/Final_Project/FPWorkspace/Final_Projectapp/_ide/bitstream/download.bit"
22:53:37 INFO  : Checking for BSP changes to sync application flags for project 'Final_Projectapp'...
22:53:56 INFO  : Bit file 'C:/Users/david_davis1/Box/SoC/ClassReports/SoC/Final_Project/FPWorkspace/Final_Projectapp/_ide/bitstream/download.bit' is generated.
22:53:56 INFO  : Connected to target on host '127.0.0.1' and port '3121'.
22:53:56 INFO  : 'targets -set -filter {jtag_cable_name =~ "Digilent Nexys4DDR 210292A4BA3EA" && level==0 && jtag_device_ctx=="jsn-Nexys4DDR-210292A4BA3EA-13631093-0"}' command is executed.
22:53:57 INFO  : Device configured successfully with "C:/Users/david_davis1/Box/SoC/ClassReports/SoC/Final_Project/FPWorkspace/Final_Projectapp/_ide/bitstream/download.bit"
22:56:35 INFO  : Checking for BSP changes to sync application flags for project 'Final_Projectapp'...
22:56:56 INFO  : Bit file 'C:/Users/david_davis1/Box/SoC/ClassReports/SoC/Final_Project/FPWorkspace/Final_Projectapp/_ide/bitstream/download.bit' is generated.
22:56:56 INFO  : Connected to target on host '127.0.0.1' and port '3121'.
22:56:56 INFO  : 'targets -set -filter {jtag_cable_name =~ "Digilent Nexys4DDR 210292A4BA3EA" && level==0 && jtag_device_ctx=="jsn-Nexys4DDR-210292A4BA3EA-13631093-0"}' command is executed.
22:56:57 INFO  : Device configured successfully with "C:/Users/david_davis1/Box/SoC/ClassReports/SoC/Final_Project/FPWorkspace/Final_Projectapp/_ide/bitstream/download.bit"
22:57:18 INFO  : Checking for BSP changes to sync application flags for project 'Final_Projectapp'...
22:58:23 INFO  : Checking for BSP changes to sync application flags for project 'Final_Projectapp'...
22:58:41 INFO  : Bit file 'C:/Users/david_davis1/Box/SoC/ClassReports/SoC/Final_Project/FPWorkspace/Final_Projectapp/_ide/bitstream/download.bit' is generated.
22:58:41 INFO  : Connected to target on host '127.0.0.1' and port '3121'.
22:58:41 INFO  : 'targets -set -filter {jtag_cable_name =~ "Digilent Nexys4DDR 210292A4BA3EA" && level==0 && jtag_device_ctx=="jsn-Nexys4DDR-210292A4BA3EA-13631093-0"}' command is executed.
22:58:42 INFO  : Device configured successfully with "C:/Users/david_davis1/Box/SoC/ClassReports/SoC/Final_Project/FPWorkspace/Final_Projectapp/_ide/bitstream/download.bit"
22:59:48 INFO  : Checking for BSP changes to sync application flags for project 'Final_Projectapp'...
23:00:07 INFO  : Bit file 'C:/Users/david_davis1/Box/SoC/ClassReports/SoC/Final_Project/FPWorkspace/Final_Projectapp/_ide/bitstream/download.bit' is generated.
23:00:07 INFO  : Connected to target on host '127.0.0.1' and port '3121'.
23:00:07 INFO  : 'targets -set -filter {jtag_cable_name =~ "Digilent Nexys4DDR 210292A4BA3EA" && level==0 && jtag_device_ctx=="jsn-Nexys4DDR-210292A4BA3EA-13631093-0"}' command is executed.
23:00:08 INFO  : Device configured successfully with "C:/Users/david_davis1/Box/SoC/ClassReports/SoC/Final_Project/FPWorkspace/Final_Projectapp/_ide/bitstream/download.bit"
23:09:32 INFO  : Checking for BSP changes to sync application flags for project 'Final_Projectapp'...
23:09:50 INFO  : Checking for BSP changes to sync application flags for project 'Final_Projectapp'...
23:10:33 INFO  : Checking for BSP changes to sync application flags for project 'Final_Projectapp'...
23:10:55 INFO  : Bit file 'C:/Users/david_davis1/Box/SoC/ClassReports/SoC/Final_Project/FPWorkspace/Final_Projectapp/_ide/bitstream/download.bit' is generated.
23:10:55 INFO  : Connected to target on host '127.0.0.1' and port '3121'.
23:10:55 INFO  : 'targets -set -filter {jtag_cable_name =~ "Digilent Nexys4DDR 210292A4BA3EA" && level==0 && jtag_device_ctx=="jsn-Nexys4DDR-210292A4BA3EA-13631093-0"}' command is executed.
23:10:55 INFO  : Device configured successfully with "C:/Users/david_davis1/Box/SoC/ClassReports/SoC/Final_Project/FPWorkspace/Final_Projectapp/_ide/bitstream/download.bit"
23:13:32 INFO  : Checking for BSP changes to sync application flags for project 'Final_Projectapp'...
23:14:09 INFO  : Checking for BSP changes to sync application flags for project 'Final_Projectapp'...
23:14:28 INFO  : Bit file 'C:/Users/david_davis1/Box/SoC/ClassReports/SoC/Final_Project/FPWorkspace/Final_Projectapp/_ide/bitstream/download.bit' is generated.
23:14:28 INFO  : Connected to target on host '127.0.0.1' and port '3121'.
23:14:29 INFO  : 'targets -set -filter {jtag_cable_name =~ "Digilent Nexys4DDR 210292A4BA3EA" && level==0 && jtag_device_ctx=="jsn-Nexys4DDR-210292A4BA3EA-13631093-0"}' command is executed.
23:14:29 INFO  : Device configured successfully with "C:/Users/david_davis1/Box/SoC/ClassReports/SoC/Final_Project/FPWorkspace/Final_Projectapp/_ide/bitstream/download.bit"
23:16:31 INFO  : Checking for BSP changes to sync application flags for project 'Final_Projectapp'...
23:16:50 INFO  : Bit file 'C:/Users/david_davis1/Box/SoC/ClassReports/SoC/Final_Project/FPWorkspace/Final_Projectapp/_ide/bitstream/download.bit' is generated.
23:16:50 INFO  : Connected to target on host '127.0.0.1' and port '3121'.
23:16:50 INFO  : 'targets -set -filter {jtag_cable_name =~ "Digilent Nexys4DDR 210292A4BA3EA" && level==0 && jtag_device_ctx=="jsn-Nexys4DDR-210292A4BA3EA-13631093-0"}' command is executed.
23:16:51 INFO  : Device configured successfully with "C:/Users/david_davis1/Box/SoC/ClassReports/SoC/Final_Project/FPWorkspace/Final_Projectapp/_ide/bitstream/download.bit"
23:20:14 INFO  : Checking for BSP changes to sync application flags for project 'Final_Projectapp'...
23:21:10 INFO  : Checking for BSP changes to sync application flags for project 'Final_Projectapp'...
23:21:27 INFO  : Bit file 'C:/Users/david_davis1/Box/SoC/ClassReports/SoC/Final_Project/FPWorkspace/Final_Projectapp/_ide/bitstream/download.bit' is generated.
23:21:27 INFO  : Connected to target on host '127.0.0.1' and port '3121'.
23:21:27 INFO  : 'targets -set -filter {jtag_cable_name =~ "Digilent Nexys4DDR 210292A4BA3EA" && level==0 && jtag_device_ctx=="jsn-Nexys4DDR-210292A4BA3EA-13631093-0"}' command is executed.
23:21:28 INFO  : Device configured successfully with "C:/Users/david_davis1/Box/SoC/ClassReports/SoC/Final_Project/FPWorkspace/Final_Projectapp/_ide/bitstream/download.bit"
23:22:42 INFO  : Checking for BSP changes to sync application flags for project 'Final_Projectapp'...
23:23:07 INFO  : Bit file 'C:/Users/david_davis1/Box/SoC/ClassReports/SoC/Final_Project/FPWorkspace/Final_Projectapp/_ide/bitstream/download.bit' is generated.
23:23:07 INFO  : Connected to target on host '127.0.0.1' and port '3121'.
23:23:07 INFO  : 'targets -set -filter {jtag_cable_name =~ "Digilent Nexys4DDR 210292A4BA3EA" && level==0 && jtag_device_ctx=="jsn-Nexys4DDR-210292A4BA3EA-13631093-0"}' command is executed.
23:23:08 INFO  : Device configured successfully with "C:/Users/david_davis1/Box/SoC/ClassReports/SoC/Final_Project/FPWorkspace/Final_Projectapp/_ide/bitstream/download.bit"
23:25:18 INFO  : Checking for BSP changes to sync application flags for project 'Final_Projectapp'...
23:25:37 INFO  : Bit file 'C:/Users/david_davis1/Box/SoC/ClassReports/SoC/Final_Project/FPWorkspace/Final_Projectapp/_ide/bitstream/download.bit' is generated.
23:25:37 INFO  : Connected to target on host '127.0.0.1' and port '3121'.
23:25:37 INFO  : 'targets -set -filter {jtag_cable_name =~ "Digilent Nexys4DDR 210292A4BA3EA" && level==0 && jtag_device_ctx=="jsn-Nexys4DDR-210292A4BA3EA-13631093-0"}' command is executed.
23:25:37 INFO  : Device configured successfully with "C:/Users/david_davis1/Box/SoC/ClassReports/SoC/Final_Project/FPWorkspace/Final_Projectapp/_ide/bitstream/download.bit"
23:28:43 INFO  : Checking for BSP changes to sync application flags for project 'Final_Projectapp'...
23:29:05 INFO  : Bit file 'C:/Users/david_davis1/Box/SoC/ClassReports/SoC/Final_Project/FPWorkspace/Final_Projectapp/_ide/bitstream/download.bit' is generated.
23:29:05 INFO  : Connected to target on host '127.0.0.1' and port '3121'.
23:29:05 INFO  : 'targets -set -filter {jtag_cable_name =~ "Digilent Nexys4DDR 210292A4BA3EA" && level==0 && jtag_device_ctx=="jsn-Nexys4DDR-210292A4BA3EA-13631093-0"}' command is executed.
23:29:05 INFO  : Device configured successfully with "C:/Users/david_davis1/Box/SoC/ClassReports/SoC/Final_Project/FPWorkspace/Final_Projectapp/_ide/bitstream/download.bit"
23:30:22 INFO  : Checking for BSP changes to sync application flags for project 'Final_Projectapp'...
23:30:41 INFO  : Bit file 'C:/Users/david_davis1/Box/SoC/ClassReports/SoC/Final_Project/FPWorkspace/Final_Projectapp/_ide/bitstream/download.bit' is generated.
23:30:41 INFO  : Connected to target on host '127.0.0.1' and port '3121'.
23:30:41 INFO  : 'targets -set -filter {jtag_cable_name =~ "Digilent Nexys4DDR 210292A4BA3EA" && level==0 && jtag_device_ctx=="jsn-Nexys4DDR-210292A4BA3EA-13631093-0"}' command is executed.
23:30:42 INFO  : Device configured successfully with "C:/Users/david_davis1/Box/SoC/ClassReports/SoC/Final_Project/FPWorkspace/Final_Projectapp/_ide/bitstream/download.bit"
23:32:05 INFO  : Checking for BSP changes to sync application flags for project 'Final_Projectapp'...
23:32:26 INFO  : Bit file 'C:/Users/david_davis1/Box/SoC/ClassReports/SoC/Final_Project/FPWorkspace/Final_Projectapp/_ide/bitstream/download.bit' is generated.
23:32:26 INFO  : Connected to target on host '127.0.0.1' and port '3121'.
23:32:26 INFO  : 'targets -set -filter {jtag_cable_name =~ "Digilent Nexys4DDR 210292A4BA3EA" && level==0 && jtag_device_ctx=="jsn-Nexys4DDR-210292A4BA3EA-13631093-0"}' command is executed.
23:32:27 INFO  : Device configured successfully with "C:/Users/david_davis1/Box/SoC/ClassReports/SoC/Final_Project/FPWorkspace/Final_Projectapp/_ide/bitstream/download.bit"
23:33:23 INFO  : Checking for BSP changes to sync application flags for project 'Final_Projectapp'...
23:33:42 INFO  : Bit file 'C:/Users/david_davis1/Box/SoC/ClassReports/SoC/Final_Project/FPWorkspace/Final_Projectapp/_ide/bitstream/download.bit' is generated.
23:33:42 INFO  : Connected to target on host '127.0.0.1' and port '3121'.
23:33:42 INFO  : 'targets -set -filter {jtag_cable_name =~ "Digilent Nexys4DDR 210292A4BA3EA" && level==0 && jtag_device_ctx=="jsn-Nexys4DDR-210292A4BA3EA-13631093-0"}' command is executed.
23:33:43 INFO  : Device configured successfully with "C:/Users/david_davis1/Box/SoC/ClassReports/SoC/Final_Project/FPWorkspace/Final_Projectapp/_ide/bitstream/download.bit"
23:35:01 INFO  : Checking for BSP changes to sync application flags for project 'Final_Projectapp'...
23:35:20 INFO  : Bit file 'C:/Users/david_davis1/Box/SoC/ClassReports/SoC/Final_Project/FPWorkspace/Final_Projectapp/_ide/bitstream/download.bit' is generated.
23:35:20 INFO  : Connected to target on host '127.0.0.1' and port '3121'.
23:35:20 INFO  : 'targets -set -filter {jtag_cable_name =~ "Digilent Nexys4DDR 210292A4BA3EA" && level==0 && jtag_device_ctx=="jsn-Nexys4DDR-210292A4BA3EA-13631093-0"}' command is executed.
23:35:20 INFO  : Device configured successfully with "C:/Users/david_davis1/Box/SoC/ClassReports/SoC/Final_Project/FPWorkspace/Final_Projectapp/_ide/bitstream/download.bit"
23:36:18 INFO  : Checking for BSP changes to sync application flags for project 'Final_Projectapp'...
23:36:24 INFO  : Checking for BSP changes to sync application flags for project 'Final_Projectapp'...
23:36:43 INFO  : Bit file 'C:/Users/david_davis1/Box/SoC/ClassReports/SoC/Final_Project/FPWorkspace/Final_Projectapp/_ide/bitstream/download.bit' is generated.
23:36:43 INFO  : Connected to target on host '127.0.0.1' and port '3121'.
23:36:44 INFO  : 'targets -set -filter {jtag_cable_name =~ "Digilent Nexys4DDR 210292A4BA3EA" && level==0 && jtag_device_ctx=="jsn-Nexys4DDR-210292A4BA3EA-13631093-0"}' command is executed.
23:36:44 INFO  : Device configured successfully with "C:/Users/david_davis1/Box/SoC/ClassReports/SoC/Final_Project/FPWorkspace/Final_Projectapp/_ide/bitstream/download.bit"
23:37:54 INFO  : Checking for BSP changes to sync application flags for project 'Final_Projectapp'...
23:38:13 INFO  : Bit file 'C:/Users/david_davis1/Box/SoC/ClassReports/SoC/Final_Project/FPWorkspace/Final_Projectapp/_ide/bitstream/download.bit' is generated.
23:38:13 INFO  : Connected to target on host '127.0.0.1' and port '3121'.
23:38:13 INFO  : 'targets -set -filter {jtag_cable_name =~ "Digilent Nexys4DDR 210292A4BA3EA" && level==0 && jtag_device_ctx=="jsn-Nexys4DDR-210292A4BA3EA-13631093-0"}' command is executed.
23:38:13 INFO  : Device configured successfully with "C:/Users/david_davis1/Box/SoC/ClassReports/SoC/Final_Project/FPWorkspace/Final_Projectapp/_ide/bitstream/download.bit"
23:41:14 INFO  : Checking for BSP changes to sync application flags for project 'Final_Projectapp'...
23:41:43 INFO  : Checking for BSP changes to sync application flags for project 'Final_Projectapp'...
23:42:03 INFO  : Bit file 'C:/Users/david_davis1/Box/SoC/ClassReports/SoC/Final_Project/FPWorkspace/Final_Projectapp/_ide/bitstream/download.bit' is generated.
23:42:03 INFO  : Connected to target on host '127.0.0.1' and port '3121'.
23:42:03 INFO  : 'targets -set -filter {jtag_cable_name =~ "Digilent Nexys4DDR 210292A4BA3EA" && level==0 && jtag_device_ctx=="jsn-Nexys4DDR-210292A4BA3EA-13631093-0"}' command is executed.
23:42:03 INFO  : Device configured successfully with "C:/Users/david_davis1/Box/SoC/ClassReports/SoC/Final_Project/FPWorkspace/Final_Projectapp/_ide/bitstream/download.bit"
23:46:14 INFO  : Checking for BSP changes to sync application flags for project 'Final_Projectapp'...
23:47:06 INFO  : Checking for BSP changes to sync application flags for project 'Final_Projectapp'...
23:47:25 INFO  : Bit file 'C:/Users/david_davis1/Box/SoC/ClassReports/SoC/Final_Project/FPWorkspace/Final_Projectapp/_ide/bitstream/download.bit' is generated.
23:47:25 INFO  : Connected to target on host '127.0.0.1' and port '3121'.
23:47:25 INFO  : 'targets -set -filter {jtag_cable_name =~ "Digilent Nexys4DDR 210292A4BA3EA" && level==0 && jtag_device_ctx=="jsn-Nexys4DDR-210292A4BA3EA-13631093-0"}' command is executed.
23:47:25 INFO  : Device configured successfully with "C:/Users/david_davis1/Box/SoC/ClassReports/SoC/Final_Project/FPWorkspace/Final_Projectapp/_ide/bitstream/download.bit"
23:48:47 INFO  : Checking for BSP changes to sync application flags for project 'Final_Projectapp'...
23:49:11 INFO  : Bit file 'C:/Users/david_davis1/Box/SoC/ClassReports/SoC/Final_Project/FPWorkspace/Final_Projectapp/_ide/bitstream/download.bit' is generated.
23:49:11 INFO  : Connected to target on host '127.0.0.1' and port '3121'.
23:49:12 INFO  : 'targets -set -filter {jtag_cable_name =~ "Digilent Nexys4DDR 210292A4BA3EA" && level==0 && jtag_device_ctx=="jsn-Nexys4DDR-210292A4BA3EA-13631093-0"}' command is executed.
23:49:12 INFO  : Device configured successfully with "C:/Users/david_davis1/Box/SoC/ClassReports/SoC/Final_Project/FPWorkspace/Final_Projectapp/_ide/bitstream/download.bit"
23:49:33 INFO  : Bit file 'C:/Users/david_davis1/Box/SoC/ClassReports/SoC/Final_Project/FPWorkspace/Final_Projectapp/_ide/bitstream/download.bit' is generated.
23:49:33 INFO  : Connected to target on host '127.0.0.1' and port '3121'.
23:49:34 INFO  : 'targets -set -filter {jtag_cable_name =~ "Digilent Nexys4DDR 210292A4BA3EA" && level==0 && jtag_device_ctx=="jsn-Nexys4DDR-210292A4BA3EA-13631093-0"}' command is executed.
23:49:34 INFO  : Device configured successfully with "C:/Users/david_davis1/Box/SoC/ClassReports/SoC/Final_Project/FPWorkspace/Final_Projectapp/_ide/bitstream/download.bit"
23:51:21 INFO  : Checking for BSP changes to sync application flags for project 'Final_Projectapp'...
23:51:40 INFO  : Bit file 'C:/Users/david_davis1/Box/SoC/ClassReports/SoC/Final_Project/FPWorkspace/Final_Projectapp/_ide/bitstream/download.bit' is generated.
23:51:40 INFO  : Connected to target on host '127.0.0.1' and port '3121'.
23:51:40 INFO  : 'targets -set -filter {jtag_cable_name =~ "Digilent Nexys4DDR 210292A4BA3EA" && level==0 && jtag_device_ctx=="jsn-Nexys4DDR-210292A4BA3EA-13631093-0"}' command is executed.
23:51:41 INFO  : Device configured successfully with "C:/Users/david_davis1/Box/SoC/ClassReports/SoC/Final_Project/FPWorkspace/Final_Projectapp/_ide/bitstream/download.bit"
23:53:32 INFO  : Checking for BSP changes to sync application flags for project 'Final_Projectapp'...
23:53:54 INFO  : Bit file 'C:/Users/david_davis1/Box/SoC/ClassReports/SoC/Final_Project/FPWorkspace/Final_Projectapp/_ide/bitstream/download.bit' is generated.
23:53:54 INFO  : Connected to target on host '127.0.0.1' and port '3121'.
23:53:54 INFO  : 'targets -set -filter {jtag_cable_name =~ "Digilent Nexys4DDR 210292A4BA3EA" && level==0 && jtag_device_ctx=="jsn-Nexys4DDR-210292A4BA3EA-13631093-0"}' command is executed.
23:53:55 INFO  : Device configured successfully with "C:/Users/david_davis1/Box/SoC/ClassReports/SoC/Final_Project/FPWorkspace/Final_Projectapp/_ide/bitstream/download.bit"
23:54:43 INFO  : Checking for BSP changes to sync application flags for project 'Final_Projectapp'...
23:55:03 INFO  : Bit file 'C:/Users/david_davis1/Box/SoC/ClassReports/SoC/Final_Project/FPWorkspace/Final_Projectapp/_ide/bitstream/download.bit' is generated.
23:55:03 INFO  : Connected to target on host '127.0.0.1' and port '3121'.
23:55:03 INFO  : 'targets -set -filter {jtag_cable_name =~ "Digilent Nexys4DDR 210292A4BA3EA" && level==0 && jtag_device_ctx=="jsn-Nexys4DDR-210292A4BA3EA-13631093-0"}' command is executed.
23:55:03 INFO  : Device configured successfully with "C:/Users/david_davis1/Box/SoC/ClassReports/SoC/Final_Project/FPWorkspace/Final_Projectapp/_ide/bitstream/download.bit"
23:57:00 INFO  : Checking for BSP changes to sync application flags for project 'Final_Projectapp'...
23:57:19 INFO  : Bit file 'C:/Users/david_davis1/Box/SoC/ClassReports/SoC/Final_Project/FPWorkspace/Final_Projectapp/_ide/bitstream/download.bit' is generated.
23:57:19 INFO  : Connected to target on host '127.0.0.1' and port '3121'.
23:57:19 INFO  : 'targets -set -filter {jtag_cable_name =~ "Digilent Nexys4DDR 210292A4BA3EA" && level==0 && jtag_device_ctx=="jsn-Nexys4DDR-210292A4BA3EA-13631093-0"}' command is executed.
23:57:20 INFO  : Device configured successfully with "C:/Users/david_davis1/Box/SoC/ClassReports/SoC/Final_Project/FPWorkspace/Final_Projectapp/_ide/bitstream/download.bit"
23:58:05 INFO  : Checking for BSP changes to sync application flags for project 'Final_Projectapp'...
23:58:24 INFO  : Bit file 'C:/Users/david_davis1/Box/SoC/ClassReports/SoC/Final_Project/FPWorkspace/Final_Projectapp/_ide/bitstream/download.bit' is generated.
23:58:24 INFO  : Connected to target on host '127.0.0.1' and port '3121'.
23:58:25 INFO  : 'targets -set -filter {jtag_cable_name =~ "Digilent Nexys4DDR 210292A4BA3EA" && level==0 && jtag_device_ctx=="jsn-Nexys4DDR-210292A4BA3EA-13631093-0"}' command is executed.
23:58:25 INFO  : Device configured successfully with "C:/Users/david_davis1/Box/SoC/ClassReports/SoC/Final_Project/FPWorkspace/Final_Projectapp/_ide/bitstream/download.bit"
00:00:01 INFO  : Checking for BSP changes to sync application flags for project 'Final_Projectapp'...
00:00:22 INFO  : Bit file 'C:/Users/david_davis1/Box/SoC/ClassReports/SoC/Final_Project/FPWorkspace/Final_Projectapp/_ide/bitstream/download.bit' is generated.
00:00:22 INFO  : Connected to target on host '127.0.0.1' and port '3121'.
00:00:22 INFO  : 'targets -set -filter {jtag_cable_name =~ "Digilent Nexys4DDR 210292A4BA3EA" && level==0 && jtag_device_ctx=="jsn-Nexys4DDR-210292A4BA3EA-13631093-0"}' command is executed.
00:00:23 INFO  : Device configured successfully with "C:/Users/david_davis1/Box/SoC/ClassReports/SoC/Final_Project/FPWorkspace/Final_Projectapp/_ide/bitstream/download.bit"
00:15:39 INFO  : Checking for BSP changes to sync application flags for project 'Final_Projectapp'...
00:15:55 INFO  : Checking for BSP changes to sync application flags for project 'Final_Projectapp'...
00:16:15 INFO  : Bit file 'C:/Users/david_davis1/Box/SoC/ClassReports/SoC/Final_Project/FPWorkspace/Final_Projectapp/_ide/bitstream/download.bit' is generated.
00:16:15 INFO  : Connected to target on host '127.0.0.1' and port '3121'.
00:16:15 INFO  : 'targets -set -filter {jtag_cable_name =~ "Digilent Nexys4DDR 210292A4BA3EA" && level==0 && jtag_device_ctx=="jsn-Nexys4DDR-210292A4BA3EA-13631093-0"}' command is executed.
00:16:15 INFO  : Device configured successfully with "C:/Users/david_davis1/Box/SoC/ClassReports/SoC/Final_Project/FPWorkspace/Final_Projectapp/_ide/bitstream/download.bit"
00:27:04 INFO  : Checking for BSP changes to sync application flags for project 'Final_Projectapp'...
00:27:22 INFO  : Bit file 'C:/Users/david_davis1/Box/SoC/ClassReports/SoC/Final_Project/FPWorkspace/Final_Projectapp/_ide/bitstream/download.bit' is generated.
00:27:22 INFO  : Connected to target on host '127.0.0.1' and port '3121'.
00:27:22 INFO  : 'targets -set -filter {jtag_cable_name =~ "Digilent Nexys4DDR 210292A4BA3EA" && level==0 && jtag_device_ctx=="jsn-Nexys4DDR-210292A4BA3EA-13631093-0"}' command is executed.
00:27:23 INFO  : Device configured successfully with "C:/Users/david_davis1/Box/SoC/ClassReports/SoC/Final_Project/FPWorkspace/Final_Projectapp/_ide/bitstream/download.bit"
