TRACE::2021-12-07.21:22:50::SCWPlatform::Trying to open the hw design at C:/Users/david_davis1/Box/SoC/ClassReports/SoC/Final_Project/FPWorkspace/Final_Project/hw/Final_Projectxsa.xsa
TRACE::2021-12-07.21:22:50::SCWPlatform::DSA given C:/Users/david_davis1/Box/SoC/ClassReports/SoC/Final_Project/FPWorkspace/Final_Project/hw/Final_Projectxsa.xsa
TRACE::2021-12-07.21:22:50::SCWPlatform::DSA absoulate path C:/Users/david_davis1/Box/SoC/ClassReports/SoC/Final_Project/FPWorkspace/Final_Project/hw/Final_Projectxsa.xsa
TRACE::2021-12-07.21:22:50::SCWPlatform::DSA directory C:/Users/david_davis1/Box/SoC/ClassReports/SoC/Final_Project/FPWorkspace/Final_Project/hw
TRACE::2021-12-07.21:22:50::SCWPlatform:: Platform Path C:/Users/david_davis1/Box/SoC/ClassReports/SoC/Final_Project/FPWorkspace/Final_Project/hw/Final_Projectxsa.xsa
TRACE::2021-12-07.21:22:50::SCWPlatform:: Unique name xilinx:nexys4_ddr::0.0
TRACE::2021-12-07.21:22:50::SCWPlatform::Do not have an existing db opened. 
TRACE::2021-12-07.21:22:50::SCWPlatform::Opened new HwDB with name mcs_top_vanilla_0
TRACE::2021-12-07.21:22:50::SCWWriter::formatted JSON is {
	"platformName":	"Final_Project",
	"sprVersion":	"2.0",
	"mode":	"gui",
	"dsaType":	"Fixed",
	"platformDesc":	"Final_Project",
	"platHandOff":	"C:/Users/david_davis1/Box/SoC/ClassReports/SoC/Final_Project/Final_Projectxsa.xsa",
	"platIntHandOff":	"<platformDir>/hw/Final_Projectxsa.xsa",
	"deviceType":	"FPGA",
	"platIsPrebuiltAutogen":	"false",
	"platIsNoBootBsp":	"false",
	"hasFsblMakeHasChanges":	"false",
	"hasPmufwMakeHasChanges":	"false",
	"platPreBuiltFlag":	false,
	"platformSamplesDir":	""
}
TRACE::2021-12-07.21:22:50::SCWWriter::formatted JSON is {
	"platformName":	"Final_Project",
	"sprVersion":	"2.0",
	"mode":	"gui",
	"dsaType":	"Fixed",
	"platformDesc":	"Final_Project",
	"platHandOff":	"C:/Users/david_davis1/Box/SoC/ClassReports/SoC/Final_Project/Final_Projectxsa.xsa",
	"platIntHandOff":	"<platformDir>/hw/Final_Projectxsa.xsa",
	"deviceType":	"FPGA",
	"platIsPrebuiltAutogen":	"false",
	"platIsNoBootBsp":	"false",
	"hasFsblMakeHasChanges":	"false",
	"hasPmufwMakeHasChanges":	"false",
	"platPreBuiltFlag":	false,
	"platformSamplesDir":	"",
	"platActiveSys":	"Final_Project",
	"systems":	[{
			"systemName":	"Final_Project",
			"systemDesc":	"Final_Project",
			"sysIsBootAutoGen":	"true",
			"systemDispName":	"Final_Project"
		}]
}
TRACE::2021-12-07.21:22:50::SCWPlatform::Boot application domains not present, creating them
TRACE::2021-12-07.21:22:50::SCWPlatform::Pure FPGA device, no boot application will be created.
TRACE::2021-12-07.21:22:50::SCWWriter::formatted JSON is {
	"platformName":	"Final_Project",
	"sprVersion":	"2.0",
	"mode":	"gui",
	"dsaType":	"Fixed",
	"platformDesc":	"Final_Project",
	"platHandOff":	"C:/Users/david_davis1/Box/SoC/ClassReports/SoC/Final_Project/Final_Projectxsa.xsa",
	"platIntHandOff":	"<platformDir>/hw/Final_Projectxsa.xsa",
	"deviceType":	"FPGA",
	"platIsPrebuiltAutogen":	"false",
	"platIsNoBootBsp":	"false",
	"hasFsblMakeHasChanges":	"false",
	"hasPmufwMakeHasChanges":	"false",
	"platPreBuiltFlag":	false,
	"platformSamplesDir":	"",
	"platActiveSys":	"Final_Project",
	"systems":	[{
			"systemName":	"Final_Project",
			"systemDesc":	"Final_Project",
			"sysIsBootAutoGen":	"true",
			"systemDispName":	"Final_Project"
		}]
}
TRACE::2021-12-07.21:22:50::SCWPlatform::Trying to open the hw design at C:/Users/david_davis1/Box/SoC/ClassReports/SoC/Final_Project/FPWorkspace/Final_Project/hw/Final_Projectxsa.xsa
TRACE::2021-12-07.21:22:50::SCWPlatform::DSA given C:/Users/david_davis1/Box/SoC/ClassReports/SoC/Final_Project/FPWorkspace/Final_Project/hw/Final_Projectxsa.xsa
TRACE::2021-12-07.21:22:50::SCWPlatform::DSA absoulate path C:/Users/david_davis1/Box/SoC/ClassReports/SoC/Final_Project/FPWorkspace/Final_Project/hw/Final_Projectxsa.xsa
TRACE::2021-12-07.21:22:50::SCWPlatform::DSA directory C:/Users/david_davis1/Box/SoC/ClassReports/SoC/Final_Project/FPWorkspace/Final_Project/hw
TRACE::2021-12-07.21:22:50::SCWPlatform:: Platform Path C:/Users/david_davis1/Box/SoC/ClassReports/SoC/Final_Project/FPWorkspace/Final_Project/hw/Final_Projectxsa.xsa
TRACE::2021-12-07.21:22:50::SCWPlatform:: Unique name xilinx:nexys4_ddr::0.0
TRACE::2021-12-07.21:22:50::SCWPlatform::Trying to set the existing hwdb with name mcs_top_vanilla_0
TRACE::2021-12-07.21:22:50::SCWPlatform::Opened existing hwdb mcs_top_vanilla_0
TRACE::2021-12-07.21:22:50::SCWPlatform::Found the Hw Db part of the input DSA
TRACE::2021-12-07.21:22:50::SCWPlatform::Trying to open the hw design at C:/Users/david_davis1/Box/SoC/ClassReports/SoC/Final_Project/FPWorkspace/Final_Project/hw/Final_Projectxsa.xsa
TRACE::2021-12-07.21:22:50::SCWPlatform::DSA given C:/Users/david_davis1/Box/SoC/ClassReports/SoC/Final_Project/FPWorkspace/Final_Project/hw/Final_Projectxsa.xsa
TRACE::2021-12-07.21:22:50::SCWPlatform::DSA absoulate path C:/Users/david_davis1/Box/SoC/ClassReports/SoC/Final_Project/FPWorkspace/Final_Project/hw/Final_Projectxsa.xsa
TRACE::2021-12-07.21:22:50::SCWPlatform::DSA directory C:/Users/david_davis1/Box/SoC/ClassReports/SoC/Final_Project/FPWorkspace/Final_Project/hw
TRACE::2021-12-07.21:22:50::SCWPlatform:: Platform Path C:/Users/david_davis1/Box/SoC/ClassReports/SoC/Final_Project/FPWorkspace/Final_Project/hw/Final_Projectxsa.xsa
TRACE::2021-12-07.21:22:50::SCWPlatform:: Unique name xilinx:nexys4_ddr::0.0
TRACE::2021-12-07.21:22:50::SCWPlatform::Trying to set the existing hwdb with name mcs_top_vanilla_0
TRACE::2021-12-07.21:22:50::SCWPlatform::Opened existing hwdb mcs_top_vanilla_0
TRACE::2021-12-07.21:22:50::SCWPlatform::Found the Hw Db part of the input DSA
TRACE::2021-12-07.21:22:50::SCWPlatform::Trying to open the hw design at C:/Users/david_davis1/Box/SoC/ClassReports/SoC/Final_Project/FPWorkspace/Final_Project/hw/Final_Projectxsa.xsa
TRACE::2021-12-07.21:22:50::SCWPlatform::DSA given C:/Users/david_davis1/Box/SoC/ClassReports/SoC/Final_Project/FPWorkspace/Final_Project/hw/Final_Projectxsa.xsa
TRACE::2021-12-07.21:22:50::SCWPlatform::DSA absoulate path C:/Users/david_davis1/Box/SoC/ClassReports/SoC/Final_Project/FPWorkspace/Final_Project/hw/Final_Projectxsa.xsa
TRACE::2021-12-07.21:22:50::SCWPlatform::DSA directory C:/Users/david_davis1/Box/SoC/ClassReports/SoC/Final_Project/FPWorkspace/Final_Project/hw
TRACE::2021-12-07.21:22:50::SCWPlatform:: Platform Path C:/Users/david_davis1/Box/SoC/ClassReports/SoC/Final_Project/FPWorkspace/Final_Project/hw/Final_Projectxsa.xsa
TRACE::2021-12-07.21:22:50::SCWPlatform:: Unique name xilinx:nexys4_ddr::0.0
TRACE::2021-12-07.21:22:50::SCWPlatform::Trying to set the existing hwdb with name mcs_top_vanilla_0
TRACE::2021-12-07.21:22:50::SCWPlatform::Opened existing hwdb mcs_top_vanilla_0
TRACE::2021-12-07.21:22:50::SCWPlatform::Found the Hw Db part of the input DSA
TRACE::2021-12-07.21:22:50::SCWDomain::checking for install qemu data   : 
TRACE::2021-12-07.21:22:50::SCWPlatform::Trying to open the hw design at C:/Users/david_davis1/Box/SoC/ClassReports/SoC/Final_Project/FPWorkspace/Final_Project/hw/Final_Projectxsa.xsa
TRACE::2021-12-07.21:22:50::SCWPlatform::DSA given C:/Users/david_davis1/Box/SoC/ClassReports/SoC/Final_Project/FPWorkspace/Final_Project/hw/Final_Projectxsa.xsa
TRACE::2021-12-07.21:22:50::SCWPlatform::DSA absoulate path C:/Users/david_davis1/Box/SoC/ClassReports/SoC/Final_Project/FPWorkspace/Final_Project/hw/Final_Projectxsa.xsa
TRACE::2021-12-07.21:22:50::SCWPlatform::DSA directory C:/Users/david_davis1/Box/SoC/ClassReports/SoC/Final_Project/FPWorkspace/Final_Project/hw
TRACE::2021-12-07.21:22:50::SCWPlatform:: Platform Path C:/Users/david_davis1/Box/SoC/ClassReports/SoC/Final_Project/FPWorkspace/Final_Project/hw/Final_Projectxsa.xsa
TRACE::2021-12-07.21:22:50::SCWPlatform:: Unique name xilinx:nexys4_ddr::0.0
TRACE::2021-12-07.21:22:50::SCWPlatform::Trying to set the existing hwdb with name mcs_top_vanilla_0
TRACE::2021-12-07.21:22:50::SCWPlatform::Opened existing hwdb mcs_top_vanilla_0
TRACE::2021-12-07.21:22:50::SCWPlatform::Found the Hw Db part of the input DSA
TRACE::2021-12-07.21:22:50::SCWPlatform::Trying to open the hw design at C:/Users/david_davis1/Box/SoC/ClassReports/SoC/Final_Project/FPWorkspace/Final_Project/hw/Final_Projectxsa.xsa
TRACE::2021-12-07.21:22:50::SCWPlatform::DSA given C:/Users/david_davis1/Box/SoC/ClassReports/SoC/Final_Project/FPWorkspace/Final_Project/hw/Final_Projectxsa.xsa
TRACE::2021-12-07.21:22:50::SCWPlatform::DSA absoulate path C:/Users/david_davis1/Box/SoC/ClassReports/SoC/Final_Project/FPWorkspace/Final_Project/hw/Final_Projectxsa.xsa
TRACE::2021-12-07.21:22:50::SCWPlatform::DSA directory C:/Users/david_davis1/Box/SoC/ClassReports/SoC/Final_Project/FPWorkspace/Final_Project/hw
TRACE::2021-12-07.21:22:50::SCWPlatform:: Platform Path C:/Users/david_davis1/Box/SoC/ClassReports/SoC/Final_Project/FPWorkspace/Final_Project/hw/Final_Projectxsa.xsa
TRACE::2021-12-07.21:22:50::SCWPlatform:: Unique name xilinx:nexys4_ddr::0.0
TRACE::2021-12-07.21:22:50::SCWPlatform::Trying to set the existing hwdb with name mcs_top_vanilla_0
TRACE::2021-12-07.21:22:50::SCWPlatform::Opened existing hwdb mcs_top_vanilla_0
TRACE::2021-12-07.21:22:50::SCWPlatform::Found the Hw Db part of the input DSA
TRACE::2021-12-07.21:22:50::SCWPlatform::Trying to open the hw design at C:/Users/david_davis1/Box/SoC/ClassReports/SoC/Final_Project/FPWorkspace/Final_Project/hw/Final_Projectxsa.xsa
TRACE::2021-12-07.21:22:50::SCWPlatform::DSA given C:/Users/david_davis1/Box/SoC/ClassReports/SoC/Final_Project/FPWorkspace/Final_Project/hw/Final_Projectxsa.xsa
TRACE::2021-12-07.21:22:50::SCWPlatform::DSA absoulate path C:/Users/david_davis1/Box/SoC/ClassReports/SoC/Final_Project/FPWorkspace/Final_Project/hw/Final_Projectxsa.xsa
TRACE::2021-12-07.21:22:51::SCWPlatform::DSA directory C:/Users/david_davis1/Box/SoC/ClassReports/SoC/Final_Project/FPWorkspace/Final_Project/hw
TRACE::2021-12-07.21:22:51::SCWPlatform:: Platform Path C:/Users/david_davis1/Box/SoC/ClassReports/SoC/Final_Project/FPWorkspace/Final_Project/hw/Final_Projectxsa.xsa
TRACE::2021-12-07.21:22:51::SCWPlatform:: Unique name xilinx:nexys4_ddr::0.0
TRACE::2021-12-07.21:22:51::SCWPlatform::Trying to set the existing hwdb with name mcs_top_vanilla_0
TRACE::2021-12-07.21:22:51::SCWPlatform::Opened existing hwdb mcs_top_vanilla_0
TRACE::2021-12-07.21:22:51::SCWPlatform::Found the Hw Db part of the input DSA
TRACE::2021-12-07.21:22:51::SCWMssOS::Checking the sw design at  C:/Users/david_davis1/Box/SoC/ClassReports/SoC/Final_Project/FPWorkspace/Final_Project/microblaze_I/standalone_domain/bsp/system.mss
TRACE::2021-12-07.21:22:51::SCWMssOS::DEBUG:  swdes dump  
TRACE::2021-12-07.21:22:51::SCWMssOS::No sw design opened at  C:/Users/david_davis1/Box/SoC/ClassReports/SoC/Final_Project/FPWorkspace/Final_Project/microblaze_I/standalone_domain/bsp/system.mss
TRACE::2021-12-07.21:22:51::SCWMssOS::mss does not exists at C:/Users/david_davis1/Box/SoC/ClassReports/SoC/Final_Project/FPWorkspace/Final_Project/microblaze_I/standalone_domain/bsp/system.mss
TRACE::2021-12-07.21:22:51::SCWMssOS::Creating sw design at  C:/Users/david_davis1/Box/SoC/ClassReports/SoC/Final_Project/FPWorkspace/Final_Project/microblaze_I/standalone_domain/bsp/system.mss
TRACE::2021-12-07.21:22:51::SCWMssOS::Adding the swdes entry, created swdb C:/Users/david_davis1/Box/SoC/ClassReports/SoC/Final_Project/FPWorkspace/Final_Project/microblaze_I/standalone_domain/bsp/system.mss with des name C:/Users/david_davis1/Box/SoC/ClassReports/SoC/Final_Project/FPWorkspace/Final_Project/microblaze_I/standalone_domain/bsp/system.mss
TRACE::2021-12-07.21:22:51::SCWMssOS::updating the scw layer changes to swdes at   C:/Users/david_davis1/Box/SoC/ClassReports/SoC/Final_Project/FPWorkspace/Final_Project/microblaze_I/standalone_domain/bsp/system.mss
TRACE::2021-12-07.21:22:51::SCWMssOS::Writing mss at C:/Users/david_davis1/Box/SoC/ClassReports/SoC/Final_Project/FPWorkspace/Final_Project/microblaze_I/standalone_domain/bsp/system.mss
TRACE::2021-12-07.21:22:51::SCWMssOS::Completed writing the mss file at C:/Users/david_davis1/Box/SoC/ClassReports/SoC/Final_Project/FPWorkspace/Final_Project/microblaze_I/standalone_domain/bsp
TRACE::2021-12-07.21:22:51::SCWMssOS::Picking up changes from newly written mss file into SCW Layer. 
TRACE::2021-12-07.21:22:51::SCWMssOS::Updated the changes from newly written mss file into SCW Layer. 
TRACE::2021-12-07.21:22:51::SCWMssOS::Completed writing the mss file at C:/Users/david_davis1/Box/SoC/ClassReports/SoC/Final_Project/FPWorkspace/Final_Project/microblaze_I/standalone_domain/bsp
TRACE::2021-12-07.21:22:51::SCWMssOS::Forcing BSP Sources regeneration.
TRACE::2021-12-07.21:23:01::SCWMssOS::Saving the mss changes C:/Users/david_davis1/Box/SoC/ClassReports/SoC/Final_Project/FPWorkspace/Final_Project/microblaze_I/standalone_domain/bsp/system.mss
TRACE::2021-12-07.21:23:01::SCWMssOS::Adding the swdes entry, mss present, able to open swdb C:/Users/david_davis1/Box/SoC/ClassReports/SoC/Final_Project/FPWorkspace/Final_Project/microblaze_I/standalone_domain/bsp/system.mss with des name system
TRACE::2021-12-07.21:23:01::SCWMssOS::Writing the mss file completed C:/Users/david_davis1/Box/SoC/ClassReports/SoC/Final_Project/FPWorkspace/Final_Project/microblaze_I/standalone_domain/bsp/system.mss
TRACE::2021-12-07.21:23:01::SCWMssOS::Commit changes completed.
TRACE::2021-12-07.21:23:01::SCWPlatform::Trying to open the hw design at C:/Users/david_davis1/Box/SoC/ClassReports/SoC/Final_Project/FPWorkspace/Final_Project/hw/Final_Projectxsa.xsa
TRACE::2021-12-07.21:23:01::SCWPlatform::DSA given C:/Users/david_davis1/Box/SoC/ClassReports/SoC/Final_Project/FPWorkspace/Final_Project/hw/Final_Projectxsa.xsa
TRACE::2021-12-07.21:23:01::SCWPlatform::DSA absoulate path C:/Users/david_davis1/Box/SoC/ClassReports/SoC/Final_Project/FPWorkspace/Final_Project/hw/Final_Projectxsa.xsa
TRACE::2021-12-07.21:23:02::SCWPlatform::DSA directory C:/Users/david_davis1/Box/SoC/ClassReports/SoC/Final_Project/FPWorkspace/Final_Project/hw
TRACE::2021-12-07.21:23:02::SCWPlatform:: Platform Path C:/Users/david_davis1/Box/SoC/ClassReports/SoC/Final_Project/FPWorkspace/Final_Project/hw/Final_Projectxsa.xsa
TRACE::2021-12-07.21:23:02::SCWPlatform:: Unique name xilinx:nexys4_ddr::0.0
TRACE::2021-12-07.21:23:02::SCWPlatform::Trying to set the existing hwdb with name mcs_top_vanilla_0
TRACE::2021-12-07.21:23:02::SCWPlatform::Opened existing hwdb mcs_top_vanilla_0
TRACE::2021-12-07.21:23:02::SCWPlatform::Found the Hw Db part of the input DSA
TRACE::2021-12-07.21:23:02::SCWMssOS::Checking the sw design at  C:/Users/david_davis1/Box/SoC/ClassReports/SoC/Final_Project/FPWorkspace/Final_Project/microblaze_I/standalone_domain/bsp/system.mss
TRACE::2021-12-07.21:23:02::SCWMssOS::DEBUG:  swdes dump  C:/Users/david_davis1/Box/SoC/ClassReports/SoC/Final_Project/FPWorkspace/Final_Project/microblaze_I/standalone_domain/bsp/system.mss|system||

TRACE::2021-12-07.21:23:02::SCWMssOS::Sw design exists and opened at  C:/Users/david_davis1/Box/SoC/ClassReports/SoC/Final_Project/FPWorkspace/Final_Project/microblaze_I/standalone_domain/bsp/system.mss
TRACE::2021-12-07.21:23:02::SCWPlatform::Trying to open the hw design at C:/Users/david_davis1/Box/SoC/ClassReports/SoC/Final_Project/FPWorkspace/Final_Project/hw/Final_Projectxsa.xsa
TRACE::2021-12-07.21:23:02::SCWPlatform::DSA given C:/Users/david_davis1/Box/SoC/ClassReports/SoC/Final_Project/FPWorkspace/Final_Project/hw/Final_Projectxsa.xsa
TRACE::2021-12-07.21:23:02::SCWPlatform::DSA absoulate path C:/Users/david_davis1/Box/SoC/ClassReports/SoC/Final_Project/FPWorkspace/Final_Project/hw/Final_Projectxsa.xsa
TRACE::2021-12-07.21:23:02::SCWPlatform::DSA directory C:/Users/david_davis1/Box/SoC/ClassReports/SoC/Final_Project/FPWorkspace/Final_Project/hw
TRACE::2021-12-07.21:23:02::SCWPlatform:: Platform Path C:/Users/david_davis1/Box/SoC/ClassReports/SoC/Final_Project/FPWorkspace/Final_Project/hw/Final_Projectxsa.xsa
TRACE::2021-12-07.21:23:02::SCWPlatform:: Unique name xilinx:nexys4_ddr::0.0
TRACE::2021-12-07.21:23:02::SCWPlatform::Trying to set the existing hwdb with name mcs_top_vanilla_0
TRACE::2021-12-07.21:23:02::SCWPlatform::Opened existing hwdb mcs_top_vanilla_0
TRACE::2021-12-07.21:23:02::SCWPlatform::Found the Hw Db part of the input DSA
TRACE::2021-12-07.21:23:02::SCWMssOS::Checking the sw design at  C:/Users/david_davis1/Box/SoC/ClassReports/SoC/Final_Project/FPWorkspace/Final_Project/microblaze_I/standalone_domain/bsp/system.mss
TRACE::2021-12-07.21:23:02::SCWMssOS::DEBUG:  swdes dump  C:/Users/david_davis1/Box/SoC/ClassReports/SoC/Final_Project/FPWorkspace/Final_Project/microblaze_I/standalone_domain/bsp/system.mss|system||

TRACE::2021-12-07.21:23:02::SCWMssOS::Sw design exists and opened at  C:/Users/david_davis1/Box/SoC/ClassReports/SoC/Final_Project/FPWorkspace/Final_Project/microblaze_I/standalone_domain/bsp/system.mss
TRACE::2021-12-07.21:23:02::SCWPlatform::Trying to open the hw design at C:/Users/david_davis1/Box/SoC/ClassReports/SoC/Final_Project/FPWorkspace/Final_Project/hw/Final_Projectxsa.xsa
TRACE::2021-12-07.21:23:02::SCWPlatform::DSA given C:/Users/david_davis1/Box/SoC/ClassReports/SoC/Final_Project/FPWorkspace/Final_Project/hw/Final_Projectxsa.xsa
TRACE::2021-12-07.21:23:02::SCWPlatform::DSA absoulate path C:/Users/david_davis1/Box/SoC/ClassReports/SoC/Final_Project/FPWorkspace/Final_Project/hw/Final_Projectxsa.xsa
TRACE::2021-12-07.21:23:02::SCWPlatform::DSA directory C:/Users/david_davis1/Box/SoC/ClassReports/SoC/Final_Project/FPWorkspace/Final_Project/hw
TRACE::2021-12-07.21:23:02::SCWPlatform:: Platform Path C:/Users/david_davis1/Box/SoC/ClassReports/SoC/Final_Project/FPWorkspace/Final_Project/hw/Final_Projectxsa.xsa
TRACE::2021-12-07.21:23:02::SCWPlatform:: Unique name xilinx:nexys4_ddr::0.0
TRACE::2021-12-07.21:23:02::SCWPlatform::Trying to set the existing hwdb with name mcs_top_vanilla_0
TRACE::2021-12-07.21:23:02::SCWPlatform::Opened existing hwdb mcs_top_vanilla_0
TRACE::2021-12-07.21:23:02::SCWPlatform::Found the Hw Db part of the input DSA
TRACE::2021-12-07.21:23:02::SCWMssOS::Checking the sw design at  C:/Users/david_davis1/Box/SoC/ClassReports/SoC/Final_Project/FPWorkspace/Final_Project/microblaze_I/standalone_domain/bsp/system.mss
TRACE::2021-12-07.21:23:02::SCWMssOS::DEBUG:  swdes dump  C:/Users/david_davis1/Box/SoC/ClassReports/SoC/Final_Project/FPWorkspace/Final_Project/microblaze_I/standalone_domain/bsp/system.mss|system||

TRACE::2021-12-07.21:23:02::SCWMssOS::Sw design exists and opened at  C:/Users/david_davis1/Box/SoC/ClassReports/SoC/Final_Project/FPWorkspace/Final_Project/microblaze_I/standalone_domain/bsp/system.mss
TRACE::2021-12-07.21:23:02::SCWWriter::formatted JSON is {
	"platformName":	"Final_Project",
	"sprVersion":	"2.0",
	"mode":	"gui",
	"dsaType":	"Fixed",
	"platformDesc":	"Final_Project",
	"platHandOff":	"C:/Users/david_davis1/Box/SoC/ClassReports/SoC/Final_Project/Final_Projectxsa.xsa",
	"platIntHandOff":	"<platformDir>/hw/Final_Projectxsa.xsa",
	"deviceType":	"FPGA",
	"platIsPrebuiltAutogen":	"false",
	"platIsNoBootBsp":	"false",
	"hasFsblMakeHasChanges":	"false",
	"hasPmufwMakeHasChanges":	"false",
	"platPreBuiltFlag":	false,
	"platformSamplesDir":	"",
	"platActiveSys":	"Final_Project",
	"systems":	[{
			"systemName":	"Final_Project",
			"systemDesc":	"Final_Project",
			"sysIsBootAutoGen":	"true",
			"systemDispName":	"Final_Project",
			"sysActiveDom":	"standalone_domain",
			"sysDefaultDom":	"standalone_domain",
			"domains":	[{
					"domainName":	"standalone_domain",
					"domainDispName":	"standalone_domain",
					"domainDesc":	"standalone_domain",
					"processors":	"microblaze_I",
					"os":	"standalone",
					"sdxOs":	"standalone",
					"debugEnable":	"False",
					"domRuntimes":	["cpp"],
					"swRepo":	"",
					"mssOsVer":	"7.5",
					"mssFile":	"",
					"md5Digest":	"eba555455e071421aede40df93d1ae8e",
					"compatibleApp":	"",
					"domType":	"mssDomain",
					"arch":	"32-bit",
					"appSettings":	{
						"appCompilerFlags":	"",
						"appLinkerFlags":	""
					},
					"addedLibs":	[],
					"libOptions":	{
						"libsContainingOptions":	[]
					},
					"prebuiltLibs":	{
						"prebuiltIncPath":	[],
						"prebuiltLibPath":	[]
					},
					"isolation":	{
					}
				}]
		}]
}
LOG::2021-12-07.21:23:02::SCWPlatform::Started generating the artifacts platform Final_Project
TRACE::2021-12-07.21:23:02::SCWPlatform::Sanity checking of platform is completed
LOG::2021-12-07.21:23:02::SCWPlatform::Started generating the artifacts for system configuration Final_Project
LOG::2021-12-07.21:23:02::SCWSystem::Checking the domain standalone_domain
LOG::2021-12-07.21:23:02::SCWSystem::Not a boot domain 
LOG::2021-12-07.21:23:02::SCWSystem::Started Processing the domain standalone_domain
TRACE::2021-12-07.21:23:02::SCWDomain::Generating domain artifcats
TRACE::2021-12-07.21:23:02::SCWMssOS::Generating standalone artifcats
TRACE::2021-12-07.21:23:02::SCWMssOS:: Copying the user libraries. 
TRACE::2021-12-07.21:23:02::SCWPlatform::Trying to open the hw design at C:/Users/david_davis1/Box/SoC/ClassReports/SoC/Final_Project/FPWorkspace/Final_Project/hw/Final_Projectxsa.xsa
TRACE::2021-12-07.21:23:02::SCWPlatform::DSA given C:/Users/david_davis1/Box/SoC/ClassReports/SoC/Final_Project/FPWorkspace/Final_Project/hw/Final_Projectxsa.xsa
TRACE::2021-12-07.21:23:02::SCWPlatform::DSA absoulate path C:/Users/david_davis1/Box/SoC/ClassReports/SoC/Final_Project/FPWorkspace/Final_Project/hw/Final_Projectxsa.xsa
TRACE::2021-12-07.21:23:02::SCWPlatform::DSA directory C:/Users/david_davis1/Box/SoC/ClassReports/SoC/Final_Project/FPWorkspace/Final_Project/hw
TRACE::2021-12-07.21:23:02::SCWPlatform:: Platform Path C:/Users/david_davis1/Box/SoC/ClassReports/SoC/Final_Project/FPWorkspace/Final_Project/hw/Final_Projectxsa.xsa
TRACE::2021-12-07.21:23:02::SCWPlatform:: Unique name xilinx:nexys4_ddr::0.0
TRACE::2021-12-07.21:23:02::SCWPlatform::Trying to set the existing hwdb with name mcs_top_vanilla_0
TRACE::2021-12-07.21:23:02::SCWPlatform::Opened existing hwdb mcs_top_vanilla_0
TRACE::2021-12-07.21:23:02::SCWPlatform::Found the Hw Db part of the input DSA
TRACE::2021-12-07.21:23:02::SCWMssOS::Checking the sw design at  C:/Users/david_davis1/Box/SoC/ClassReports/SoC/Final_Project/FPWorkspace/Final_Project/microblaze_I/standalone_domain/bsp/system.mss
TRACE::2021-12-07.21:23:02::SCWMssOS::DEBUG:  swdes dump  C:/Users/david_davis1/Box/SoC/ClassReports/SoC/Final_Project/FPWorkspace/Final_Project/microblaze_I/standalone_domain/bsp/system.mss|system||

TRACE::2021-12-07.21:23:02::SCWMssOS::Sw design exists and opened at  C:/Users/david_davis1/Box/SoC/ClassReports/SoC/Final_Project/FPWorkspace/Final_Project/microblaze_I/standalone_domain/bsp/system.mss
TRACE::2021-12-07.21:23:02::SCWMssOS::Completed writing the mss file at C:/Users/david_davis1/Box/SoC/ClassReports/SoC/Final_Project/FPWorkspace/Final_Project/microblaze_I/standalone_domain/bsp
TRACE::2021-12-07.21:23:02::SCWMssOS::Mss edits present, copying mssfile into export location C:/Users/david_davis1/Box/SoC/ClassReports/SoC/Final_Project/FPWorkspace/Final_Project/microblaze_I/standalone_domain/bsp/system.mss
TRACE::2021-12-07.21:23:02::SCWMssOS::bsp generated is upto date with the mss file. Skipping bsp generation.
TRACE::2021-12-07.21:23:02::SCWMssOS::BSP is already built. skipping the bsp build ... 
TRACE::2021-12-07.21:23:02::SCWDomain::Skipping the build for domain :  standalone_domain
TRACE::2021-12-07.21:23:02::SCWMssOS::skipping the bsp build ... 
TRACE::2021-12-07.21:23:02::SCWMssOS::Copying to export directory.
TRACE::2021-12-07.21:23:03::SCWMssOS:: Checking if to create the Supporting Applications
TRACE::2021-12-07.21:23:03::SCWMssOS:: No Linux domain exists, trying to generate FSBL 
LOG::2021-12-07.21:23:03::SCWSystem::Completed Processing the domain standalone_domain
LOG::2021-12-07.21:23:03::SCWSystem::Completed Processing the sysconfig Final_Project
LOG::2021-12-07.21:23:03::SCWPlatform::Completed generating the artifacts for system configuration Final_Project
TRACE::2021-12-07.21:23:03::SCWPlatform::Started preparing the platform 
TRACE::2021-12-07.21:23:03::SCWSystem::Writing the bif file for system config Final_Project
TRACE::2021-12-07.21:23:03::SCWSystem::dir created 
TRACE::2021-12-07.21:23:03::SCWSystem::Writing the bif 
TRACE::2021-12-07.21:23:03::SCWPlatform::Started writing the spfm file 
TRACE::2021-12-07.21:23:03::SCWPlatform::Started writing the xpfm file 
TRACE::2021-12-07.21:23:03::SCWPlatform::Completed generating the platform
TRACE::2021-12-07.21:23:03::SCWMssOS::Saving the mss changes C:/Users/david_davis1/Box/SoC/ClassReports/SoC/Final_Project/FPWorkspace/Final_Project/microblaze_I/standalone_domain/bsp/system.mss
TRACE::2021-12-07.21:23:03::SCWMssOS::Found a swdesign opened with the mssfile.
TRACE::2021-12-07.21:23:03::SCWMssOS::Completed writemss as part of save.
TRACE::2021-12-07.21:23:03::SCWMssOS::Commit changes completed.
TRACE::2021-12-07.21:23:03::SCWPlatform::Trying to open the hw design at C:/Users/david_davis1/Box/SoC/ClassReports/SoC/Final_Project/FPWorkspace/Final_Project/hw/Final_Projectxsa.xsa
TRACE::2021-12-07.21:23:03::SCWPlatform::DSA given C:/Users/david_davis1/Box/SoC/ClassReports/SoC/Final_Project/FPWorkspace/Final_Project/hw/Final_Projectxsa.xsa
TRACE::2021-12-07.21:23:03::SCWPlatform::DSA absoulate path C:/Users/david_davis1/Box/SoC/ClassReports/SoC/Final_Project/FPWorkspace/Final_Project/hw/Final_Projectxsa.xsa
TRACE::2021-12-07.21:23:03::SCWPlatform::DSA directory C:/Users/david_davis1/Box/SoC/ClassReports/SoC/Final_Project/FPWorkspace/Final_Project/hw
TRACE::2021-12-07.21:23:03::SCWPlatform:: Platform Path C:/Users/david_davis1/Box/SoC/ClassReports/SoC/Final_Project/FPWorkspace/Final_Project/hw/Final_Projectxsa.xsa
TRACE::2021-12-07.21:23:03::SCWPlatform:: Unique name xilinx:nexys4_ddr::0.0
TRACE::2021-12-07.21:23:03::SCWPlatform::Trying to set the existing hwdb with name mcs_top_vanilla_0
TRACE::2021-12-07.21:23:03::SCWPlatform::Opened existing hwdb mcs_top_vanilla_0
TRACE::2021-12-07.21:23:03::SCWPlatform::Found the Hw Db part of the input DSA
TRACE::2021-12-07.21:23:03::SCWMssOS::Checking the sw design at  C:/Users/david_davis1/Box/SoC/ClassReports/SoC/Final_Project/FPWorkspace/Final_Project/microblaze_I/standalone_domain/bsp/system.mss
TRACE::2021-12-07.21:23:03::SCWMssOS::DEBUG:  swdes dump  C:/Users/david_davis1/Box/SoC/ClassReports/SoC/Final_Project/FPWorkspace/Final_Project/microblaze_I/standalone_domain/bsp/system.mss|system||

TRACE::2021-12-07.21:23:03::SCWMssOS::Sw design exists and opened at  C:/Users/david_davis1/Box/SoC/ClassReports/SoC/Final_Project/FPWorkspace/Final_Project/microblaze_I/standalone_domain/bsp/system.mss
TRACE::2021-12-07.21:23:03::SCWPlatform::Trying to open the hw design at C:/Users/david_davis1/Box/SoC/ClassReports/SoC/Final_Project/FPWorkspace/Final_Project/hw/Final_Projectxsa.xsa
TRACE::2021-12-07.21:23:03::SCWPlatform::DSA given C:/Users/david_davis1/Box/SoC/ClassReports/SoC/Final_Project/FPWorkspace/Final_Project/hw/Final_Projectxsa.xsa
TRACE::2021-12-07.21:23:03::SCWPlatform::DSA absoulate path C:/Users/david_davis1/Box/SoC/ClassReports/SoC/Final_Project/FPWorkspace/Final_Project/hw/Final_Projectxsa.xsa
TRACE::2021-12-07.21:23:03::SCWPlatform::DSA directory C:/Users/david_davis1/Box/SoC/ClassReports/SoC/Final_Project/FPWorkspace/Final_Project/hw
TRACE::2021-12-07.21:23:03::SCWPlatform:: Platform Path C:/Users/david_davis1/Box/SoC/ClassReports/SoC/Final_Project/FPWorkspace/Final_Project/hw/Final_Projectxsa.xsa
TRACE::2021-12-07.21:23:03::SCWPlatform:: Unique name xilinx:nexys4_ddr::0.0
TRACE::2021-12-07.21:23:03::SCWPlatform::Trying to set the existing hwdb with name mcs_top_vanilla_0
TRACE::2021-12-07.21:23:03::SCWPlatform::Opened existing hwdb mcs_top_vanilla_0
TRACE::2021-12-07.21:23:03::SCWPlatform::Found the Hw Db part of the input DSA
TRACE::2021-12-07.21:23:03::SCWMssOS::Checking the sw design at  C:/Users/david_davis1/Box/SoC/ClassReports/SoC/Final_Project/FPWorkspace/Final_Project/microblaze_I/standalone_domain/bsp/system.mss
TRACE::2021-12-07.21:23:03::SCWMssOS::DEBUG:  swdes dump  C:/Users/david_davis1/Box/SoC/ClassReports/SoC/Final_Project/FPWorkspace/Final_Project/microblaze_I/standalone_domain/bsp/system.mss|system||

TRACE::2021-12-07.21:23:03::SCWMssOS::Sw design exists and opened at  C:/Users/david_davis1/Box/SoC/ClassReports/SoC/Final_Project/FPWorkspace/Final_Project/microblaze_I/standalone_domain/bsp/system.mss
TRACE::2021-12-07.21:23:03::SCWPlatform::Trying to open the hw design at C:/Users/david_davis1/Box/SoC/ClassReports/SoC/Final_Project/FPWorkspace/Final_Project/hw/Final_Projectxsa.xsa
TRACE::2021-12-07.21:23:03::SCWPlatform::DSA given C:/Users/david_davis1/Box/SoC/ClassReports/SoC/Final_Project/FPWorkspace/Final_Project/hw/Final_Projectxsa.xsa
TRACE::2021-12-07.21:23:03::SCWPlatform::DSA absoulate path C:/Users/david_davis1/Box/SoC/ClassReports/SoC/Final_Project/FPWorkspace/Final_Project/hw/Final_Projectxsa.xsa
TRACE::2021-12-07.21:23:03::SCWPlatform::DSA directory C:/Users/david_davis1/Box/SoC/ClassReports/SoC/Final_Project/FPWorkspace/Final_Project/hw
TRACE::2021-12-07.21:23:03::SCWPlatform:: Platform Path C:/Users/david_davis1/Box/SoC/ClassReports/SoC/Final_Project/FPWorkspace/Final_Project/hw/Final_Projectxsa.xsa
TRACE::2021-12-07.21:23:03::SCWPlatform:: Unique name xilinx:nexys4_ddr::0.0
TRACE::2021-12-07.21:23:03::SCWPlatform::Trying to set the existing hwdb with name mcs_top_vanilla_0
TRACE::2021-12-07.21:23:03::SCWPlatform::Opened existing hwdb mcs_top_vanilla_0
TRACE::2021-12-07.21:23:03::SCWPlatform::Found the Hw Db part of the input DSA
TRACE::2021-12-07.21:23:03::SCWMssOS::Checking the sw design at  C:/Users/david_davis1/Box/SoC/ClassReports/SoC/Final_Project/FPWorkspace/Final_Project/microblaze_I/standalone_domain/bsp/system.mss
TRACE::2021-12-07.21:23:03::SCWMssOS::DEBUG:  swdes dump  C:/Users/david_davis1/Box/SoC/ClassReports/SoC/Final_Project/FPWorkspace/Final_Project/microblaze_I/standalone_domain/bsp/system.mss|system||

TRACE::2021-12-07.21:23:03::SCWMssOS::Sw design exists and opened at  C:/Users/david_davis1/Box/SoC/ClassReports/SoC/Final_Project/FPWorkspace/Final_Project/microblaze_I/standalone_domain/bsp/system.mss
TRACE::2021-12-07.21:23:03::SCWWriter::formatted JSON is {
	"platformName":	"Final_Project",
	"sprVersion":	"2.0",
	"mode":	"gui",
	"dsaType":	"Fixed",
	"platformDesc":	"Final_Project",
	"platHandOff":	"C:/Users/david_davis1/Box/SoC/ClassReports/SoC/Final_Project/Final_Projectxsa.xsa",
	"platIntHandOff":	"<platformDir>/hw/Final_Projectxsa.xsa",
	"deviceType":	"FPGA",
	"platIsPrebuiltAutogen":	"false",
	"platIsNoBootBsp":	"false",
	"hasFsblMakeHasChanges":	"false",
	"hasPmufwMakeHasChanges":	"false",
	"platPreBuiltFlag":	false,
	"platformSamplesDir":	"",
	"platActiveSys":	"Final_Project",
	"systems":	[{
			"systemName":	"Final_Project",
			"systemDesc":	"Final_Project",
			"sysIsBootAutoGen":	"true",
			"systemDispName":	"Final_Project",
			"sysActiveDom":	"standalone_domain",
			"sysDefaultDom":	"standalone_domain",
			"domains":	[{
					"domainName":	"standalone_domain",
					"domainDispName":	"standalone_domain",
					"domainDesc":	"standalone_domain",
					"processors":	"microblaze_I",
					"os":	"standalone",
					"sdxOs":	"standalone",
					"debugEnable":	"False",
					"domRuntimes":	["cpp"],
					"swRepo":	"",
					"mssOsVer":	"7.5",
					"mssFile":	"",
					"md5Digest":	"eba555455e071421aede40df93d1ae8e",
					"compatibleApp":	"",
					"domType":	"mssDomain",
					"arch":	"32-bit",
					"appSettings":	{
						"appCompilerFlags":	"",
						"appLinkerFlags":	""
					},
					"addedLibs":	[],
					"libOptions":	{
						"libsContainingOptions":	[]
					},
					"prebuiltLibs":	{
						"prebuiltIncPath":	[],
						"prebuiltLibPath":	[]
					},
					"isolation":	{
					}
				}]
		}]
}
KEYINFO::2021-12-07.21:23:03::SCWPlatform::updated the xpfm file.
TRACE::2021-12-07.21:23:03::SCWPlatform::Trying to open the hw design at C:/Users/david_davis1/Box/SoC/ClassReports/SoC/Final_Project/FPWorkspace/Final_Project/hw/Final_Projectxsa.xsa
TRACE::2021-12-07.21:23:03::SCWPlatform::DSA given C:/Users/david_davis1/Box/SoC/ClassReports/SoC/Final_Project/FPWorkspace/Final_Project/hw/Final_Projectxsa.xsa
TRACE::2021-12-07.21:23:03::SCWPlatform::DSA absoulate path C:/Users/david_davis1/Box/SoC/ClassReports/SoC/Final_Project/FPWorkspace/Final_Project/hw/Final_Projectxsa.xsa
TRACE::2021-12-07.21:23:03::SCWPlatform::DSA directory C:/Users/david_davis1/Box/SoC/ClassReports/SoC/Final_Project/FPWorkspace/Final_Project/hw
TRACE::2021-12-07.21:23:03::SCWPlatform:: Platform Path C:/Users/david_davis1/Box/SoC/ClassReports/SoC/Final_Project/FPWorkspace/Final_Project/hw/Final_Projectxsa.xsa
TRACE::2021-12-07.21:23:03::SCWPlatform:: Unique name xilinx:nexys4_ddr::0.0
TRACE::2021-12-07.21:23:03::SCWPlatform::Trying to set the existing hwdb with name mcs_top_vanilla_0
TRACE::2021-12-07.21:23:03::SCWPlatform::Opened existing hwdb mcs_top_vanilla_0
TRACE::2021-12-07.21:23:03::SCWPlatform::Found the Hw Db part of the input DSA
TRACE::2021-12-07.21:23:03::SCWMssOS::Checking the sw design at  C:/Users/david_davis1/Box/SoC/ClassReports/SoC/Final_Project/FPWorkspace/Final_Project/microblaze_I/standalone_domain/bsp/system.mss
TRACE::2021-12-07.21:23:03::SCWMssOS::DEBUG:  swdes dump  C:/Users/david_davis1/Box/SoC/ClassReports/SoC/Final_Project/FPWorkspace/Final_Project/microblaze_I/standalone_domain/bsp/system.mss|system||

TRACE::2021-12-07.21:23:03::SCWMssOS::Sw design exists and opened at  C:/Users/david_davis1/Box/SoC/ClassReports/SoC/Final_Project/FPWorkspace/Final_Project/microblaze_I/standalone_domain/bsp/system.mss
TRACE::2021-12-07.21:23:03::SCWMssOS::Saving the mss changes C:/Users/david_davis1/Box/SoC/ClassReports/SoC/Final_Project/FPWorkspace/Final_Project/microblaze_I/standalone_domain/bsp/system.mss
TRACE::2021-12-07.21:23:03::SCWMssOS::Found a swdesign opened with the mssfile.
TRACE::2021-12-07.21:23:04::SCWMssOS::Completed writemss as part of save.
TRACE::2021-12-07.21:23:04::SCWMssOS::Commit changes completed.
TRACE::2021-12-07.21:23:04::SCWPlatform::Trying to open the hw design at C:/Users/david_davis1/Box/SoC/ClassReports/SoC/Final_Project/FPWorkspace/Final_Project/hw/Final_Projectxsa.xsa
TRACE::2021-12-07.21:23:04::SCWPlatform::DSA given C:/Users/david_davis1/Box/SoC/ClassReports/SoC/Final_Project/FPWorkspace/Final_Project/hw/Final_Projectxsa.xsa
TRACE::2021-12-07.21:23:04::SCWPlatform::DSA absoulate path C:/Users/david_davis1/Box/SoC/ClassReports/SoC/Final_Project/FPWorkspace/Final_Project/hw/Final_Projectxsa.xsa
TRACE::2021-12-07.21:23:04::SCWPlatform::DSA directory C:/Users/david_davis1/Box/SoC/ClassReports/SoC/Final_Project/FPWorkspace/Final_Project/hw
TRACE::2021-12-07.21:23:04::SCWPlatform:: Platform Path C:/Users/david_davis1/Box/SoC/ClassReports/SoC/Final_Project/FPWorkspace/Final_Project/hw/Final_Projectxsa.xsa
TRACE::2021-12-07.21:23:04::SCWPlatform:: Unique name xilinx:nexys4_ddr::0.0
TRACE::2021-12-07.21:23:04::SCWPlatform::Trying to set the existing hwdb with name mcs_top_vanilla_0
TRACE::2021-12-07.21:23:04::SCWPlatform::Opened existing hwdb mcs_top_vanilla_0
TRACE::2021-12-07.21:23:04::SCWPlatform::Found the Hw Db part of the input DSA
TRACE::2021-12-07.21:23:04::SCWMssOS::Checking the sw design at  C:/Users/david_davis1/Box/SoC/ClassReports/SoC/Final_Project/FPWorkspace/Final_Project/microblaze_I/standalone_domain/bsp/system.mss
TRACE::2021-12-07.21:23:04::SCWMssOS::DEBUG:  swdes dump  C:/Users/david_davis1/Box/SoC/ClassReports/SoC/Final_Project/FPWorkspace/Final_Project/microblaze_I/standalone_domain/bsp/system.mss|system||

TRACE::2021-12-07.21:23:04::SCWMssOS::Sw design exists and opened at  C:/Users/david_davis1/Box/SoC/ClassReports/SoC/Final_Project/FPWorkspace/Final_Project/microblaze_I/standalone_domain/bsp/system.mss
TRACE::2021-12-07.21:23:04::SCWPlatform::Trying to open the hw design at C:/Users/david_davis1/Box/SoC/ClassReports/SoC/Final_Project/FPWorkspace/Final_Project/hw/Final_Projectxsa.xsa
TRACE::2021-12-07.21:23:04::SCWPlatform::DSA given C:/Users/david_davis1/Box/SoC/ClassReports/SoC/Final_Project/FPWorkspace/Final_Project/hw/Final_Projectxsa.xsa
TRACE::2021-12-07.21:23:04::SCWPlatform::DSA absoulate path C:/Users/david_davis1/Box/SoC/ClassReports/SoC/Final_Project/FPWorkspace/Final_Project/hw/Final_Projectxsa.xsa
TRACE::2021-12-07.21:23:04::SCWPlatform::DSA directory C:/Users/david_davis1/Box/SoC/ClassReports/SoC/Final_Project/FPWorkspace/Final_Project/hw
TRACE::2021-12-07.21:23:04::SCWPlatform:: Platform Path C:/Users/david_davis1/Box/SoC/ClassReports/SoC/Final_Project/FPWorkspace/Final_Project/hw/Final_Projectxsa.xsa
TRACE::2021-12-07.21:23:04::SCWPlatform:: Unique name xilinx:nexys4_ddr::0.0
TRACE::2021-12-07.21:23:04::SCWPlatform::Trying to set the existing hwdb with name mcs_top_vanilla_0
TRACE::2021-12-07.21:23:04::SCWPlatform::Opened existing hwdb mcs_top_vanilla_0
TRACE::2021-12-07.21:23:04::SCWPlatform::Found the Hw Db part of the input DSA
TRACE::2021-12-07.21:23:04::SCWMssOS::Checking the sw design at  C:/Users/david_davis1/Box/SoC/ClassReports/SoC/Final_Project/FPWorkspace/Final_Project/microblaze_I/standalone_domain/bsp/system.mss
TRACE::2021-12-07.21:23:04::SCWMssOS::DEBUG:  swdes dump  C:/Users/david_davis1/Box/SoC/ClassReports/SoC/Final_Project/FPWorkspace/Final_Project/microblaze_I/standalone_domain/bsp/system.mss|system||

TRACE::2021-12-07.21:23:04::SCWMssOS::Sw design exists and opened at  C:/Users/david_davis1/Box/SoC/ClassReports/SoC/Final_Project/FPWorkspace/Final_Project/microblaze_I/standalone_domain/bsp/system.mss
TRACE::2021-12-07.21:23:04::SCWPlatform::Trying to open the hw design at C:/Users/david_davis1/Box/SoC/ClassReports/SoC/Final_Project/FPWorkspace/Final_Project/hw/Final_Projectxsa.xsa
TRACE::2021-12-07.21:23:04::SCWPlatform::DSA given C:/Users/david_davis1/Box/SoC/ClassReports/SoC/Final_Project/FPWorkspace/Final_Project/hw/Final_Projectxsa.xsa
TRACE::2021-12-07.21:23:04::SCWPlatform::DSA absoulate path C:/Users/david_davis1/Box/SoC/ClassReports/SoC/Final_Project/FPWorkspace/Final_Project/hw/Final_Projectxsa.xsa
TRACE::2021-12-07.21:23:04::SCWPlatform::DSA directory C:/Users/david_davis1/Box/SoC/ClassReports/SoC/Final_Project/FPWorkspace/Final_Project/hw
TRACE::2021-12-07.21:23:04::SCWPlatform:: Platform Path C:/Users/david_davis1/Box/SoC/ClassReports/SoC/Final_Project/FPWorkspace/Final_Project/hw/Final_Projectxsa.xsa
TRACE::2021-12-07.21:23:04::SCWPlatform:: Unique name xilinx:nexys4_ddr::0.0
TRACE::2021-12-07.21:23:04::SCWPlatform::Trying to set the existing hwdb with name mcs_top_vanilla_0
TRACE::2021-12-07.21:23:04::SCWPlatform::Opened existing hwdb mcs_top_vanilla_0
TRACE::2021-12-07.21:23:04::SCWPlatform::Found the Hw Db part of the input DSA
TRACE::2021-12-07.21:23:04::SCWMssOS::Checking the sw design at  C:/Users/david_davis1/Box/SoC/ClassReports/SoC/Final_Project/FPWorkspace/Final_Project/microblaze_I/standalone_domain/bsp/system.mss
TRACE::2021-12-07.21:23:04::SCWMssOS::DEBUG:  swdes dump  C:/Users/david_davis1/Box/SoC/ClassReports/SoC/Final_Project/FPWorkspace/Final_Project/microblaze_I/standalone_domain/bsp/system.mss|system||

TRACE::2021-12-07.21:23:04::SCWMssOS::Sw design exists and opened at  C:/Users/david_davis1/Box/SoC/ClassReports/SoC/Final_Project/FPWorkspace/Final_Project/microblaze_I/standalone_domain/bsp/system.mss
TRACE::2021-12-07.21:23:04::SCWWriter::formatted JSON is {
	"platformName":	"Final_Project",
	"sprVersion":	"2.0",
	"mode":	"gui",
	"dsaType":	"Fixed",
	"platformDesc":	"Final_Project",
	"platHandOff":	"C:/Users/david_davis1/Box/SoC/ClassReports/SoC/Final_Project/Final_Projectxsa.xsa",
	"platIntHandOff":	"<platformDir>/hw/Final_Projectxsa.xsa",
	"deviceType":	"FPGA",
	"platIsPrebuiltAutogen":	"false",
	"platIsNoBootBsp":	"false",
	"hasFsblMakeHasChanges":	"false",
	"hasPmufwMakeHasChanges":	"false",
	"platPreBuiltFlag":	false,
	"platformSamplesDir":	"",
	"platActiveSys":	"Final_Project",
	"systems":	[{
			"systemName":	"Final_Project",
			"systemDesc":	"Final_Project",
			"sysIsBootAutoGen":	"true",
			"systemDispName":	"Final_Project",
			"sysActiveDom":	"standalone_domain",
			"sysDefaultDom":	"standalone_domain",
			"domains":	[{
					"domainName":	"standalone_domain",
					"domainDispName":	"standalone_domain",
					"domainDesc":	"standalone_domain",
					"processors":	"microblaze_I",
					"os":	"standalone",
					"sdxOs":	"standalone",
					"debugEnable":	"False",
					"domRuntimes":	["cpp"],
					"swRepo":	"",
					"mssOsVer":	"7.5",
					"mssFile":	"",
					"md5Digest":	"eba555455e071421aede40df93d1ae8e",
					"compatibleApp":	"",
					"domType":	"mssDomain",
					"arch":	"32-bit",
					"appSettings":	{
						"appCompilerFlags":	"",
						"appLinkerFlags":	""
					},
					"addedLibs":	[],
					"libOptions":	{
						"libsContainingOptions":	[]
					},
					"prebuiltLibs":	{
						"prebuiltIncPath":	[],
						"prebuiltLibPath":	[]
					},
					"isolation":	{
					}
				}]
		}]
}
TRACE::2021-12-07.21:23:04::SCWPlatform::Trying to open the hw design at C:/Users/david_davis1/Box/SoC/ClassReports/SoC/Final_Project/FPWorkspace/Final_Project/hw/Final_Projectxsa.xsa
TRACE::2021-12-07.21:23:04::SCWPlatform::DSA given C:/Users/david_davis1/Box/SoC/ClassReports/SoC/Final_Project/FPWorkspace/Final_Project/hw/Final_Projectxsa.xsa
TRACE::2021-12-07.21:23:04::SCWPlatform::DSA absoulate path C:/Users/david_davis1/Box/SoC/ClassReports/SoC/Final_Project/FPWorkspace/Final_Project/hw/Final_Projectxsa.xsa
TRACE::2021-12-07.21:23:04::SCWPlatform::DSA directory C:/Users/david_davis1/Box/SoC/ClassReports/SoC/Final_Project/FPWorkspace/Final_Project/hw
TRACE::2021-12-07.21:23:04::SCWPlatform:: Platform Path C:/Users/david_davis1/Box/SoC/ClassReports/SoC/Final_Project/FPWorkspace/Final_Project/hw/Final_Projectxsa.xsa
TRACE::2021-12-07.21:23:04::SCWPlatform:: Unique name xilinx:nexys4_ddr::0.0
TRACE::2021-12-07.21:23:04::SCWPlatform::Trying to set the existing hwdb with name mcs_top_vanilla_0
TRACE::2021-12-07.21:23:04::SCWPlatform::Opened existing hwdb mcs_top_vanilla_0
TRACE::2021-12-07.21:23:04::SCWPlatform::Found the Hw Db part of the input DSA
TRACE::2021-12-07.21:23:04::SCWMssOS::Checking the sw design at  C:/Users/david_davis1/Box/SoC/ClassReports/SoC/Final_Project/FPWorkspace/Final_Project/microblaze_I/standalone_domain/bsp/system.mss
TRACE::2021-12-07.21:23:04::SCWMssOS::DEBUG:  swdes dump  C:/Users/david_davis1/Box/SoC/ClassReports/SoC/Final_Project/FPWorkspace/Final_Project/microblaze_I/standalone_domain/bsp/system.mss|system||

TRACE::2021-12-07.21:23:04::SCWMssOS::Sw design exists and opened at  C:/Users/david_davis1/Box/SoC/ClassReports/SoC/Final_Project/FPWorkspace/Final_Project/microblaze_I/standalone_domain/bsp/system.mss
TRACE::2021-12-07.21:23:04::SCWPlatform::Trying to open the hw design at C:/Users/david_davis1/Box/SoC/ClassReports/SoC/Final_Project/FPWorkspace/Final_Project/hw/Final_Projectxsa.xsa
TRACE::2021-12-07.21:23:04::SCWPlatform::DSA given C:/Users/david_davis1/Box/SoC/ClassReports/SoC/Final_Project/FPWorkspace/Final_Project/hw/Final_Projectxsa.xsa
TRACE::2021-12-07.21:23:04::SCWPlatform::DSA absoulate path C:/Users/david_davis1/Box/SoC/ClassReports/SoC/Final_Project/FPWorkspace/Final_Project/hw/Final_Projectxsa.xsa
TRACE::2021-12-07.21:23:04::SCWPlatform::DSA directory C:/Users/david_davis1/Box/SoC/ClassReports/SoC/Final_Project/FPWorkspace/Final_Project/hw
TRACE::2021-12-07.21:23:04::SCWPlatform:: Platform Path C:/Users/david_davis1/Box/SoC/ClassReports/SoC/Final_Project/FPWorkspace/Final_Project/hw/Final_Projectxsa.xsa
TRACE::2021-12-07.21:23:04::SCWPlatform:: Unique name xilinx:nexys4_ddr::0.0
TRACE::2021-12-07.21:23:04::SCWPlatform::Trying to set the existing hwdb with name mcs_top_vanilla_0
TRACE::2021-12-07.21:23:04::SCWPlatform::Opened existing hwdb mcs_top_vanilla_0
TRACE::2021-12-07.21:23:04::SCWPlatform::Found the Hw Db part of the input DSA
TRACE::2021-12-07.21:23:04::SCWMssOS::Checking the sw design at  C:/Users/david_davis1/Box/SoC/ClassReports/SoC/Final_Project/FPWorkspace/Final_Project/microblaze_I/standalone_domain/bsp/system.mss
TRACE::2021-12-07.21:23:04::SCWMssOS::DEBUG:  swdes dump  C:/Users/david_davis1/Box/SoC/ClassReports/SoC/Final_Project/FPWorkspace/Final_Project/microblaze_I/standalone_domain/bsp/system.mss|system||

TRACE::2021-12-07.21:23:04::SCWMssOS::Sw design exists and opened at  C:/Users/david_davis1/Box/SoC/ClassReports/SoC/Final_Project/FPWorkspace/Final_Project/microblaze_I/standalone_domain/bsp/system.mss
TRACE::2021-12-07.21:23:04::SCWPlatform::Trying to open the hw design at C:/Users/david_davis1/Box/SoC/ClassReports/SoC/Final_Project/FPWorkspace/Final_Project/hw/Final_Projectxsa.xsa
TRACE::2021-12-07.21:23:04::SCWPlatform::DSA given C:/Users/david_davis1/Box/SoC/ClassReports/SoC/Final_Project/FPWorkspace/Final_Project/hw/Final_Projectxsa.xsa
TRACE::2021-12-07.21:23:04::SCWPlatform::DSA absoulate path C:/Users/david_davis1/Box/SoC/ClassReports/SoC/Final_Project/FPWorkspace/Final_Project/hw/Final_Projectxsa.xsa
TRACE::2021-12-07.21:23:04::SCWPlatform::DSA directory C:/Users/david_davis1/Box/SoC/ClassReports/SoC/Final_Project/FPWorkspace/Final_Project/hw
TRACE::2021-12-07.21:23:04::SCWPlatform:: Platform Path C:/Users/david_davis1/Box/SoC/ClassReports/SoC/Final_Project/FPWorkspace/Final_Project/hw/Final_Projectxsa.xsa
TRACE::2021-12-07.21:23:04::SCWPlatform:: Unique name xilinx:nexys4_ddr::0.0
TRACE::2021-12-07.21:23:04::SCWPlatform::Trying to set the existing hwdb with name mcs_top_vanilla_0
TRACE::2021-12-07.21:23:04::SCWPlatform::Opened existing hwdb mcs_top_vanilla_0
TRACE::2021-12-07.21:23:04::SCWPlatform::Found the Hw Db part of the input DSA
TRACE::2021-12-07.21:23:04::SCWMssOS::Checking the sw design at  C:/Users/david_davis1/Box/SoC/ClassReports/SoC/Final_Project/FPWorkspace/Final_Project/microblaze_I/standalone_domain/bsp/system.mss
TRACE::2021-12-07.21:23:04::SCWMssOS::DEBUG:  swdes dump  C:/Users/david_davis1/Box/SoC/ClassReports/SoC/Final_Project/FPWorkspace/Final_Project/microblaze_I/standalone_domain/bsp/system.mss|system||

TRACE::2021-12-07.21:23:04::SCWMssOS::Sw design exists and opened at  C:/Users/david_davis1/Box/SoC/ClassReports/SoC/Final_Project/FPWorkspace/Final_Project/microblaze_I/standalone_domain/bsp/system.mss
TRACE::2021-12-07.21:23:04::SCWMssOS::Saving the mss changes C:/Users/david_davis1/Box/SoC/ClassReports/SoC/Final_Project/FPWorkspace/Final_Project/microblaze_I/standalone_domain/bsp/system.mss
TRACE::2021-12-07.21:23:04::SCWMssOS::Found a swdesign opened with the mssfile.
TRACE::2021-12-07.21:23:04::SCWMssOS::Completed writemss as part of save.
TRACE::2021-12-07.21:23:04::SCWMssOS::Commit changes completed.
TRACE::2021-12-07.21:23:04::SCWPlatform::Trying to open the hw design at C:/Users/david_davis1/Box/SoC/ClassReports/SoC/Final_Project/FPWorkspace/Final_Project/hw/Final_Projectxsa.xsa
TRACE::2021-12-07.21:23:04::SCWPlatform::DSA given C:/Users/david_davis1/Box/SoC/ClassReports/SoC/Final_Project/FPWorkspace/Final_Project/hw/Final_Projectxsa.xsa
TRACE::2021-12-07.21:23:04::SCWPlatform::DSA absoulate path C:/Users/david_davis1/Box/SoC/ClassReports/SoC/Final_Project/FPWorkspace/Final_Project/hw/Final_Projectxsa.xsa
TRACE::2021-12-07.21:23:04::SCWPlatform::DSA directory C:/Users/david_davis1/Box/SoC/ClassReports/SoC/Final_Project/FPWorkspace/Final_Project/hw
TRACE::2021-12-07.21:23:04::SCWPlatform:: Platform Path C:/Users/david_davis1/Box/SoC/ClassReports/SoC/Final_Project/FPWorkspace/Final_Project/hw/Final_Projectxsa.xsa
TRACE::2021-12-07.21:23:04::SCWPlatform:: Unique name xilinx:nexys4_ddr::0.0
TRACE::2021-12-07.21:23:04::SCWPlatform::Trying to set the existing hwdb with name mcs_top_vanilla_0
TRACE::2021-12-07.21:23:04::SCWPlatform::Opened existing hwdb mcs_top_vanilla_0
TRACE::2021-12-07.21:23:04::SCWPlatform::Found the Hw Db part of the input DSA
TRACE::2021-12-07.21:23:04::SCWMssOS::Checking the sw design at  C:/Users/david_davis1/Box/SoC/ClassReports/SoC/Final_Project/FPWorkspace/Final_Project/microblaze_I/standalone_domain/bsp/system.mss
TRACE::2021-12-07.21:23:04::SCWMssOS::DEBUG:  swdes dump  C:/Users/david_davis1/Box/SoC/ClassReports/SoC/Final_Project/FPWorkspace/Final_Project/microblaze_I/standalone_domain/bsp/system.mss|system||

TRACE::2021-12-07.21:23:04::SCWMssOS::Sw design exists and opened at  C:/Users/david_davis1/Box/SoC/ClassReports/SoC/Final_Project/FPWorkspace/Final_Project/microblaze_I/standalone_domain/bsp/system.mss
TRACE::2021-12-07.21:23:04::SCWPlatform::Trying to open the hw design at C:/Users/david_davis1/Box/SoC/ClassReports/SoC/Final_Project/FPWorkspace/Final_Project/hw/Final_Projectxsa.xsa
TRACE::2021-12-07.21:23:04::SCWPlatform::DSA given C:/Users/david_davis1/Box/SoC/ClassReports/SoC/Final_Project/FPWorkspace/Final_Project/hw/Final_Projectxsa.xsa
TRACE::2021-12-07.21:23:04::SCWPlatform::DSA absoulate path C:/Users/david_davis1/Box/SoC/ClassReports/SoC/Final_Project/FPWorkspace/Final_Project/hw/Final_Projectxsa.xsa
TRACE::2021-12-07.21:23:04::SCWPlatform::DSA directory C:/Users/david_davis1/Box/SoC/ClassReports/SoC/Final_Project/FPWorkspace/Final_Project/hw
TRACE::2021-12-07.21:23:04::SCWPlatform:: Platform Path C:/Users/david_davis1/Box/SoC/ClassReports/SoC/Final_Project/FPWorkspace/Final_Project/hw/Final_Projectxsa.xsa
TRACE::2021-12-07.21:23:04::SCWPlatform:: Unique name xilinx:nexys4_ddr::0.0
TRACE::2021-12-07.21:23:04::SCWPlatform::Trying to set the existing hwdb with name mcs_top_vanilla_0
TRACE::2021-12-07.21:23:04::SCWPlatform::Opened existing hwdb mcs_top_vanilla_0
TRACE::2021-12-07.21:23:04::SCWPlatform::Found the Hw Db part of the input DSA
TRACE::2021-12-07.21:23:04::SCWMssOS::Checking the sw design at  C:/Users/david_davis1/Box/SoC/ClassReports/SoC/Final_Project/FPWorkspace/Final_Project/microblaze_I/standalone_domain/bsp/system.mss
TRACE::2021-12-07.21:23:04::SCWMssOS::DEBUG:  swdes dump  C:/Users/david_davis1/Box/SoC/ClassReports/SoC/Final_Project/FPWorkspace/Final_Project/microblaze_I/standalone_domain/bsp/system.mss|system||

TRACE::2021-12-07.21:23:04::SCWMssOS::Sw design exists and opened at  C:/Users/david_davis1/Box/SoC/ClassReports/SoC/Final_Project/FPWorkspace/Final_Project/microblaze_I/standalone_domain/bsp/system.mss
TRACE::2021-12-07.21:23:04::SCWPlatform::Trying to open the hw design at C:/Users/david_davis1/Box/SoC/ClassReports/SoC/Final_Project/FPWorkspace/Final_Project/hw/Final_Projectxsa.xsa
TRACE::2021-12-07.21:23:04::SCWPlatform::DSA given C:/Users/david_davis1/Box/SoC/ClassReports/SoC/Final_Project/FPWorkspace/Final_Project/hw/Final_Projectxsa.xsa
TRACE::2021-12-07.21:23:04::SCWPlatform::DSA absoulate path C:/Users/david_davis1/Box/SoC/ClassReports/SoC/Final_Project/FPWorkspace/Final_Project/hw/Final_Projectxsa.xsa
TRACE::2021-12-07.21:23:04::SCWPlatform::DSA directory C:/Users/david_davis1/Box/SoC/ClassReports/SoC/Final_Project/FPWorkspace/Final_Project/hw
TRACE::2021-12-07.21:23:05::SCWPlatform:: Platform Path C:/Users/david_davis1/Box/SoC/ClassReports/SoC/Final_Project/FPWorkspace/Final_Project/hw/Final_Projectxsa.xsa
TRACE::2021-12-07.21:23:05::SCWPlatform:: Unique name xilinx:nexys4_ddr::0.0
TRACE::2021-12-07.21:23:05::SCWPlatform::Trying to set the existing hwdb with name mcs_top_vanilla_0
TRACE::2021-12-07.21:23:05::SCWPlatform::Opened existing hwdb mcs_top_vanilla_0
TRACE::2021-12-07.21:23:05::SCWPlatform::Found the Hw Db part of the input DSA
TRACE::2021-12-07.21:23:05::SCWMssOS::Checking the sw design at  C:/Users/david_davis1/Box/SoC/ClassReports/SoC/Final_Project/FPWorkspace/Final_Project/microblaze_I/standalone_domain/bsp/system.mss
TRACE::2021-12-07.21:23:05::SCWMssOS::DEBUG:  swdes dump  C:/Users/david_davis1/Box/SoC/ClassReports/SoC/Final_Project/FPWorkspace/Final_Project/microblaze_I/standalone_domain/bsp/system.mss|system||

TRACE::2021-12-07.21:23:05::SCWMssOS::Sw design exists and opened at  C:/Users/david_davis1/Box/SoC/ClassReports/SoC/Final_Project/FPWorkspace/Final_Project/microblaze_I/standalone_domain/bsp/system.mss
TRACE::2021-12-07.21:23:05::SCWWriter::formatted JSON is {
	"platformName":	"Final_Project",
	"sprVersion":	"2.0",
	"mode":	"gui",
	"dsaType":	"Fixed",
	"platformDesc":	"Final_Project",
	"platHandOff":	"C:/Users/david_davis1/Box/SoC/ClassReports/SoC/Final_Project/Final_Projectxsa.xsa",
	"platIntHandOff":	"<platformDir>/hw/Final_Projectxsa.xsa",
	"deviceType":	"FPGA",
	"platIsPrebuiltAutogen":	"false",
	"platIsNoBootBsp":	"false",
	"hasFsblMakeHasChanges":	"false",
	"hasPmufwMakeHasChanges":	"false",
	"platPreBuiltFlag":	false,
	"platformSamplesDir":	"",
	"platActiveSys":	"Final_Project",
	"systems":	[{
			"systemName":	"Final_Project",
			"systemDesc":	"Final_Project",
			"sysIsBootAutoGen":	"true",
			"systemDispName":	"Final_Project",
			"sysActiveDom":	"standalone_domain",
			"sysDefaultDom":	"standalone_domain",
			"domains":	[{
					"domainName":	"standalone_domain",
					"domainDispName":	"standalone on microblaze_I",
					"domainDesc":	"standalone_domain",
					"processors":	"microblaze_I",
					"os":	"standalone",
					"sdxOs":	"standalone",
					"debugEnable":	"False",
					"domRuntimes":	["cpp"],
					"swRepo":	"",
					"mssOsVer":	"7.5",
					"mssFile":	"",
					"md5Digest":	"eba555455e071421aede40df93d1ae8e",
					"compatibleApp":	"",
					"domType":	"mssDomain",
					"arch":	"32-bit",
					"appSettings":	{
						"appCompilerFlags":	"",
						"appLinkerFlags":	""
					},
					"addedLibs":	[],
					"libOptions":	{
						"libsContainingOptions":	[]
					},
					"prebuiltLibs":	{
						"prebuiltIncPath":	[],
						"prebuiltLibPath":	[]
					},
					"isolation":	{
					}
				}]
		}]
}
TRACE::2021-12-07.21:23:05::SCWMssOS::Saving the mss changes C:/Users/david_davis1/Box/SoC/ClassReports/SoC/Final_Project/FPWorkspace/Final_Project/microblaze_I/standalone_domain/bsp/system.mss
TRACE::2021-12-07.21:23:05::SCWMssOS::Found a swdesign opened with the mssfile.
TRACE::2021-12-07.21:23:05::SCWMssOS::Completed writemss as part of save.
TRACE::2021-12-07.21:23:05::SCWMssOS::Commit changes completed.
TRACE::2021-12-07.21:23:05::SCWPlatform::Trying to open the hw design at C:/Users/david_davis1/Box/SoC/ClassReports/SoC/Final_Project/FPWorkspace/Final_Project/hw/Final_Projectxsa.xsa
TRACE::2021-12-07.21:23:05::SCWPlatform::DSA given C:/Users/david_davis1/Box/SoC/ClassReports/SoC/Final_Project/FPWorkspace/Final_Project/hw/Final_Projectxsa.xsa
TRACE::2021-12-07.21:23:05::SCWPlatform::DSA absoulate path C:/Users/david_davis1/Box/SoC/ClassReports/SoC/Final_Project/FPWorkspace/Final_Project/hw/Final_Projectxsa.xsa
TRACE::2021-12-07.21:23:05::SCWPlatform::DSA directory C:/Users/david_davis1/Box/SoC/ClassReports/SoC/Final_Project/FPWorkspace/Final_Project/hw
TRACE::2021-12-07.21:23:05::SCWPlatform:: Platform Path C:/Users/david_davis1/Box/SoC/ClassReports/SoC/Final_Project/FPWorkspace/Final_Project/hw/Final_Projectxsa.xsa
TRACE::2021-12-07.21:23:05::SCWPlatform:: Unique name xilinx:nexys4_ddr::0.0
TRACE::2021-12-07.21:23:05::SCWPlatform::Trying to set the existing hwdb with name mcs_top_vanilla_0
TRACE::2021-12-07.21:23:05::SCWPlatform::Opened existing hwdb mcs_top_vanilla_0
TRACE::2021-12-07.21:23:05::SCWPlatform::Found the Hw Db part of the input DSA
TRACE::2021-12-07.21:23:05::SCWMssOS::Checking the sw design at  C:/Users/david_davis1/Box/SoC/ClassReports/SoC/Final_Project/FPWorkspace/Final_Project/microblaze_I/standalone_domain/bsp/system.mss
TRACE::2021-12-07.21:23:05::SCWMssOS::DEBUG:  swdes dump  C:/Users/david_davis1/Box/SoC/ClassReports/SoC/Final_Project/FPWorkspace/Final_Project/microblaze_I/standalone_domain/bsp/system.mss|system||

TRACE::2021-12-07.21:23:05::SCWMssOS::Sw design exists and opened at  C:/Users/david_davis1/Box/SoC/ClassReports/SoC/Final_Project/FPWorkspace/Final_Project/microblaze_I/standalone_domain/bsp/system.mss
TRACE::2021-12-07.21:23:05::SCWPlatform::Trying to open the hw design at C:/Users/david_davis1/Box/SoC/ClassReports/SoC/Final_Project/FPWorkspace/Final_Project/hw/Final_Projectxsa.xsa
TRACE::2021-12-07.21:23:05::SCWPlatform::DSA given C:/Users/david_davis1/Box/SoC/ClassReports/SoC/Final_Project/FPWorkspace/Final_Project/hw/Final_Projectxsa.xsa
TRACE::2021-12-07.21:23:05::SCWPlatform::DSA absoulate path C:/Users/david_davis1/Box/SoC/ClassReports/SoC/Final_Project/FPWorkspace/Final_Project/hw/Final_Projectxsa.xsa
TRACE::2021-12-07.21:23:05::SCWPlatform::DSA directory C:/Users/david_davis1/Box/SoC/ClassReports/SoC/Final_Project/FPWorkspace/Final_Project/hw
TRACE::2021-12-07.21:23:05::SCWPlatform:: Platform Path C:/Users/david_davis1/Box/SoC/ClassReports/SoC/Final_Project/FPWorkspace/Final_Project/hw/Final_Projectxsa.xsa
TRACE::2021-12-07.21:23:05::SCWPlatform:: Unique name xilinx:nexys4_ddr::0.0
TRACE::2021-12-07.21:23:05::SCWPlatform::Trying to set the existing hwdb with name mcs_top_vanilla_0
TRACE::2021-12-07.21:23:05::SCWPlatform::Opened existing hwdb mcs_top_vanilla_0
TRACE::2021-12-07.21:23:05::SCWPlatform::Found the Hw Db part of the input DSA
TRACE::2021-12-07.21:23:05::SCWMssOS::Checking the sw design at  C:/Users/david_davis1/Box/SoC/ClassReports/SoC/Final_Project/FPWorkspace/Final_Project/microblaze_I/standalone_domain/bsp/system.mss
TRACE::2021-12-07.21:23:05::SCWMssOS::DEBUG:  swdes dump  C:/Users/david_davis1/Box/SoC/ClassReports/SoC/Final_Project/FPWorkspace/Final_Project/microblaze_I/standalone_domain/bsp/system.mss|system||

TRACE::2021-12-07.21:23:05::SCWMssOS::Sw design exists and opened at  C:/Users/david_davis1/Box/SoC/ClassReports/SoC/Final_Project/FPWorkspace/Final_Project/microblaze_I/standalone_domain/bsp/system.mss
TRACE::2021-12-07.21:23:05::SCWPlatform::Trying to open the hw design at C:/Users/david_davis1/Box/SoC/ClassReports/SoC/Final_Project/FPWorkspace/Final_Project/hw/Final_Projectxsa.xsa
TRACE::2021-12-07.21:23:05::SCWPlatform::DSA given C:/Users/david_davis1/Box/SoC/ClassReports/SoC/Final_Project/FPWorkspace/Final_Project/hw/Final_Projectxsa.xsa
TRACE::2021-12-07.21:23:05::SCWPlatform::DSA absoulate path C:/Users/david_davis1/Box/SoC/ClassReports/SoC/Final_Project/FPWorkspace/Final_Project/hw/Final_Projectxsa.xsa
TRACE::2021-12-07.21:23:05::SCWPlatform::DSA directory C:/Users/david_davis1/Box/SoC/ClassReports/SoC/Final_Project/FPWorkspace/Final_Project/hw
TRACE::2021-12-07.21:23:05::SCWPlatform:: Platform Path C:/Users/david_davis1/Box/SoC/ClassReports/SoC/Final_Project/FPWorkspace/Final_Project/hw/Final_Projectxsa.xsa
TRACE::2021-12-07.21:23:05::SCWPlatform:: Unique name xilinx:nexys4_ddr::0.0
TRACE::2021-12-07.21:23:05::SCWPlatform::Trying to set the existing hwdb with name mcs_top_vanilla_0
TRACE::2021-12-07.21:23:05::SCWPlatform::Opened existing hwdb mcs_top_vanilla_0
TRACE::2021-12-07.21:23:05::SCWPlatform::Found the Hw Db part of the input DSA
TRACE::2021-12-07.21:23:05::SCWMssOS::Checking the sw design at  C:/Users/david_davis1/Box/SoC/ClassReports/SoC/Final_Project/FPWorkspace/Final_Project/microblaze_I/standalone_domain/bsp/system.mss
TRACE::2021-12-07.21:23:05::SCWMssOS::DEBUG:  swdes dump  C:/Users/david_davis1/Box/SoC/ClassReports/SoC/Final_Project/FPWorkspace/Final_Project/microblaze_I/standalone_domain/bsp/system.mss|system||

TRACE::2021-12-07.21:23:05::SCWMssOS::Sw design exists and opened at  C:/Users/david_davis1/Box/SoC/ClassReports/SoC/Final_Project/FPWorkspace/Final_Project/microblaze_I/standalone_domain/bsp/system.mss
TRACE::2021-12-07.21:23:05::SCWWriter::formatted JSON is {
	"platformName":	"Final_Project",
	"sprVersion":	"2.0",
	"mode":	"gui",
	"dsaType":	"Fixed",
	"platformDesc":	"Final_Project",
	"platHandOff":	"C:/Users/david_davis1/Box/SoC/ClassReports/SoC/Final_Project/Final_Projectxsa.xsa",
	"platIntHandOff":	"<platformDir>/hw/Final_Projectxsa.xsa",
	"deviceType":	"FPGA",
	"platIsPrebuiltAutogen":	"false",
	"platIsNoBootBsp":	"false",
	"hasFsblMakeHasChanges":	"false",
	"hasPmufwMakeHasChanges":	"false",
	"platPreBuiltFlag":	false,
	"platformSamplesDir":	"",
	"platActiveSys":	"Final_Project",
	"systems":	[{
			"systemName":	"Final_Project",
			"systemDesc":	"Final_Project",
			"sysIsBootAutoGen":	"true",
			"systemDispName":	"Final_Project",
			"sysActiveDom":	"standalone_domain",
			"sysDefaultDom":	"standalone_domain",
			"domains":	[{
					"domainName":	"standalone_domain",
					"domainDispName":	"standalone on microblaze_I",
					"domainDesc":	"standalone_domain",
					"processors":	"microblaze_I",
					"os":	"standalone",
					"sdxOs":	"standalone",
					"debugEnable":	"False",
					"domRuntimes":	["cpp"],
					"swRepo":	"",
					"mssOsVer":	"7.5",
					"mssFile":	"",
					"md5Digest":	"eba555455e071421aede40df93d1ae8e",
					"compatibleApp":	"",
					"domType":	"mssDomain",
					"arch":	"32-bit",
					"appSettings":	{
						"appCompilerFlags":	"",
						"appLinkerFlags":	""
					},
					"addedLibs":	[],
					"libOptions":	{
						"libsContainingOptions":	[]
					},
					"prebuiltLibs":	{
						"prebuiltIncPath":	[],
						"prebuiltLibPath":	[]
					},
					"isolation":	{
					}
				}]
		}]
}
TRACE::2021-12-07.21:23:05::SCWPlatform::Clearing the existing platform
TRACE::2021-12-07.21:23:05::SCWSystem::Clearing the existing sysconfig
TRACE::2021-12-07.21:23:05::SCWMssOS::Removing the swdes entry for  C:/Users/david_davis1/Box/SoC/ClassReports/SoC/Final_Project/FPWorkspace/Final_Project/microblaze_I/standalone_domain/bsp/system.mss
TRACE::2021-12-07.21:23:05::SCWSystem::Clearing the domains completed.
TRACE::2021-12-07.21:23:05::SCWPlatform::Clearing the opened hw db.
TRACE::2021-12-07.21:23:05::SCWPlatform::DSA given C:/Users/david_davis1/Box/SoC/ClassReports/SoC/Final_Project/FPWorkspace/Final_Project/hw/Final_Projectxsa.xsa
TRACE::2021-12-07.21:23:05::SCWPlatform::DSA absoulate path C:/Users/david_davis1/Box/SoC/ClassReports/SoC/Final_Project/FPWorkspace/Final_Project/hw/Final_Projectxsa.xsa
TRACE::2021-12-07.21:23:05::SCWPlatform:: Platform location is C:/Users/david_davis1/Box/SoC/ClassReports/SoC/Final_Project/FPWorkspace/Final_Project/hw
TRACE::2021-12-07.21:23:05::SCWPlatform:: Platform Path C:/Users/david_davis1/Box/SoC/ClassReports/SoC/Final_Project/FPWorkspace/Final_Project/hw/Final_Projectxsa.xsa
TRACE::2021-12-07.21:23:05::SCWPlatform:: Unique name xilinx:nexys4_ddr::0.0
TRACE::2021-12-07.21:23:05::SCWPlatform::Removing the HwDB with name C:/Users/david_davis1/Box/SoC/ClassReports/SoC/Final_Project/FPWorkspace/Final_Project/hw/Final_Projectxsa.xsa
TRACE::2021-12-07.21:23:06::SCWPlatform::Trying to open the hw design at C:/Users/david_davis1/Box/SoC/ClassReports/SoC/Final_Project/FPWorkspace/Final_Project/hw/Final_Projectxsa.xsa
TRACE::2021-12-07.21:23:06::SCWPlatform::DSA given C:/Users/david_davis1/Box/SoC/ClassReports/SoC/Final_Project/FPWorkspace/Final_Project/hw/Final_Projectxsa.xsa
TRACE::2021-12-07.21:23:06::SCWPlatform::DSA absoulate path C:/Users/david_davis1/Box/SoC/ClassReports/SoC/Final_Project/FPWorkspace/Final_Project/hw/Final_Projectxsa.xsa
TRACE::2021-12-07.21:23:06::SCWPlatform::DSA directory C:/Users/david_davis1/Box/SoC/ClassReports/SoC/Final_Project/FPWorkspace/Final_Project/hw
TRACE::2021-12-07.21:23:06::SCWPlatform:: Platform Path C:/Users/david_davis1/Box/SoC/ClassReports/SoC/Final_Project/FPWorkspace/Final_Project/hw/Final_Projectxsa.xsa
TRACE::2021-12-07.21:23:06::SCWPlatform:: Unique name xilinx:nexys4_ddr::0.0
TRACE::2021-12-07.21:23:06::SCWPlatform::Do not have an existing db opened. 
TRACE::2021-12-07.21:23:06::SCWPlatform::Opened new HwDB with name mcs_top_vanilla_1
TRACE::2021-12-07.21:23:06::SCWReader::Active system found as  Final_Project
TRACE::2021-12-07.21:23:06::SCWReader::Handling sysconfig Final_Project
TRACE::2021-12-07.21:23:06::SCWDomain::checking for install qemu data   : 
TRACE::2021-12-07.21:23:06::SCWPlatform::Trying to open the hw design at C:/Users/david_davis1/Box/SoC/ClassReports/SoC/Final_Project/FPWorkspace/Final_Project/hw/Final_Projectxsa.xsa
TRACE::2021-12-07.21:23:06::SCWPlatform::DSA given C:/Users/david_davis1/Box/SoC/ClassReports/SoC/Final_Project/FPWorkspace/Final_Project/hw/Final_Projectxsa.xsa
TRACE::2021-12-07.21:23:06::SCWPlatform::DSA absoulate path C:/Users/david_davis1/Box/SoC/ClassReports/SoC/Final_Project/FPWorkspace/Final_Project/hw/Final_Projectxsa.xsa
TRACE::2021-12-07.21:23:06::SCWPlatform::DSA directory C:/Users/david_davis1/Box/SoC/ClassReports/SoC/Final_Project/FPWorkspace/Final_Project/hw
TRACE::2021-12-07.21:23:06::SCWPlatform:: Platform Path C:/Users/david_davis1/Box/SoC/ClassReports/SoC/Final_Project/FPWorkspace/Final_Project/hw/Final_Projectxsa.xsa
TRACE::2021-12-07.21:23:06::SCWPlatform:: Unique name xilinx:nexys4_ddr::0.0
TRACE::2021-12-07.21:23:06::SCWPlatform::Trying to set the existing hwdb with name mcs_top_vanilla_1
TRACE::2021-12-07.21:23:06::SCWPlatform::Opened existing hwdb mcs_top_vanilla_1
TRACE::2021-12-07.21:23:06::SCWPlatform::Found the Hw Db part of the input DSA
TRACE::2021-12-07.21:23:06::SCWPlatform::Trying to open the hw design at C:/Users/david_davis1/Box/SoC/ClassReports/SoC/Final_Project/FPWorkspace/Final_Project/hw/Final_Projectxsa.xsa
TRACE::2021-12-07.21:23:06::SCWPlatform::DSA given C:/Users/david_davis1/Box/SoC/ClassReports/SoC/Final_Project/FPWorkspace/Final_Project/hw/Final_Projectxsa.xsa
TRACE::2021-12-07.21:23:06::SCWPlatform::DSA absoulate path C:/Users/david_davis1/Box/SoC/ClassReports/SoC/Final_Project/FPWorkspace/Final_Project/hw/Final_Projectxsa.xsa
TRACE::2021-12-07.21:23:06::SCWPlatform::DSA directory C:/Users/david_davis1/Box/SoC/ClassReports/SoC/Final_Project/FPWorkspace/Final_Project/hw
TRACE::2021-12-07.21:23:06::SCWPlatform:: Platform Path C:/Users/david_davis1/Box/SoC/ClassReports/SoC/Final_Project/FPWorkspace/Final_Project/hw/Final_Projectxsa.xsa
TRACE::2021-12-07.21:23:06::SCWPlatform:: Unique name xilinx:nexys4_ddr::0.0
TRACE::2021-12-07.21:23:06::SCWPlatform::Trying to set the existing hwdb with name mcs_top_vanilla_1
TRACE::2021-12-07.21:23:06::SCWPlatform::Opened existing hwdb mcs_top_vanilla_1
TRACE::2021-12-07.21:23:06::SCWPlatform::Found the Hw Db part of the input DSA
TRACE::2021-12-07.21:23:06::SCWPlatform::Trying to open the hw design at C:/Users/david_davis1/Box/SoC/ClassReports/SoC/Final_Project/FPWorkspace/Final_Project/hw/Final_Projectxsa.xsa
TRACE::2021-12-07.21:23:06::SCWPlatform::DSA given C:/Users/david_davis1/Box/SoC/ClassReports/SoC/Final_Project/FPWorkspace/Final_Project/hw/Final_Projectxsa.xsa
TRACE::2021-12-07.21:23:06::SCWPlatform::DSA absoulate path C:/Users/david_davis1/Box/SoC/ClassReports/SoC/Final_Project/FPWorkspace/Final_Project/hw/Final_Projectxsa.xsa
TRACE::2021-12-07.21:23:06::SCWPlatform::DSA directory C:/Users/david_davis1/Box/SoC/ClassReports/SoC/Final_Project/FPWorkspace/Final_Project/hw
TRACE::2021-12-07.21:23:06::SCWPlatform:: Platform Path C:/Users/david_davis1/Box/SoC/ClassReports/SoC/Final_Project/FPWorkspace/Final_Project/hw/Final_Projectxsa.xsa
TRACE::2021-12-07.21:23:06::SCWPlatform:: Unique name xilinx:nexys4_ddr::0.0
TRACE::2021-12-07.21:23:06::SCWPlatform::Trying to set the existing hwdb with name mcs_top_vanilla_1
TRACE::2021-12-07.21:23:06::SCWPlatform::Opened existing hwdb mcs_top_vanilla_1
TRACE::2021-12-07.21:23:06::SCWPlatform::Found the Hw Db part of the input DSA
TRACE::2021-12-07.21:23:06::SCWPlatform::Trying to open the hw design at C:/Users/david_davis1/Box/SoC/ClassReports/SoC/Final_Project/FPWorkspace/Final_Project/hw/Final_Projectxsa.xsa
TRACE::2021-12-07.21:23:06::SCWPlatform::DSA given C:/Users/david_davis1/Box/SoC/ClassReports/SoC/Final_Project/FPWorkspace/Final_Project/hw/Final_Projectxsa.xsa
TRACE::2021-12-07.21:23:06::SCWPlatform::DSA absoulate path C:/Users/david_davis1/Box/SoC/ClassReports/SoC/Final_Project/FPWorkspace/Final_Project/hw/Final_Projectxsa.xsa
TRACE::2021-12-07.21:23:06::SCWPlatform::DSA directory C:/Users/david_davis1/Box/SoC/ClassReports/SoC/Final_Project/FPWorkspace/Final_Project/hw
TRACE::2021-12-07.21:23:06::SCWPlatform:: Platform Path C:/Users/david_davis1/Box/SoC/ClassReports/SoC/Final_Project/FPWorkspace/Final_Project/hw/Final_Projectxsa.xsa
TRACE::2021-12-07.21:23:06::SCWPlatform:: Unique name xilinx:nexys4_ddr::0.0
TRACE::2021-12-07.21:23:06::SCWPlatform::Trying to set the existing hwdb with name mcs_top_vanilla_1
TRACE::2021-12-07.21:23:06::SCWPlatform::Opened existing hwdb mcs_top_vanilla_1
TRACE::2021-12-07.21:23:06::SCWPlatform::Found the Hw Db part of the input DSA
TRACE::2021-12-07.21:23:06::SCWMssOS::Checking the sw design at  C:/Users/david_davis1/Box/SoC/ClassReports/SoC/Final_Project/FPWorkspace/Final_Project/microblaze_I/standalone_domain/bsp/system.mss
TRACE::2021-12-07.21:23:06::SCWMssOS::DEBUG:  swdes dump  
TRACE::2021-12-07.21:23:06::SCWMssOS::No sw design opened at  C:/Users/david_davis1/Box/SoC/ClassReports/SoC/Final_Project/FPWorkspace/Final_Project/microblaze_I/standalone_domain/bsp/system.mss
TRACE::2021-12-07.21:23:06::SCWMssOS::mss exists loading the mss file  C:/Users/david_davis1/Box/SoC/ClassReports/SoC/Final_Project/FPWorkspace/Final_Project/microblaze_I/standalone_domain/bsp/system.mss
TRACE::2021-12-07.21:23:06::SCWMssOS::Opened the sw design from mss  C:/Users/david_davis1/Box/SoC/ClassReports/SoC/Final_Project/FPWorkspace/Final_Project/microblaze_I/standalone_domain/bsp/system.mss
TRACE::2021-12-07.21:23:06::SCWMssOS::Adding the swdes entry C:/Users/david_davis1/Box/SoC/ClassReports/SoC/Final_Project/FPWorkspace/Final_Project/microblaze_I/standalone_domain/bsp/system.mss with des name system
TRACE::2021-12-07.21:23:06::SCWMssOS::updating the scw layer about changes
TRACE::2021-12-07.21:23:06::SCWMssOS::Opened the sw design.  C:/Users/david_davis1/Box/SoC/ClassReports/SoC/Final_Project/FPWorkspace/Final_Project/microblaze_I/standalone_domain/bsp/system.mss
TRACE::2021-12-07.21:23:06::SCWMssOS::Saving the mss changes C:/Users/david_davis1/Box/SoC/ClassReports/SoC/Final_Project/FPWorkspace/Final_Project/microblaze_I/standalone_domain/bsp/system.mss
TRACE::2021-12-07.21:23:06::SCWMssOS::Found a swdesign opened with the mssfile.
TRACE::2021-12-07.21:23:06::SCWMssOS::Completed writemss as part of save.
TRACE::2021-12-07.21:23:06::SCWMssOS::Commit changes completed.
TRACE::2021-12-07.21:23:06::SCWReader::Adding prebuilt librarypaths as   
TRACE::2021-12-07.21:23:06::SCWReader::Adding prebuilt incpaths  as   
TRACE::2021-12-07.21:23:06::SCWPlatform::Trying to open the hw design at C:/Users/david_davis1/Box/SoC/ClassReports/SoC/Final_Project/FPWorkspace/Final_Project/hw/Final_Projectxsa.xsa
TRACE::2021-12-07.21:23:06::SCWPlatform::DSA given C:/Users/david_davis1/Box/SoC/ClassReports/SoC/Final_Project/FPWorkspace/Final_Project/hw/Final_Projectxsa.xsa
TRACE::2021-12-07.21:23:06::SCWPlatform::DSA absoulate path C:/Users/david_davis1/Box/SoC/ClassReports/SoC/Final_Project/FPWorkspace/Final_Project/hw/Final_Projectxsa.xsa
TRACE::2021-12-07.21:23:06::SCWPlatform::DSA directory C:/Users/david_davis1/Box/SoC/ClassReports/SoC/Final_Project/FPWorkspace/Final_Project/hw
TRACE::2021-12-07.21:23:06::SCWPlatform:: Platform Path C:/Users/david_davis1/Box/SoC/ClassReports/SoC/Final_Project/FPWorkspace/Final_Project/hw/Final_Projectxsa.xsa
TRACE::2021-12-07.21:23:06::SCWPlatform:: Unique name xilinx:nexys4_ddr::0.0
TRACE::2021-12-07.21:23:06::SCWPlatform::Trying to set the existing hwdb with name mcs_top_vanilla_1
TRACE::2021-12-07.21:23:06::SCWPlatform::Opened existing hwdb mcs_top_vanilla_1
TRACE::2021-12-07.21:23:06::SCWPlatform::Found the Hw Db part of the input DSA
TRACE::2021-12-07.21:23:06::SCWMssOS::Checking the sw design at  C:/Users/david_davis1/Box/SoC/ClassReports/SoC/Final_Project/FPWorkspace/Final_Project/microblaze_I/standalone_domain/bsp/system.mss
TRACE::2021-12-07.21:23:06::SCWMssOS::DEBUG:  swdes dump  C:/Users/david_davis1/Box/SoC/ClassReports/SoC/Final_Project/FPWorkspace/Final_Project/microblaze_I/standalone_domain/bsp/system.mss|system||

TRACE::2021-12-07.21:23:06::SCWMssOS::Sw design exists and opened at  C:/Users/david_davis1/Box/SoC/ClassReports/SoC/Final_Project/FPWorkspace/Final_Project/microblaze_I/standalone_domain/bsp/system.mss
TRACE::2021-12-07.21:23:06::SCWReader::No isolation master present  
LOG::2021-12-07.21:26:46::SCWPlatform::Started generating the artifacts platform Final_Project
TRACE::2021-12-07.21:26:46::SCWPlatform::Sanity checking of platform is completed
LOG::2021-12-07.21:26:47::SCWPlatform::Started generating the artifacts for system configuration Final_Project
LOG::2021-12-07.21:26:47::SCWSystem::Checking the domain standalone_domain
LOG::2021-12-07.21:26:47::SCWSystem::Not a boot domain 
LOG::2021-12-07.21:26:47::SCWSystem::Started Processing the domain standalone_domain
TRACE::2021-12-07.21:26:47::SCWDomain::Generating domain artifcats
TRACE::2021-12-07.21:26:47::SCWMssOS::Generating standalone artifcats
TRACE::2021-12-07.21:26:47::SCWMssOS:: Copying the user libraries. 
TRACE::2021-12-07.21:26:47::SCWPlatform::Trying to open the hw design at C:/Users/david_davis1/Box/SoC/ClassReports/SoC/Final_Project/FPWorkspace/Final_Project/hw/Final_Projectxsa.xsa
TRACE::2021-12-07.21:26:47::SCWPlatform::DSA given C:/Users/david_davis1/Box/SoC/ClassReports/SoC/Final_Project/FPWorkspace/Final_Project/hw/Final_Projectxsa.xsa
TRACE::2021-12-07.21:26:47::SCWPlatform::DSA absoulate path C:/Users/david_davis1/Box/SoC/ClassReports/SoC/Final_Project/FPWorkspace/Final_Project/hw/Final_Projectxsa.xsa
TRACE::2021-12-07.21:26:47::SCWPlatform::DSA directory C:/Users/david_davis1/Box/SoC/ClassReports/SoC/Final_Project/FPWorkspace/Final_Project/hw
TRACE::2021-12-07.21:26:47::SCWPlatform:: Platform Path C:/Users/david_davis1/Box/SoC/ClassReports/SoC/Final_Project/FPWorkspace/Final_Project/hw/Final_Projectxsa.xsa
TRACE::2021-12-07.21:26:47::SCWPlatform:: Unique name xilinx:nexys4_ddr::0.0
TRACE::2021-12-07.21:26:47::SCWPlatform::Trying to set the existing hwdb with name mcs_top_vanilla_1
TRACE::2021-12-07.21:26:47::SCWPlatform::Opened existing hwdb mcs_top_vanilla_1
TRACE::2021-12-07.21:26:47::SCWPlatform::Found the Hw Db part of the input DSA
TRACE::2021-12-07.21:26:47::SCWMssOS::Checking the sw design at  C:/Users/david_davis1/Box/SoC/ClassReports/SoC/Final_Project/FPWorkspace/Final_Project/microblaze_I/standalone_domain/bsp/system.mss
TRACE::2021-12-07.21:26:47::SCWMssOS::DEBUG:  swdes dump  C:/Users/david_davis1/Box/SoC/ClassReports/SoC/Final_Project/FPWorkspace/Final_Project/microblaze_I/standalone_domain/bsp/system.mss|system||

TRACE::2021-12-07.21:26:47::SCWMssOS::Sw design exists and opened at  C:/Users/david_davis1/Box/SoC/ClassReports/SoC/Final_Project/FPWorkspace/Final_Project/microblaze_I/standalone_domain/bsp/system.mss
TRACE::2021-12-07.21:26:47::SCWMssOS::Completed writing the mss file at C:/Users/david_davis1/Box/SoC/ClassReports/SoC/Final_Project/FPWorkspace/Final_Project/microblaze_I/standalone_domain/bsp
TRACE::2021-12-07.21:26:47::SCWMssOS::Mss edits present, copying mssfile into export location C:/Users/david_davis1/Box/SoC/ClassReports/SoC/Final_Project/FPWorkspace/Final_Project/microblaze_I/standalone_domain/bsp/system.mss
TRACE::2021-12-07.21:26:47::SCWMssOS::bsp generated is upto date with the mss file. Skipping bsp generation.
TRACE::2021-12-07.21:26:47::SCWMssOS::BSP is already built. skipping the bsp build ... 
TRACE::2021-12-07.21:26:47::SCWDomain::Building the domain as part of full build :  standalone_domain
TRACE::2021-12-07.21:26:47::SCWMssOS::doing bsp build ... 
TRACE::2021-12-07.21:26:47::SCWMssOS::System Command Ran  C: & cd  C:/Users/david_davis1/Box/SoC/ClassReports/SoC/Final_Project/FPWorkspace/Final_Project/microblaze_I/standalone_domain/bsp & make 
TRACE::2021-12-07.21:26:47::SCWMssOS::make --no-print-directory seq_libs

TRACE::2021-12-07.21:26:47::SCWMssOS::'Finished building libraries sequentially.'

TRACE::2021-12-07.21:26:47::SCWMssOS::make -j 14 --no-print-directory par_libs

TRACE::2021-12-07.21:26:47::SCWMssOS::"Running Make include in microblaze_I/libsrc/bram_v4_6/src"

TRACE::2021-12-07.21:26:47::SCWMssOS::make -C microblaze_I/libsrc/bram_v4_6/src -s include  "SHELL=CMD" "COMPILER=mb-gcc" "ASSEMBLER=mb-as" "ARCHIVER=mb-ar" "COMPILE
TRACE::2021-12-07.21:26:47::SCWMssOS::R_FLAGS=  -O2 -c -mcpu=v11.0 -mlittle-endian -mno-xl-reorder -mxl-soft-mul" "EXTRA_COMPILER_FLAGS=-g -ffunction-sections -fdata
TRACE::2021-12-07.21:26:47::SCWMssOS::-sections -Wall -Wextra -fno-tree-loop-distribute-patterns"

TRACE::2021-12-07.21:26:47::SCWMssOS::"Running Make include in microblaze_I/libsrc/cpu_v2_13/src"

TRACE::2021-12-07.21:26:47::SCWMssOS::make -C microblaze_I/libsrc/cpu_v2_13/src -s include  "SHELL=CMD" "COMPILER=mb-gcc" "ASSEMBLER=mb-as" "ARCHIVER=mb-ar" "COMPILE
TRACE::2021-12-07.21:26:47::SCWMssOS::R_FLAGS=  -O2 -c -mcpu=v11.0 -mlittle-endian -mno-xl-reorder -mxl-soft-mul" "EXTRA_COMPILER_FLAGS=-g -ffunction-sections -fdata
TRACE::2021-12-07.21:26:47::SCWMssOS::-sections -Wall -Wextra -fno-tree-loop-distribute-patterns"

TRACE::2021-12-07.21:26:47::SCWMssOS::"Running Make include in microblaze_I/libsrc/iomodule_v2_11/src"

TRACE::2021-12-07.21:26:47::SCWMssOS::make -C microblaze_I/libsrc/iomodule_v2_11/src -s include  "SHELL=CMD" "COMPILER=mb-gcc" "ASSEMBLER=mb-as" "ARCHIVER=mb-ar" "CO
TRACE::2021-12-07.21:26:47::SCWMssOS::MPILER_FLAGS=  -O2 -c -mcpu=v11.0 -mlittle-endian -mno-xl-reorder -mxl-soft-mul" "EXTRA_COMPILER_FLAGS=-g -ffunction-sections -
TRACE::2021-12-07.21:26:47::SCWMssOS::fdata-sections -Wall -Wextra -fno-tree-loop-distribute-patterns"

TRACE::2021-12-07.21:26:47::SCWMssOS::"Running Make include in microblaze_I/libsrc/standalone_v7_5/src"

TRACE::2021-12-07.21:26:47::SCWMssOS::make -C microblaze_I/libsrc/standalone_v7_5/src -s include  "SHELL=CMD" "COMPILER=mb-gcc" "ASSEMBLER=mb-as" "ARCHIVER=mb-ar" "C
TRACE::2021-12-07.21:26:47::SCWMssOS::OMPILER_FLAGS=  -O2 -c -mcpu=v11.0 -mlittle-endian -mno-xl-reorder -mxl-soft-mul" "EXTRA_COMPILER_FLAGS=-g -ffunction-sections 
TRACE::2021-12-07.21:26:47::SCWMssOS::-fdata-sections -Wall -Wextra -fno-tree-loop-distribute-patterns"

TRACE::2021-12-07.21:26:48::SCWMssOS::"Running Make libs in microblaze_I/libsrc/bram_v4_6/src"

TRACE::2021-12-07.21:26:48::SCWMssOS::make -C microblaze_I/libsrc/bram_v4_6/src -s libs  "SHELL=CMD" "COMPILER=mb-gcc" "ASSEMBLER=mb-as" "ARCHIVER=mb-ar" "COMPILER_F
TRACE::2021-12-07.21:26:48::SCWMssOS::LAGS=  -O2 -c -mcpu=v11.0 -mlittle-endian -mno-xl-reorder -mxl-soft-mul" "EXTRA_COMPILER_FLAGS=-g -ffunction-sections -fdata-se
TRACE::2021-12-07.21:26:48::SCWMssOS::ctions -Wall -Wextra -fno-tree-loop-distribute-patterns"

TRACE::2021-12-07.21:26:48::SCWMssOS::"Running Make libs in microblaze_I/libsrc/cpu_v2_13/src"

TRACE::2021-12-07.21:26:48::SCWMssOS::make -C microblaze_I/libsrc/cpu_v2_13/src -s libs  "SHELL=CMD" "COMPILER=mb-gcc" "ASSEMBLER=mb-as" "ARCHIVER=mb-ar" "COMPILER_F
TRACE::2021-12-07.21:26:48::SCWMssOS::LAGS=  -O2 -c -mcpu=v11.0 -mlittle-endian -mno-xl-reorder -mxl-soft-mul" "EXTRA_COMPILER_FLAGS=-g -ffunction-sections -fdata-se
TRACE::2021-12-07.21:26:48::SCWMssOS::ctions -Wall -Wextra -fno-tree-loop-distribute-patterns"

TRACE::2021-12-07.21:26:48::SCWMssOS::"Running Make libs in microblaze_I/libsrc/iomodule_v2_11/src"

TRACE::2021-12-07.21:26:48::SCWMssOS::make -C microblaze_I/libsrc/iomodule_v2_11/src -s libs  "SHELL=CMD" "COMPILER=mb-gcc" "ASSEMBLER=mb-as" "ARCHIVER=mb-ar" "COMPI
TRACE::2021-12-07.21:26:48::SCWMssOS::LER_FLAGS=  -O2 -c -mcpu=v11.0 -mlittle-endian -mno-xl-reorder -mxl-soft-mul" "EXTRA_COMPILER_FLAGS=-g -ffunction-sections -fda
TRACE::2021-12-07.21:26:48::SCWMssOS::ta-sections -Wall -Wextra -fno-tree-loop-distribute-patterns"

TRACE::2021-12-07.21:26:48::SCWMssOS::"Running Make libs in microblaze_I/libsrc/standalone_v7_5/src"

TRACE::2021-12-07.21:26:48::SCWMssOS::make -C microblaze_I/libsrc/standalone_v7_5/src -s libs  "SHELL=CMD" "COMPILER=mb-gcc" "ASSEMBLER=mb-as" "ARCHIVER=mb-ar" "COMP
TRACE::2021-12-07.21:26:48::SCWMssOS::ILER_FLAGS=  -O2 -c -mcpu=v11.0 -mlittle-endian -mno-xl-reorder -mxl-soft-mul" "EXTRA_COMPILER_FLAGS=-g -ffunction-sections -fd
TRACE::2021-12-07.21:26:48::SCWMssOS::ata-sections -Wall -Wextra -fno-tree-loop-distribute-patterns"

TRACE::2021-12-07.21:26:50::SCWMssOS::"DEBUG NON_LTO_OBJECTS is ../../../lib/microblaze_interrupt_handler.o"

TRACE::2021-12-07.21:26:51::SCWMssOS::'Finished building libraries parallelly.'

TRACE::2021-12-07.21:26:51::SCWMssOS::make --no-print-directory archive

TRACE::2021-12-07.21:26:51::SCWMssOS::mb-ar -r  microblaze_I/lib/libxil.a microblaze_I/lib/xplatform_info.o microblaze_I/lib/microblaze_disable_exceptions.o microbla
TRACE::2021-12-07.21:26:51::SCWMssOS::ze_I/lib/print.o microblaze_I/lib/_exit.o microblaze_I/lib/xil_testio.o microblaze_I/lib/microblaze_disable_dcache.o microblaze
TRACE::2021-12-07.21:26:51::SCWMssOS::_I/lib/microblaze_flush_dcache_range.o microblaze_I/lib/microblaze_flush_cache_ext.o microblaze_I/lib/xbram_sinit.o microblaze_
TRACE::2021-12-07.21:26:51::SCWMssOS::I/lib/xil_misc_psreset_api.o microblaze_I/lib/xil_cache.o microblaze_I/lib/inbyte.o microblaze_I/lib/xbram_g.o microblaze_I/lib
TRACE::2021-12-07.21:26:51::SCWMssOS::/xiomodule_intr.o microblaze_I/lib/xiomodule_options.o microblaze_I/lib/microblaze_exception_handler.o microblaze_I/lib/microbl
TRACE::2021-12-07.21:26:51::SCWMssOS::aze_scrub.o microblaze_I/lib/microblaze_invalidate_dcache.o microblaze_I/lib/microblaze_disable_interrupts.o microblaze_I/lib/x
TRACE::2021-12-07.21:26:51::SCWMssOS::bram_selftest.o microblaze_I/lib/microblaze_interrupt_handler.o microblaze_I/lib/xiomodule_l.o microblaze_I/lib/microblaze_disa
TRACE::2021-12-07.21:26:51::SCWMssOS::ble_icache.o microblaze_I/lib/xil_clocking.o microblaze_I/lib/xil_mem.o microblaze_I/lib/xiomodule.o microblaze_I/lib/microblaz
TRACE::2021-12-07.21:26:51::SCWMssOS::e_flush_cache_ext_range.o microblaze_I/lib/xbram_intr.o microblaze_I/lib/xil_sleepcommon.o microblaze_I/lib/xil_printf.o microb
TRACE::2021-12-07.21:26:51::SCWMssOS::laze_I/lib/xio.o microblaze_I/lib/xiomodule_extra.o microblaze_I/lib/outbyte.o microblaze_I/lib/microblaze_invalidate_dcache_ra
TRACE::2021-12-07.21:26:51::SCWMssOS::nge.o microblaze_I/lib/microblaze_invalidate_cache_ext.o microblaze_I/lib/microblaze_sleep.o microblaze_I/lib/hw_exception_hand
TRACE::2021-12-07.21:26:51::SCWMssOS::ler.o microblaze_I/lib/xiomodule_stats.o microblaze_I/lib/xil_util.o microblaze_I/lib/microblaze_update_dcache.o microblaze_I/l
TRACE::2021-12-07.21:26:51::SCWMssOS::ib/xil_testcache.o microblaze_I/lib/microblaze_selftest.o microblaze_I/lib/microblaze_interrupts_g.o microblaze_I/lib/microblaz
TRACE::2021-12-07.21:26:51::SCWMssOS::e_enable_exceptions.o microblaze_I/lib/xiomodule_uart_intr.o microblaze_I/lib/microblaze_enable_dcache.o microblaze_I/lib/xbram
TRACE::2021-12-07.21:26:51::SCWMssOS::.o microblaze_I/lib/microblaze_invalidate_icache_range.o microblaze_I/lib/microblaze_init_dcache_range.o microblaze_I/lib/micro
TRACE::2021-12-07.21:26:51::SCWMssOS::blaze_invalidate_icache.o microblaze_I/lib/errno.o microblaze_I/lib/xiomodule_uart.o microblaze_I/lib/microblaze_invalidate_cac
TRACE::2021-12-07.21:26:51::SCWMssOS::he_ext_range.o microblaze_I/lib/xil_exception.o microblaze_I/lib/pvr.o microblaze_I/lib/xil_testmem.o microblaze_I/lib/microbla
TRACE::2021-12-07.21:26:51::SCWMssOS::ze_update_icache.o microblaze_I/lib/microblaze_flush_dcache.o microblaze_I/lib/xiomodule_g.o microblaze_I/lib/xil_assert.o micr
TRACE::2021-12-07.21:26:51::SCWMssOS::oblaze_I/lib/microblaze_enable_interrupts.o microblaze_I/lib/microblaze_enable_icache.o microblaze_I/lib/xiomodule_selftest.o m
TRACE::2021-12-07.21:26:51::SCWMssOS::icroblaze_I/lib/fcntl.o microblaze_I/lib/microblaze_init_icache_range.o

TRACE::2021-12-07.21:26:52::SCWMssOS::'Finished building libraries'

TRACE::2021-12-07.21:26:54::SCWMssOS::Copying to export directory.
TRACE::2021-12-07.21:26:57::SCWMssOS:: Checking if to create the Supporting Applications
TRACE::2021-12-07.21:26:57::SCWMssOS:: No Linux domain exists, trying to generate FSBL 
LOG::2021-12-07.21:26:57::SCWSystem::Completed Processing the domain standalone_domain
LOG::2021-12-07.21:26:57::SCWSystem::Completed Processing the sysconfig Final_Project
LOG::2021-12-07.21:26:57::SCWPlatform::Completed generating the artifacts for system configuration Final_Project
TRACE::2021-12-07.21:26:57::SCWPlatform::Started preparing the platform 
TRACE::2021-12-07.21:26:57::SCWSystem::Writing the bif file for system config Final_Project
TRACE::2021-12-07.21:26:57::SCWSystem::dir created 
TRACE::2021-12-07.21:26:57::SCWSystem::Writing the bif 
TRACE::2021-12-07.21:26:57::SCWPlatform::Started writing the spfm file 
TRACE::2021-12-07.21:26:57::SCWPlatform::Started writing the xpfm file 
TRACE::2021-12-07.21:26:57::SCWPlatform::Completed generating the platform
TRACE::2021-12-07.21:26:57::SCWMssOS::Saving the mss changes C:/Users/david_davis1/Box/SoC/ClassReports/SoC/Final_Project/FPWorkspace/Final_Project/microblaze_I/standalone_domain/bsp/system.mss
TRACE::2021-12-07.21:26:57::SCWMssOS::Found a swdesign opened with the mssfile.
TRACE::2021-12-07.21:26:57::SCWMssOS::Completed writemss as part of save.
TRACE::2021-12-07.21:26:57::SCWMssOS::Commit changes completed.
TRACE::2021-12-07.21:26:57::SCWPlatform::Trying to open the hw design at C:/Users/david_davis1/Box/SoC/ClassReports/SoC/Final_Project/FPWorkspace/Final_Project/hw/Final_Projectxsa.xsa
TRACE::2021-12-07.21:26:57::SCWPlatform::DSA given C:/Users/david_davis1/Box/SoC/ClassReports/SoC/Final_Project/FPWorkspace/Final_Project/hw/Final_Projectxsa.xsa
TRACE::2021-12-07.21:26:57::SCWPlatform::DSA absoulate path C:/Users/david_davis1/Box/SoC/ClassReports/SoC/Final_Project/FPWorkspace/Final_Project/hw/Final_Projectxsa.xsa
TRACE::2021-12-07.21:26:57::SCWPlatform::DSA directory C:/Users/david_davis1/Box/SoC/ClassReports/SoC/Final_Project/FPWorkspace/Final_Project/hw
TRACE::2021-12-07.21:26:57::SCWPlatform:: Platform Path C:/Users/david_davis1/Box/SoC/ClassReports/SoC/Final_Project/FPWorkspace/Final_Project/hw/Final_Projectxsa.xsa
TRACE::2021-12-07.21:26:57::SCWPlatform:: Unique name xilinx:nexys4_ddr::0.0
TRACE::2021-12-07.21:26:57::SCWPlatform::Trying to set the existing hwdb with name mcs_top_vanilla_1
TRACE::2021-12-07.21:26:57::SCWPlatform::Opened existing hwdb mcs_top_vanilla_1
TRACE::2021-12-07.21:26:57::SCWPlatform::Found the Hw Db part of the input DSA
TRACE::2021-12-07.21:26:57::SCWMssOS::Checking the sw design at  C:/Users/david_davis1/Box/SoC/ClassReports/SoC/Final_Project/FPWorkspace/Final_Project/microblaze_I/standalone_domain/bsp/system.mss
TRACE::2021-12-07.21:26:57::SCWMssOS::DEBUG:  swdes dump  C:/Users/david_davis1/Box/SoC/ClassReports/SoC/Final_Project/FPWorkspace/Final_Project/microblaze_I/standalone_domain/bsp/system.mss|system||

TRACE::2021-12-07.21:26:57::SCWMssOS::Sw design exists and opened at  C:/Users/david_davis1/Box/SoC/ClassReports/SoC/Final_Project/FPWorkspace/Final_Project/microblaze_I/standalone_domain/bsp/system.mss
TRACE::2021-12-07.21:26:57::SCWWriter::formatted JSON is {
	"platformName":	"Final_Project",
	"sprVersion":	"2.0",
	"mode":	"gui",
	"dsaType":	"Fixed",
	"platformDesc":	"Final_Project",
	"platHandOff":	"C:/Users/david_davis1/Box/SoC/ClassReports/SoC/Final_Project/Final_Projectxsa.xsa",
	"platIntHandOff":	"<platformDir>/hw/Final_Projectxsa.xsa",
	"deviceType":	"FPGA",
	"platIsPrebuiltAutogen":	"false",
	"platIsNoBootBsp":	"false",
	"hasFsblMakeHasChanges":	"false",
	"hasPmufwMakeHasChanges":	"false",
	"platPreBuiltFlag":	false,
	"platformSamplesDir":	"",
	"platActiveSys":	"Final_Project",
	"systems":	[{
			"systemName":	"Final_Project",
			"systemDesc":	"Final_Project",
			"sysIsBootAutoGen":	"true",
			"systemDispName":	"Final_Project",
			"sysActiveDom":	"standalone_domain",
			"sysDefaultDom":	"standalone_domain",
			"domains":	[{
					"domainName":	"standalone_domain",
					"domainDispName":	"standalone on microblaze_I",
					"domainDesc":	"standalone_domain",
					"processors":	"microblaze_I",
					"os":	"standalone",
					"sdxOs":	"standalone",
					"debugEnable":	"False",
					"domRuntimes":	["cpp"],
					"swRepo":	"",
					"mssOsVer":	"7.5",
					"mssFile":	"",
					"md5Digest":	"eba555455e071421aede40df93d1ae8e",
					"compatibleApp":	"",
					"domType":	"mssDomain",
					"arch":	"32-bit",
					"appSettings":	{
						"appCompilerFlags":	"",
						"appLinkerFlags":	""
					},
					"addedLibs":	[],
					"libOptions":	{
						"libsContainingOptions":	[]
					},
					"prebuiltLibs":	{
						"prebuiltIncPath":	[],
						"prebuiltLibPath":	[]
					},
					"isolation":	{
					}
				}]
		}]
}
KEYINFO::2021-12-07.21:26:57::SCWPlatform::updated the xpfm file.
TRACE::2021-12-07.21:26:57::SCWPlatform::Trying to open the hw design at C:/Users/david_davis1/Box/SoC/ClassReports/SoC/Final_Project/FPWorkspace/Final_Project/hw/Final_Projectxsa.xsa
TRACE::2021-12-07.21:26:57::SCWPlatform::DSA given C:/Users/david_davis1/Box/SoC/ClassReports/SoC/Final_Project/FPWorkspace/Final_Project/hw/Final_Projectxsa.xsa
TRACE::2021-12-07.21:26:57::SCWPlatform::DSA absoulate path C:/Users/david_davis1/Box/SoC/ClassReports/SoC/Final_Project/FPWorkspace/Final_Project/hw/Final_Projectxsa.xsa
TRACE::2021-12-07.21:26:57::SCWPlatform::DSA directory C:/Users/david_davis1/Box/SoC/ClassReports/SoC/Final_Project/FPWorkspace/Final_Project/hw
TRACE::2021-12-07.21:26:57::SCWPlatform:: Platform Path C:/Users/david_davis1/Box/SoC/ClassReports/SoC/Final_Project/FPWorkspace/Final_Project/hw/Final_Projectxsa.xsa
TRACE::2021-12-07.21:26:57::SCWPlatform:: Unique name xilinx:nexys4_ddr::0.0
TRACE::2021-12-07.21:26:57::SCWPlatform::Trying to set the existing hwdb with name mcs_top_vanilla_1
TRACE::2021-12-07.21:26:57::SCWPlatform::Opened existing hwdb mcs_top_vanilla_1
TRACE::2021-12-07.21:26:57::SCWPlatform::Found the Hw Db part of the input DSA
TRACE::2021-12-07.21:26:57::SCWMssOS::Checking the sw design at  C:/Users/david_davis1/Box/SoC/ClassReports/SoC/Final_Project/FPWorkspace/Final_Project/microblaze_I/standalone_domain/bsp/system.mss
TRACE::2021-12-07.21:26:57::SCWMssOS::DEBUG:  swdes dump  C:/Users/david_davis1/Box/SoC/ClassReports/SoC/Final_Project/FPWorkspace/Final_Project/microblaze_I/standalone_domain/bsp/system.mss|system||

TRACE::2021-12-07.21:26:57::SCWMssOS::Sw design exists and opened at  C:/Users/david_davis1/Box/SoC/ClassReports/SoC/Final_Project/FPWorkspace/Final_Project/microblaze_I/standalone_domain/bsp/system.mss
