#-----------------------------------------------------------
# updatemem v2021.1 (64-bit)
# SW Build 3247384 on Thu Jun 10 19:36:33 MDT 2021
# 
# Start of session at: Fri Nov 19 15:52:40 2021
# Process ID: 7548
# Current directory: C:/Users/david_davis1/Box/SoC/ClassReports/SoC/CR3/CR3
# Command line: updatemem.exe -mode batch -source C:/XilinxVitis/Vitis/2021.1/scripts/updatemem/main.tcl -notrace -tclargs -meminfo C:/Users/david_davis1/workspaceCR3test/testapp/_ide/bitstream/testxsa.mmi -data C:\Users\david_davis1\workspaceCR3test\testapp\Debug\testapp.elf -proc cpu_unit/inst/microblaze_I -bit C:/Users/david_davis1/workspaceCR3test/testapp/_ide/bitstream/testxsa.bit -out C:/Users/david_davis1/workspaceCR3test/testapp/_ide/bitstream/download.bit -force
# Log file: C:/Users/david_davis1/Box/SoC/ClassReports/SoC/CR3/CR3/updatemem.log
# Journal file: C:/Users/david_davis1/Box/SoC/ClassReports/SoC/CR3/CR3\updatemem.jou
#-----------------------------------------------------------
source C:/XilinxVitis/Vitis/2021.1/scripts/updatemem/main.tcl -notrace
Command: update_mem -meminfo C:/Users/david_davis1/workspaceCR3test/testapp/_ide/bitstream/testxsa.mmi -data {C:\Users\david_davis1\workspaceCR3test\testapp\Debug\testapp.elf} -proc cpu_unit/inst/microblaze_I -bit C:/Users/david_davis1/workspaceCR3test/testapp/_ide/bitstream/testxsa.bit -out C:/Users/david_davis1/workspaceCR3test/testapp/_ide/bitstream/download.bit -force
Loading bitfile C:/Users/david_davis1/workspaceCR3test/testapp/_ide/bitstream/testxsa.bit
Loading data files...
Updating memory content...
Creating bitstream...
Bitstream compression saved 22247808 bits.
Writing bitstream C:/Users/david_davis1/workspaceCR3test/testapp/_ide/bitstream/download.bit...
0 Infos, 0 Warnings, 0 Critical Warnings and 0 Errors encountered.
update_mem completed successfully
update_mem: Time (s): cpu = 00:00:10 ; elapsed = 00:00:09 . Memory (MB): peak = 1346.125 ; gain = 826.574
INFO: [Common 17-206] Exiting updatemem at Fri Nov 19 15:52:50 2021...
