#-----------------------------------------------------------
# updatemem v2021.1 (64-bit)
# SW Build 3247384 on Thu Jun 10 19:36:33 MDT 2021
# 
# Start of session at: Thu Nov 18 20:03:37 2021
# Process ID: 11360
# Current directory: C:/Users/david_davis1/Box/SoC/ClassReports/SoC/CR3/CR3
# Command line: updatemem.exe -mode batch -source C:/XilinxVitis/Vitis/2021.1/scripts/updatemem/main.tcl -notrace -tclargs -meminfo C:/Users/david_davis1/workspace3/CR3app/_ide/bitstream/mcs_top_vanilla.mmi -data C:\Users\david_davis1\workspace3\CR3app\Debug\CR3app.elf -proc cpu_unit/inst/microblaze_I -bit C:/Users/david_davis1/workspace3/CR3app/_ide/bitstream/mcs_top_vanilla.bit -out C:/Users/david_davis1/workspace3/CR3app/_ide/bitstream/download.bit -force
# Log file: C:/Users/david_davis1/Box/SoC/ClassReports/SoC/CR3/CR3/updatemem.log
# Journal file: C:/Users/david_davis1/Box/SoC/ClassReports/SoC/CR3/CR3\updatemem.jou
#-----------------------------------------------------------
source C:/XilinxVitis/Vitis/2021.1/scripts/updatemem/main.tcl -notrace
Command: update_mem -meminfo C:/Users/david_davis1/workspace3/CR3app/_ide/bitstream/mcs_top_vanilla.mmi -data {C:\Users\david_davis1\workspace3\CR3app\Debug\CR3app.elf} -proc cpu_unit/inst/microblaze_I -bit C:/Users/david_davis1/workspace3/CR3app/_ide/bitstream/mcs_top_vanilla.bit -out C:/Users/david_davis1/workspace3/CR3app/_ide/bitstream/download.bit -force
Loading bitfile C:/Users/david_davis1/workspace3/CR3app/_ide/bitstream/mcs_top_vanilla.bit
Loading data files...
Updating memory content...
Creating bitstream...
Bitstream compression saved 23134912 bits.
Writing bitstream C:/Users/david_davis1/workspace3/CR3app/_ide/bitstream/download.bit...
0 Infos, 0 Warnings, 0 Critical Warnings and 0 Errors encountered.
update_mem completed successfully
update_mem: Time (s): cpu = 00:00:11 ; elapsed = 00:00:10 . Memory (MB): peak = 1318.203 ; gain = 798.496
INFO: [Common 17-206] Exiting updatemem at Thu Nov 18 20:03:48 2021...
