#-----------------------------------------------------------
# Vivado v2021.1 (64-bit)
# SW Build 3247384 on Thu Jun 10 19:36:33 MDT 2021
# IP Build 3246043 on Fri Jun 11 00:30:35 MDT 2021
# Start of session at: Thu Nov 18 17:39:11 2021
# Process ID: 8328
# Current directory: C:/Users/david_davis1/Box/SoC/ClassReports/SoC/CR3/CR3
# Command line: vivado.exe -gui_launcher_event rodinguilauncherevent3256 C:\Users\david_davis1\Box\SoC\ClassReports\SoC\CR3\CR3\CR3.xpr
# Log file: C:/Users/david_davis1/Box/SoC/ClassReports/SoC/CR3/CR3/vivado.log
# Journal file: C:/Users/david_davis1/Box/SoC/ClassReports/SoC/CR3/CR3\vivado.jou
#-----------------------------------------------------------
start_gui
open_project C:/Users/david_davis1/Box/SoC/ClassReports/SoC/CR3/CR3/CR3.xpr
CRITICAL WARNING: [Project 1-19] Could not find the file 'C:/Users/david_davis1/Box/SoC/ClassReports/SoC/CR3/CR3/CR3.srcs/sources_1/ip/xadc_fpro_1/xadc_fpro.xci'.
CRITICAL WARNING: [Project 1-19] Could not find the file 'C:/Users/david_davis1/Box/SoC/fpga_mcs_sv_src/hdl/mmio/xadc/chu_xadc_core.sv'.
CRITICAL WARNING: [Project 1-19] Could not find the file 'C:/Users/david_davis1/Box/SoC/nexys4_sv_vanilla/nexys4_sv_vanilla.srcs/constrs_1/imports/constraint/Nexys4_DDR_chu.xdc'.
Scanning sources...
Finished scanning sources
INFO: [IP_Flow 19-234] Refreshing IP repositories
INFO: [IP_Flow 19-1704] No user IP repositories specified
INFO: [IP_Flow 19-2313] Loaded Vivado IP repository 'C:/XilinxVitis/Vivado/2021.1/data/ip'.
INFO: [Device 21-403] Loading part xc7a100tcsg324-1
WARNING: [IP_Flow 19-3664] IP 'cpu' generated file not found 'c:/Users/david_davis1/Box/SoC/ClassReports/SoC/CR3/CR3/CR3.gen/sources_1/ip/cpu_3/bd_0/bd_3914.bd'. Please regenerate to continue.
WARNING: [IP_Flow 19-3664] IP 'cpu' generated file not found 'c:/Users/david_davis1/Box/SoC/ClassReports/SoC/CR3/CR3/CR3.gen/sources_1/ip/cpu_3/bd_0/bd_3914.bd'. Please regenerate to continue.
WARNING: [IP_Flow 19-3664] IP 'cpu' generated file not found 'c:/Users/david_davis1/Box/SoC/ClassReports/SoC/CR3/CR3/CR3.gen/sources_1/ip/cpu_3/sim/cpu.v'. Please regenerate to continue.
INFO: [Common 17-41] Interrupt caught. Command should exit soon.
ERROR: [BD 41-69] Error sourcing TCL script: 
    while executing
"namespace eval ::xilinx.com_interface_aximm_1.0 { source -notrace {C:/XilinxVitis/Vivado/2021.1/data/rsb/busdef/AXIMM/busdef.tcl} }"
ERROR: [BD 41-69] Error sourcing TCL script: 
    while executing
"source -notrace {C:/XilinxVitis/Vivado/2021.1/data/rsb/busdef/clock_signal/busdef.tcl} "
    (in namespace eval "::xilinx.com_signal_clock_1.0" script line 1)
    invoked from within
"namespace eval ::xilinx.com_signal_clock_1.0 { source -notrace {C:/XilinxVitis/Vivado/2021.1/data/rsb/busdef/clock_signal/busdef.tcl} }"
ERROR: [BD 41-69] Error sourcing TCL script: 
    while executing
"source -notrace {C:/XilinxVitis/Vivado/2021.1/data/rsb/busdef/gt_outclk/busdef.tcl} "
    (in namespace eval "::xilinx.com_signal_gt_outclk_1.0" script line 1)
    invoked from within
"namespace eval ::xilinx.com_signal_gt_outclk_1.0 { source -notrace {C:/XilinxVitis/Vivado/2021.1/data/rsb/busdef/gt_outclk/busdef.tcl} }"
ERROR: [BD 41-69] Error sourcing TCL script: 
    while executing
"source -notrace {C:/XilinxVitis/Vivado/2021.1/data/rsb/busdef/gt_usrclk/busdef.tcl} "
    (in namespace eval "::xilinx.com_signal_gt_usrclk_1.0" script line 1)
    invoked from within
"namespace eval ::xilinx.com_signal_gt_usrclk_1.0 { source -notrace {C:/XilinxVitis/Vivado/2021.1/data/rsb/busdef/gt_usrclk/busdef.tcl} }"
ERROR: [BD 41-69] Error sourcing TCL script: 
    while executing
"source -notrace {C:/XilinxVitis/Vivado/2021.1/data/rsb/busdef/interrupt_signal/busdef.tcl} "
    (in namespace eval "::xilinx.com_signal_interrupt_1.0" script line 1)
    invoked from within
"namespace eval ::xilinx.com_signal_interrupt_1.0 { source -notrace {C:/XilinxVitis/Vivado/2021.1/data/rsb/busdef/interrupt_signal/busdef.tcl} }"
INFO: [Common 17-344] 'open_project' was cancelled
exit
INFO: [Common 17-206] Exiting Vivado at Thu Nov 18 17:45:55 2021...
