#-----------------------------------------------------------
# Vivado v2021.1 (64-bit)
# SW Build 3247384 on Thu Jun 10 19:36:33 MDT 2021
# IP Build 3246043 on Fri Jun 11 00:30:35 MDT 2021
# Start of session at: Thu Nov 18 17:04:58 2021
# Process ID: 11296
# Current directory: C:/Users/david_davis1/Box/SoC/ClassReports/SoC/CR3/CR3
# Command line: vivado.exe -gui_launcher_event rodinguilauncherevent8372 C:\Users\david_davis1\Box\SoC\ClassReports\SoC\CR3\CR3\CR3.xpr
# Log file: C:/Users/david_davis1/Box/SoC/ClassReports/SoC/CR3/CR3/vivado.log
# Journal file: C:/Users/david_davis1/Box/SoC/ClassReports/SoC/CR3/CR3\vivado.jou
#-----------------------------------------------------------
start_gui
open_project C:/Users/david_davis1/Box/SoC/ClassReports/SoC/CR3/CR3/CR3.xpr
CRITICAL WARNING: [Project 1-19] Could not find the file 'C:/Users/david_davis1/Box/SoC/ClassReports/SoC/CR3/CR3/CR3.srcs/sources_1/ip/xadc_fpro_1/xadc_fpro.xci'.
CRITICAL WARNING: [Project 1-19] Could not find the file 'C:/Users/david_davis1/Box/SoC/ClassReports/SoC/CR3/CR3/CR3.srcs/sources_1/ip/cpu_2/cpu.xci'.
Scanning sources...
Finished scanning sources
INFO: [IP_Flow 19-234] Refreshing IP repositories
INFO: [IP_Flow 19-1704] No user IP repositories specified
INFO: [IP_Flow 19-2313] Loaded Vivado IP repository 'C:/XilinxVitis/Vivado/2021.1/data/ip'.
INFO: [Device 21-403] Loading part xc7a100tcsg324-1
ERROR: [Common 17-53] User Exception: No open project. Please create or open a project before executing this command.
ERROR: [IP_Flow 19-3475] Tcl error in init_params procedure for IP 'cpu'. ERROR: [Common 17-53] User Exception: No open project. Please create or open a project before executing this command.

open_project: Time (s): cpu = 00:00:29 ; elapsed = 00:00:50 . Memory (MB): peak = 1501.637 ; gain = 186.398
ERROR: [Common 17-39] 'open_project' failed due to earlier errors.
update_compile_order -fileset sources_1
reset_run synth_1
launch_runs impl_1 -to_step write_bitstream -jobs 4
INFO: [IP_Flow 19-1686] Generating 'Synthesis' target for IP 'xadc_fpro'...
