#-----------------------------------------------------------
# Vivado v2021.1 (64-bit)
# SW Build 3247384 on Thu Jun 10 19:36:33 MDT 2021
# IP Build 3246043 on Fri Jun 11 00:30:35 MDT 2021
# Start of session at: Thu Nov 18 15:34:00 2021
# Process ID: 24472
# Current directory: C:/Users/david_davis1/Box/SoC/ClassReports/SoC/CR3/CR3
# Command line: vivado.exe -gui_launcher_event rodinguilauncherevent24020 C:\Users\david_davis1\Box\SoC\ClassReports\SoC\CR3\CR3\CR3.xpr
# Log file: C:/Users/david_davis1/Box/SoC/ClassReports/SoC/CR3/CR3/vivado.log
# Journal file: C:/Users/david_davis1/Box/SoC/ClassReports/SoC/CR3/CR3\vivado.jou
#-----------------------------------------------------------
start_gui
open_project C:/Users/david_davis1/Box/SoC/ClassReports/SoC/CR3/CR3/CR3.xpr
CRITICAL WARNING: [Project 1-19] Could not find the file 'C:/Users/david_davis1/Box/SoC/ClassReports/SoC/CR3/CR3/CR3.srcs/sources_1/ip/xadc_fpro_1/xadc_fpro.xci'.
CRITICAL WARNING: [Project 1-19] Could not find the file 'C:/Users/david_davis1/Box/SoC/ClassReports/SoC/CR3/CR3/CR3.srcs/sources_1/ip/cpu_2/cpu.xci'.
CRITICAL WARNING: [Project 1-19] Could not find the file 'C:/Users/david_davis1/Box/SoC/fpga_mcs_sv_src/hdl/mmio/xadc/chu_xadc_core.sv'.
CRITICAL WARNING: [Project 1-19] Could not find the file 'C:/Users/david_davis1/Box/SoC/nexys4_sv_vanilla/nexys4_sv_vanilla.srcs/constrs_1/imports/constraint/Nexys4_DDR_chu.xdc'.
Scanning sources...
Finished scanning sources
INFO: [IP_Flow 19-234] Refreshing IP repositories
INFO: [IP_Flow 19-1704] No user IP repositories specified
INFO: [IP_Flow 19-2313] Loaded Vivado IP repository 'C:/XilinxVitis/Vivado/2021.1/data/ip'.
INFO: [Device 21-403] Loading part xc7a100tcsg324-1
WARNING: [IP_Flow 19-3664] IP 'cpu' generated file not found 'c:/Users/david_davis1/Box/SoC/ClassReports/SoC/CR3/CR3/CR3.gen/sources_1/ip/cpu_2/bd_0/bd_3914.bd'. Please regenerate to continue.
WARNING: [IP_Flow 19-3664] IP 'cpu' generated file not found 'c:/Users/david_davis1/Box/SoC/ClassReports/SoC/CR3/CR3/CR3.gen/sources_1/ip/cpu_2/bd_0/bd_3914.bd'. Please regenerate to continue.
WARNING: [IP_Flow 19-3664] IP 'cpu' generated file not found 'c:/Users/david_davis1/Box/SoC/ClassReports/SoC/CR3/CR3/CR3.gen/sources_1/ip/cpu_2/synth/cpu.v'. Please regenerate to continue.
WARNING: [IP_Flow 19-3664] IP 'cpu' generated file not found 'c:/Users/david_davis1/Box/SoC/ClassReports/SoC/CR3/CR3/CR3.gen/sources_1/ip/cpu_2/sim/cpu.v'. Please regenerate to continue.
WARNING: [IP_Flow 19-3664] IP 'cpu' generated file not found 'c:/Users/david_davis1/Box/SoC/ClassReports/SoC/CR3/CR3/CR3.gen/sources_1/ip/cpu_2/doc/microblaze_mcs_v3_0_changelog.txt'. Please regenerate to continue.
INFO: [Common 17-41] Interrupt caught. Command should exit soon.
open_project: Time (s): cpu = 00:00:21 ; elapsed = 00:03:57 . Memory (MB): peak = 1529.406 ; gain = 200.492
INFO: [Common 17-344] 'open_project' was cancelled
reset_run synth_1
INFO: [Common 17-41] Interrupt caught. Command should exit soon.
reset_runs: Time (s): cpu = 00:00:03 ; elapsed = 00:00:28 . Memory (MB): peak = 1529.406 ; gain = 0.000
INFO: [Common 17-344] 'reset_runs' was cancelled
update_compile_order -fileset sources_1
launch_runs impl_1 -to_step write_bitstream -jobs 6
INFO: [IP_Flow 19-1686] Generating 'Synthesis' target for IP 'xadc_fpro'...
WARNING: [BD 5-699] No address segments matched 'get_bd_addr_segs -of_object /ilmb_cntlr/SLMB/Mem'
WARNING: [BD 5-699] No address segments matched 'get_bd_addr_segs -of_object /dlmb_cntlr/SLMB/Mem'
WARNING: [BD 5-699] No address segments matched 'get_bd_addr_segs -of_object /iomodule_0/SLMB/Reg'
WARNING: [BD 5-699] No address segments matched 'get_bd_addr_segs -of_object /iomodule_0/SLMB/IO'
INFO: [IP_Flow 19-1686] Generating 'Synthesis' target for IP 'cpu'...
INFO: [IP_Flow 19-1706] Not generating 'Implementation' target for IP 'cpu'. Target already exists and is up to date.
Exporting to file c:/Users/david_davis1/Box/SoC/ClassReports/SoC/CR3/CR3/CR3.gen/sources_1/ip/cpu_2/bd_0/hw_handoff/cpu.hwh
Generated Block Design Tcl file c:/Users/david_davis1/Box/SoC/ClassReports/SoC/CR3/CR3/CR3.gen/sources_1/ip/cpu_2/bd_0/hw_handoff/cpu_bd.tcl
Generated Hardware Definition File c:/Users/david_davis1/Box/SoC/ClassReports/SoC/CR3/CR3/CR3.gen/sources_1/ip/cpu_2/bd_0/synth/cpu.hwdef
[Thu Nov 18 15:43:30 2021] Launched synth_1...
Run output will be captured here: C:/Users/david_davis1/Box/SoC/ClassReports/SoC/CR3/CR3/CR3.runs/synth_1/runme.log
[Thu Nov 18 15:43:30 2021] Launched impl_1...
Run output will be captured here: C:/Users/david_davis1/Box/SoC/ClassReports/SoC/CR3/CR3/CR3.runs/impl_1/runme.log
launch_runs: Time (s): cpu = 00:00:07 ; elapsed = 00:00:26 . Memory (MB): peak = 1591.258 ; gain = 49.375
open_run impl_1
Netlist sorting complete. Time (s): cpu = 00:00:00 ; elapsed = 00:00:00.119 . Memory (MB): peak = 1602.340 ; gain = 0.000
INFO: [Netlist 29-17] Analyzing 328 Unisim elements for replacement
INFO: [Netlist 29-28] Unisim Transformation completed in 0 CPU seconds
INFO: [Project 1-479] Netlist was created with Vivado 2021.1
INFO: [Project 1-570] Preparing netlist for logic optimization
INFO: [Timing 38-478] Restoring timing data from binary archive.
INFO: [Timing 38-479] Binary timing data restore complete.
INFO: [Project 1-856] Restoring constraints from binary archive.
INFO: [Project 1-853] Binary constraint restore complete.
Reading XDEF placement.
Reading placer database...
Reading XDEF routing.
Read XDEF File: Time (s): cpu = 00:00:00 ; elapsed = 00:00:00.271 . Memory (MB): peak = 2318.066 ; gain = 0.000
Restored from archive | CPU: 0.000000 secs | Memory: 0.000000 MB |
Finished XDEF File Restore: Time (s): cpu = 00:00:00 ; elapsed = 00:00:00.272 . Memory (MB): peak = 2318.066 ; gain = 0.000
Generating merged BMM file for the design top 'mcs_top_vanilla'...
INFO: [Memdata 28-144] Successfully populated the BRAM INIT strings from the following elf files: c:/Users/david_davis1/Box/SoC/ClassReports/SoC/CR3/CR3/CR3.gen/sources_1/ip/cpu_2/bd_0/ip/ip_0/data/mb_bootloop_le.elf 
Netlist sorting complete. Time (s): cpu = 00:00:00 ; elapsed = 00:00:00.006 . Memory (MB): peak = 2318.066 ; gain = 0.000
INFO: [Project 1-111] Unisim Transformation Summary:
  A total of 167 instances were transformed.
  LUT6_2 => LUT6_2 (LUT5, LUT6): 79 instances
  RAM32X1D => RAM32X1D (RAMD32(x2)): 64 instances
  RAM64M => RAM64M (RAMD64E(x4)): 24 instances

open_run: Time (s): cpu = 00:00:21 ; elapsed = 00:00:15 . Memory (MB): peak = 2456.426 ; gain = 855.605
INFO: [Vivado 12-8231] Launching Vitis
INFO: [Vivado 12-417] Running vitis
INFO: [Vivado 12-8232] Vitis launch initiated. Please check console for any further messages.
ERROR: [Common 17-55] 'get_property' expects at least one object.
Resolution: If [get_<value>] was used to populate the object, check to make sure this command returns at least one valid object.
write_hw_platform -fixed -include_bit -force -file C:/Users/david_davis1/Box/SoC/ClassReports/SoC/CR3/CR3/CR3xsa.xsa
INFO: [Vivado 12-4895] Creating Hardware Platform: C:/Users/david_davis1/Box/SoC/ClassReports/SoC/CR3/CR3/CR3xsa.xsa ...
INFO: [Hsi 55-2053] elapsed time for repository (C:/XilinxVitis/Vivado/2021.1/data/embeddedsw) loading 0 seconds
WARNING: [Project 1-645] Board images not set in Hardware Platform.
INFO: [Vivado 12-12464] The Hardware Platform can be used for Hardware
INFO: [Vivado 12-4896] Successfully created Hardware Platform: C:/Users/david_davis1/Box/SoC/ClassReports/SoC/CR3/CR3/CR3xsa.xsa
INFO: [Vivado 12-8231] Launching Vitis
INFO: [Vivado 12-417] Running vitis
INFO: [Vivado 12-8232] Vitis launch initiated. Please check console for any further messages.
exit
INFO: [Common 17-206] Exiting Vivado at Thu Nov 18 16:03:49 2021...
