#-----------------------------------------------------------
# Vivado v2021.1 (64-bit)
# SW Build 3247384 on Thu Jun 10 19:36:33 MDT 2021
# IP Build 3246043 on Fri Jun 11 00:30:35 MDT 2021
# Start of session at: Wed Dec  1 14:34:00 2021
# Process ID: 1560
# Current directory: C:/Users/david_davis1/Box/SoC/ClassReports/SoC/CR5
# Command line: vivado.exe -gui_launcher_event rodinguilauncherevent18780 C:\Users\david_davis1\Box\SoC\ClassReports\SoC\CR5\CR5.xpr
# Log file: C:/Users/david_davis1/Box/SoC/ClassReports/SoC/CR5/vivado.log
# Journal file: C:/Users/david_davis1/Box/SoC/ClassReports/SoC/CR5\vivado.jou
#-----------------------------------------------------------
start_gui
open_project C:/Users/david_davis1/Box/SoC/ClassReports/SoC/CR5/CR5.xpr
Scanning sources...
Finished scanning sources
INFO: [IP_Flow 19-234] Refreshing IP repositories
INFO: [IP_Flow 19-1704] No user IP repositories specified
INFO: [IP_Flow 19-2313] Loaded Vivado IP repository 'C:/XilinxVitis/Vivado/2021.1/data/ip'.
open_project: Time (s): cpu = 00:00:12 ; elapsed = 00:00:08 . Memory (MB): peak = 1321.094 ; gain = 0.000
update_compile_order -fileset sources_1
update_compile_order -fileset sources_1
export_ip_user_files -of_objects  [get_files C:/Users/david_davis1/Box/SoC/FPro_files/mmio_sys_vanilla.sv] -no_script -reset -force -quiet
remove_files  C:/Users/david_davis1/Box/SoC/FPro_files/mmio_sys_vanilla.sv
update_compile_order -fileset sources_1
update_compile_order -fileset sources_1
add_files -norecurse {C:/Users/david_davis1/Box/SoC/fpga_mcs_sv_src/hdl/sys/top/mcs_top_sampler.sv C:/Users/david_davis1/Box/SoC/fpga_mcs_sv_src/hdl/sys/subsys/mmio_sys_sampler.sv}
update_compile_order -fileset sources_1
update_compile_order -fileset sources_1
add_files -norecurse {C:/Users/david_davis1/Box/SoC/fpga_mcs_sv_src/hdl/mmio/i2c/i2c_master.sv C:/Users/david_davis1/Box/SoC/fpga_mcs_sv_src/hdl/mmio/led_mux/chu_led_mux_core.sv C:/Users/david_davis1/Box/SoC/fpga_mcs_sv_src/hdl/mmio/led_mux/led_mux8.sv C:/Users/david_davis1/Box/SoC/fpga_mcs_sv_src/hdl/mmio/i2c/chu_i2c_core.sv}
update_compile_order -fileset sources_1
launch_runs impl_1 -to_step write_bitstream -jobs 6
[Wed Dec  1 14:42:24 2021] Launched synth_1...
Run output will be captured here: C:/Users/david_davis1/Box/SoC/ClassReports/SoC/CR5/CR5.runs/synth_1/runme.log
[Wed Dec  1 14:42:24 2021] Launched impl_1...
Run output will be captured here: C:/Users/david_davis1/Box/SoC/ClassReports/SoC/CR5/CR5.runs/impl_1/runme.log
open_run impl_1
INFO: [Device 21-403] Loading part xc7a100tcsg324-1
Netlist sorting complete. Time (s): cpu = 00:00:00 ; elapsed = 00:00:00.124 . Memory (MB): peak = 1539.445 ; gain = 0.000
INFO: [Netlist 29-17] Analyzing 285 Unisim elements for replacement
INFO: [Netlist 29-28] Unisim Transformation completed in 0 CPU seconds
INFO: [Project 1-479] Netlist was created with Vivado 2021.1
INFO: [Project 1-570] Preparing netlist for logic optimization
INFO: [Timing 38-478] Restoring timing data from binary archive.
INFO: [Timing 38-479] Binary timing data restore complete.
INFO: [Project 1-856] Restoring constraints from binary archive.
INFO: [Project 1-853] Binary constraint restore complete.
Reading XDEF placement.
Reading placer database...
Reading XDEF routing.
Read XDEF File: Time (s): cpu = 00:00:01 ; elapsed = 00:00:00.261 . Memory (MB): peak = 2265.988 ; gain = 0.000
Restored from archive | CPU: 1.000000 secs | Memory: 0.000000 MB |
Finished XDEF File Restore: Time (s): cpu = 00:00:01 ; elapsed = 00:00:00.261 . Memory (MB): peak = 2265.988 ; gain = 0.000
Generating merged BMM file for the design top 'mcs_top_sampler'...
INFO: [Memdata 28-144] Successfully populated the BRAM INIT strings from the following elf files: c:/Users/david_davis1/Box/SoC/ClassReports/SoC/CR5/CR5.gen/sources_1/ip/cpu/bd_0/ip/ip_0/data/mb_bootloop_le.elf 
Netlist sorting complete. Time (s): cpu = 00:00:00 ; elapsed = 00:00:00.006 . Memory (MB): peak = 2265.988 ; gain = 0.000
INFO: [Project 1-111] Unisim Transformation Summary:
  A total of 168 instances were transformed.
  IOBUF => IOBUF (IBUF, OBUFT): 1 instance 
  LUT6_2 => LUT6_2 (LUT5, LUT6): 79 instances
  RAM32X1D => RAM32X1D (RAMD32(x2)): 64 instances
  RAM64M => RAM64M (RAMD64E(x4)): 24 instances

open_run: Time (s): cpu = 00:00:23 ; elapsed = 00:00:18 . Memory (MB): peak = 2382.535 ; gain = 1061.441
WARNING: [Vivado 12-818] No files matched ''
ERROR: [Common 17-55] 'get_property' expects at least one object.
Resolution: If [get_<value>] was used to populate the object, check to make sure this command returns at least one valid object.
write_hw_platform -fixed -include_bit -force -file C:/Users/david_davis1/Box/SoC/ClassReports/SoC/CR5/CR5xsa.xsa
INFO: [Vivado 12-4895] Creating Hardware Platform: C:/Users/david_davis1/Box/SoC/ClassReports/SoC/CR5/CR5xsa.xsa ...
INFO: [Hsi 55-2053] elapsed time for repository (C:/XilinxVitis/Vivado/2021.1/data/embeddedsw) loading 1 seconds
WARNING: [Project 1-645] Board images not set in Hardware Platform.
INFO: [Vivado 12-12464] The Hardware Platform can be used for Hardware
INFO: [Vivado 12-4896] Successfully created Hardware Platform: C:/Users/david_davis1/Box/SoC/ClassReports/SoC/CR5/CR5xsa.xsa
INFO: [Vivado 12-8231] Launching Vitis
INFO: [Vivado 12-417] Running vitis
INFO: [Vivado 12-8232] Vitis launch initiated. Please check console for any further messages.
exit
INFO: [Common 17-206] Exiting Vivado at Wed Dec  1 15:45:41 2021...
