Vivado Simulator v2021.1
Copyright 1986-1999, 2001-2021 Xilinx, Inc. All Rights Reserved.
Running: C:/XilinxVitis/Vivado/2021.1/bin/unwrapped/win64.o/xelab.exe -wto 5b5ef72e0df648db9b1f6ff3ae932dd5 --incr --debug typical --relax --mt 2 -L xil_defaultlib -L uvm -L unisims_ver -L unimacro_ver -L secureip --snapshot main_behav xil_defaultlib.main xil_defaultlib.glbl -log elaborate.log 
Using 2 slave threads.
Starting static elaboration
Pass Through NonSizing Optimizer
WARNING: [VRFC 10-3823] variable 'an' might have multiple concurrent drivers [C:/Users/david_davis1/Box/SoC/ClassReports/mysseg/mysseg.srcs/sources_1/new/ssegdrv.sv:61]
Completed static elaboration
Starting simulation data flow analysis
WARNING: [XSIM 43-4099] "C:/Users/david_davis1/Downloads/ch05_06_db_fsm.sv" Line 2. Module db_fsm doesn't have a timescale but at least one module in design has a timescale.
WARNING: [XSIM 43-4099] "C:/Users/david_davis1/Downloads/ch05_06_db_fsm.sv" Line 2. Module db_fsm doesn't have a timescale but at least one module in design has a timescale.
WARNING: [XSIM 43-4099] "C:/Users/david_davis1/Downloads/ch05_06_db_fsm.sv" Line 2. Module db_fsm doesn't have a timescale but at least one module in design has a timescale.
WARNING: [XSIM 43-4099] "C:/Users/david_davis1/Downloads/ch05_06_db_fsm.sv" Line 2. Module db_fsm doesn't have a timescale but at least one module in design has a timescale.
WARNING: [XSIM 43-4099] "C:/Users/david_davis1/Downloads/ch05_06_db_fsm.sv" Line 2. Module db_fsm doesn't have a timescale but at least one module in design has a timescale.
WARNING: [XSIM 43-4099] "C:/Users/david_davis1/Downloads/ch05_06_db_fsm.sv" Line 2. Module db_fsm doesn't have a timescale but at least one module in design has a timescale.
WARNING: [XSIM 43-4099] "C:/Users/david_davis1/Downloads/ch05_06_db_fsm.sv" Line 2. Module db_fsm doesn't have a timescale but at least one module in design has a timescale.
WARNING: [XSIM 43-4099] "C:/Users/david_davis1/Downloads/ch05_06_db_fsm.sv" Line 2. Module db_fsm doesn't have a timescale but at least one module in design has a timescale.
WARNING: [XSIM 43-4099] "C:/Users/david_davis1/Downloads/ch05_06_db_fsm.sv" Line 2. Module db_fsm doesn't have a timescale but at least one module in design has a timescale.
WARNING: [XSIM 43-4099] "C:/Users/david_davis1/Downloads/ch05_06_db_fsm.sv" Line 2. Module db_fsm doesn't have a timescale but at least one module in design has a timescale.
WARNING: [XSIM 43-4099] "C:/Users/david_davis1/Downloads/ch05_06_db_fsm.sv" Line 2. Module db_fsm doesn't have a timescale but at least one module in design has a timescale.
WARNING: [XSIM 43-4099] "C:/Users/david_davis1/Downloads/ch05_06_db_fsm.sv" Line 2. Module db_fsm doesn't have a timescale but at least one module in design has a timescale.
WARNING: [XSIM 43-4099] "C:/Users/david_davis1/Downloads/ch05_06_db_fsm.sv" Line 2. Module db_fsm doesn't have a timescale but at least one module in design has a timescale.
WARNING: [XSIM 43-4099] "C:/Users/david_davis1/Downloads/ch05_06_db_fsm.sv" Line 2. Module db_fsm doesn't have a timescale but at least one module in design has a timescale.
WARNING: [XSIM 43-4099] "C:/Users/david_davis1/Downloads/ch05_06_db_fsm.sv" Line 2. Module db_fsm doesn't have a timescale but at least one module in design has a timescale.
WARNING: [XSIM 43-4099] "C:/Users/david_davis1/Downloads/ch05_06_db_fsm.sv" Line 2. Module db_fsm doesn't have a timescale but at least one module in design has a timescale.
WARNING: [XSIM 43-4099] "C:/Users/david_davis1/Downloads/ch05_06_db_fsm.sv" Line 2. Module db_fsm doesn't have a timescale but at least one module in design has a timescale.
WARNING: [XSIM 43-4099] "C:/Users/david_davis1/Downloads/ch05_06_db_fsm.sv" Line 2. Module db_fsm doesn't have a timescale but at least one module in design has a timescale.
WARNING: [XSIM 43-4099] "C:/Users/david_davis1/Downloads/ch05_06_db_fsm.sv" Line 2. Module db_fsm doesn't have a timescale but at least one module in design has a timescale.
WARNING: [XSIM 43-4099] "C:/Users/david_davis1/Downloads/ch05_06_db_fsm.sv" Line 2. Module db_fsm doesn't have a timescale but at least one module in design has a timescale.
WARNING: [XSIM 43-4099] "C:/Users/david_davis1/Downloads/ch05_06_db_fsm.sv" Line 2. Module db_fsm doesn't have a timescale but at least one module in design has a timescale.
WARNING: [XSIM 43-4099] "C:/Users/david_davis1/Downloads/ch05_06_db_fsm.sv" Line 2. Module db_fsm doesn't have a timescale but at least one module in design has a timescale.
WARNING: [XSIM 43-4099] "C:/Users/david_davis1/Downloads/ch05_06_db_fsm.sv" Line 2. Module db_fsm doesn't have a timescale but at least one module in design has a timescale.
WARNING: [XSIM 43-4099] "C:/Users/david_davis1/Downloads/ch05_06_db_fsm.sv" Line 2. Module db_fsm doesn't have a timescale but at least one module in design has a timescale.
WARNING: [XSIM 43-4099] "C:/Users/david_davis1/Downloads/ch05_06_db_fsm.sv" Line 2. Module db_fsm doesn't have a timescale but at least one module in design has a timescale.
WARNING: [XSIM 43-4099] "C:/Users/david_davis1/Downloads/ch05_06_db_fsm.sv" Line 2. Module db_fsm doesn't have a timescale but at least one module in design has a timescale.
WARNING: [XSIM 43-4099] "C:/Users/david_davis1/Downloads/ch05_06_db_fsm.sv" Line 2. Module db_fsm doesn't have a timescale but at least one module in design has a timescale.
WARNING: [XSIM 43-4099] "C:/Users/david_davis1/Downloads/ch05_06_db_fsm.sv" Line 2. Module db_fsm doesn't have a timescale but at least one module in design has a timescale.
WARNING: [XSIM 43-4099] "C:/Users/david_davis1/Downloads/ch05_06_db_fsm.sv" Line 2. Module db_fsm doesn't have a timescale but at least one module in design has a timescale.
WARNING: [XSIM 43-4099] "C:/Users/david_davis1/Downloads/ch05_06_db_fsm.sv" Line 2. Module db_fsm doesn't have a timescale but at least one module in design has a timescale.
WARNING: [XSIM 43-4099] "C:/Users/david_davis1/Downloads/ch05_06_db_fsm.sv" Line 2. Module db_fsm doesn't have a timescale but at least one module in design has a timescale.
WARNING: [XSIM 43-4099] "C:/Users/david_davis1/Downloads/ch05_06_db_fsm.sv" Line 2. Module db_fsm doesn't have a timescale but at least one module in design has a timescale.
WARNING: [XSIM 43-4099] "C:/Users/david_davis1/Downloads/ch05_06_db_fsm.sv" Line 2. Module db_fsm doesn't have a timescale but at least one module in design has a timescale.
WARNING: [XSIM 43-4099] "C:/Users/david_davis1/Downloads/ch05_06_db_fsm.sv" Line 2. Module db_fsm doesn't have a timescale but at least one module in design has a timescale.
Completed simulation data flow analysis
Time Resolution for simulation is 1ps
Compiling module xil_defaultlib.counter
Compiling module xil_defaultlib.ssegdrv
Compiling module xil_defaultlib.db_fsm
Compiling module xil_defaultlib.pass_default
Compiling module xil_defaultlib.main
Compiling module xil_defaultlib.glbl
Built simulation snapshot main_behav
