#-----------------------------------------------------------
# updatemem v2021.1 (64-bit)
# SW Build 3247384 on Thu Jun 10 19:36:33 MDT 2021
# 
# Start of session at: Tue Dec  7 23:57:11 2021
# Process ID: 18680
# Current directory: C:/Users/david_davis1/Box/SoC/ClassReports/SoC/Final_Project
# Command line: updatemem.exe -mode batch -source C:/XilinxVitis/Vitis/2021.1/scripts/updatemem/main.tcl -notrace -tclargs -meminfo C:/Users/david_davis1/Box/SoC/ClassReports/SoC/Final_Project/FPWorkspace/Final_Projectapp/_ide/bitstream/Final_Projectxsa.mmi -data C:\Users\david_davis1\Box\SoC\ClassReports\SoC\Final_Project\FPWorkspace\Final_Projectapp\Debug\Final_Projectapp.elf -proc cpu_unit/inst/microblaze_I -bit C:/Users/david_davis1/Box/SoC/ClassReports/SoC/Final_Project/FPWorkspace/Final_Projectapp/_ide/bitstream/Final_Projectxsa.bit -out C:/Users/david_davis1/Box/SoC/ClassReports/SoC/Final_Project/FPWorkspace/Final_Projectapp/_ide/bitstream/download.bit -force
# Log file: C:/Users/david_davis1/Box/SoC/ClassReports/SoC/Final_Project/updatemem.log
# Journal file: C:/Users/david_davis1/Box/SoC/ClassReports/SoC/Final_Project\updatemem.jou
#-----------------------------------------------------------
source C:/XilinxVitis/Vitis/2021.1/scripts/updatemem/main.tcl -notrace
Command: update_mem -meminfo C:/Users/david_davis1/Box/SoC/ClassReports/SoC/Final_Project/FPWorkspace/Final_Projectapp/_ide/bitstream/Final_Projectxsa.mmi -data {C:\Users\david_davis1\Box\SoC\ClassReports\SoC\Final_Project\FPWorkspace\Final_Projectapp\Debug\Final_Projectapp.elf} -proc cpu_unit/inst/microblaze_I -bit C:/Users/david_davis1/Box/SoC/ClassReports/SoC/Final_Project/FPWorkspace/Final_Projectapp/_ide/bitstream/Final_Projectxsa.bit -out C:/Users/david_davis1/Box/SoC/ClassReports/SoC/Final_Project/FPWorkspace/Final_Projectapp/_ide/bitstream/download.bit -force
Loading bitfile C:/Users/david_davis1/Box/SoC/ClassReports/SoC/Final_Project/FPWorkspace/Final_Projectapp/_ide/bitstream/Final_Projectxsa.bit
Loading data files...
Updating memory content...
Creating bitstream...
Bitstream compression saved 23483488 bits.
Writing bitstream C:/Users/david_davis1/Box/SoC/ClassReports/SoC/Final_Project/FPWorkspace/Final_Projectapp/_ide/bitstream/download.bit...
0 Infos, 0 Warnings, 0 Critical Warnings and 0 Errors encountered.
update_mem completed successfully
update_mem: Time (s): cpu = 00:00:09 ; elapsed = 00:00:09 . Memory (MB): peak = 1344.848 ; gain = 825.684
INFO: [Common 17-206] Exiting updatemem at Tue Dec  7 23:57:19 2021...
