#-----------------------------------------------------------
# Vivado v2021.1 (64-bit)
# SW Build 3247384 on Thu Jun 10 19:36:33 MDT 2021
# IP Build 3246043 on Fri Jun 11 00:30:35 MDT 2021
# Start of session at: Tue Dec  7 21:19:37 2021
# Process ID: 17812
# Current directory: C:/Users/david_davis1/Box/SoC/ClassReports/SoC/Final_Project
# Command line: vivado.exe -gui_launcher_event rodinguilauncherevent5184 C:\Users\david_davis1\Box\SoC\ClassReports\SoC\Final_Project\Final_Project.xpr
# Log file: C:/Users/david_davis1/Box/SoC/ClassReports/SoC/Final_Project/vivado.log
# Journal file: C:/Users/david_davis1/Box/SoC/ClassReports/SoC/Final_Project\vivado.jou
#-----------------------------------------------------------
start_gui
open_project C:/Users/david_davis1/Box/SoC/ClassReports/SoC/Final_Project/Final_Project.xpr
Scanning sources...
Finished scanning sources
INFO: [IP_Flow 19-234] Refreshing IP repositories
INFO: [IP_Flow 19-1704] No user IP repositories specified
INFO: [IP_Flow 19-2313] Loaded Vivado IP repository 'C:/XilinxVitis/Vivado/2021.1/data/ip'.
open_project: Time (s): cpu = 00:00:11 ; elapsed = 00:00:08 . Memory (MB): peak = 1315.188 ; gain = 0.000
update_compile_order -fileset sources_1
INFO: [Vivado 12-8231] Launching Vitis
INFO: [Vivado 12-417] Running vitis
INFO: [Vivado 12-8232] Vitis launch initiated. Please check console for any further messages.
exit
INFO: [Common 17-206] Exiting Vivado at Wed Dec  8 00:29:12 2021...
